[0.000000] (-) TimerEvent: {}
[0.000295] (Tasks) JobQueued: {'identifier': 'Tasks', 'dependencies': OrderedDict()}
[0.000351] (Tasks) JobStarted: {'identifier': 'Tasks'}
[0.006334] (Tasks) JobProgress: {'identifier': 'Tasks', 'progress': 'cmake'}
[0.006741] (Tasks) JobProgress: {'identifier': 'Tasks', 'progress': 'build'}
[0.007242] (Tasks) Command: {'cmd': ['/usr/bin/cmake', '--build', '/home/celian/workspace/src/Tasks/build/Tasks', '--', '-j22', '-l22'], 'cwd': '/home/celian/workspace/src/Tasks/build/Tasks', 'env': OrderedDict([('GJS_DEBUG_TOPICS', 'JS ERROR;JS LOG'), ('LESSOPEN', '| /usr/bin/lesspipe %s'), ('USER', 'celian'), ('LC_TIME', 'ja_JP.UTF-8'), ('ROS_PACKAGE_PATH', '/home/celian/workspace/src/catkin_ws/install/share'), ('XDG_SESSION_TYPE', 'x11'), ('GIT_ASKPASS', '/usr/share/code/resources/app/extensions/git/dist/askpass.sh'), ('SHLVL', '1'), ('LD_LIBRARY_PATH', '/home/celian/workspace/src/catkin_ws/install/lib:/home/celian/ros/ws_mujoco/install/mujoco_ros_utils/lib:/home/celian/workspace/src/catkin_data_ws/install/lib:/home/celian/workspace/install/lib:/opt/ros/humble/opt/rviz_ogre_vendor/lib:/opt/ros/humble/lib/x86_64-linux-gnu:/opt/ros/humble/lib'), ('HOME', '/home/celian'), ('CHROME_DESKTOP', 'code.desktop'), ('CONDA_SHLVL', '0'), ('TERM_PROGRAM_VERSION', '1.102.3'), ('DESKTOP_SESSION', 'ubuntu'), ('GIO_LAUNCHED_DESKTOP_FILE', '/usr/share/applications/code.desktop'), ('ROS_PYTHON_VERSION', '3'), ('GNOME_SHELL_SESSION_MODE', 'ubuntu'), ('GTK_MODULES', 'gail:atk-bridge'), ('VSCODE_GIT_ASKPASS_MAIN', '/usr/share/code/resources/app/extensions/git/dist/askpass-main.js'), ('LC_MONETARY', 'ja_JP.UTF-8'), ('VSCODE_GIT_ASKPASS_NODE', '/usr/share/code/code'), ('MANAGERPID', '2019'), ('PYDEVD_DISABLE_FILE_VALIDATION', '1'), ('SYSTEMD_EXEC_PID', '2497'), ('BUNDLED_DEBUGPY_PATH', '/home/celian/.vscode/extensions/ms-python.debugpy-2025.10.0-linux-x64/bundled/libs/debugpy'), ('DBUS_SESSION_BUS_ADDRESS', 'unix:path=/run/user/1000/bus'), ('COLORTERM', 'truecolor'), ('RTM_IDL_DIR2', '/usr/share/openrtm-2.0/idl'), ('GIO_LAUNCHED_DESKTOP_FILE_PID', '7001'), ('COLCON_PREFIX_PATH', '/home/celian/ros/ws_mujoco/install:/home/celian/workspace/src/catkin_ws/install:/home/celian/workspace/src/catkin_data_ws/install'), ('ROS_DISTRO', 'humble'), ('GTK_IM_MODULE', 'ibus'), ('LOGNAME', 'celian'), ('JOURNAL_STREAM', '8:17799'), ('_', '/usr/bin/colcon'), ('ROS_VERSION', '2'), ('PKG_CONFIG_PATH', '/home/celian/workspace/src/catkin_ws/install/lib/x86_64-linux-gnu/pkgconfig:/home/celian/workspace/src/catkin_ws/install/lib/pkgconfig:/home/celian/ros/ws_mujoco/install/mujoco_ros_utils/lib/pkgconfig:/home/celian/workspace/install/lib/pkgconfig:'), ('XDG_SESSION_CLASS', 'user'), ('MUJOCO_HOME', '/home/celian/.mujoco/mujoco301'), ('USERNAME', 'celian'), ('TERM', 'xterm-256color'), ('GNOME_DESKTOP_SESSION_ID', 'this-is-deprecated'), ('RTM_JAVA_ROOT', '/usr/lib/x86_64-linux-gnu/openrtm-2.0'), ('ROS_LOCALHOST_ONLY', '0'), ('WINDOWPATH', '2'), ('PATH', '/home/celian/anaconda3/condabin:/home/celian/hrp5p-iob-merge-HRP4CR-without-DoubleHand-into-master-with-clang-format-again/install/ecat_iob/bin:/home/celian/workspace/src/catkin_ws/install/bin:/home/celian/workspace/install/bin:/opt/ros/humble/bin:/usr/local/sbin:/usr/local/bin:/usr/sbin:/usr/bin:/sbin:/bin:/usr/games:/usr/local/games:/snap/bin:/snap/bin:/home/celian/.config/Code/User/globalStorage/github.copilot-chat/debugCommand:/home/celian/.vscode/extensions/ms-python.debugpy-2025.10.0-linux-x64/bundled/scripts/noConfigScripts'), ('SESSION_MANAGER', 'local/celian-Alienware-m16-R2:@/tmp/.ICE-unix/2467,unix/celian-Alienware-m16-R2:/tmp/.ICE-unix/2467'), ('INVOCATION_ID', '8c3875a745844c42af5652146c905899'), ('XDG_MENU_PREFIX', 'gnome-'), ('LC_ADDRESS', 'ja_JP.UTF-8'), ('XDG_RUNTIME_DIR', '/run/user/1000'), ('GDK_BACKEND', 'x11'), ('DISPLAY', ':1'), ('VSCODE_DEBUGPY_ADAPTER_ENDPOINTS', '/home/celian/.vscode/extensions/ms-python.debugpy-2025.10.0-linux-x64/.noConfigDebugAdapterEndpoints/endpoint-661abbb6584f1c97.txt'), ('LANG', 'en_US.UTF-8'), ('XDG_CURRENT_DESKTOP', 'Unity'), ('ROS_PARALLEL_JOBS', '-j22 -l22'), ('LC_TELEPHONE', 'ja_JP.UTF-8'), ('XMODIFIERS', '@im=ibus'), ('XDG_SESSION_DESKTOP', 'ubuntu'), ('XAUTHORITY', '/run/user/1000/gdm/Xauthority'), ('LS_COLORS', 'rs=0:di=01;34:ln=01;36:mh=00:pi=40;33:so=01;35:do=01;35:bd=40;33;01:cd=40;33;01:or=40;31;01:mi=00:su=37;41:sg=30;43:ca=30;41:tw=30;42:ow=34;42:st=37;44:ex=01;32:*.tar=01;31:*.tgz=01;31:*.arc=01;31:*.arj=01;31:*.taz=01;31:*.lha=01;31:*.lz4=01;31:*.lzh=01;31:*.lzma=01;31:*.tlz=01;31:*.txz=01;31:*.tzo=01;31:*.t7z=01;31:*.zip=01;31:*.z=01;31:*.dz=01;31:*.gz=01;31:*.lrz=01;31:*.lz=01;31:*.lzo=01;31:*.xz=01;31:*.zst=01;31:*.tzst=01;31:*.bz2=01;31:*.bz=01;31:*.tbz=01;31:*.tbz2=01;31:*.tz=01;31:*.deb=01;31:*.rpm=01;31:*.jar=01;31:*.war=01;31:*.ear=01;31:*.sar=01;31:*.rar=01;31:*.alz=01;31:*.ace=01;31:*.zoo=01;31:*.cpio=01;31:*.7z=01;31:*.rz=01;31:*.cab=01;31:*.wim=01;31:*.swm=01;31:*.dwm=01;31:*.esd=01;31:*.jpg=01;35:*.jpeg=01;35:*.mjpg=01;35:*.mjpeg=01;35:*.gif=01;35:*.bmp=01;35:*.pbm=01;35:*.pgm=01;35:*.ppm=01;35:*.tga=01;35:*.xbm=01;35:*.xpm=01;35:*.tif=01;35:*.tiff=01;35:*.png=01;35:*.svg=01;35:*.svgz=01;35:*.mng=01;35:*.pcx=01;35:*.mov=01;35:*.mpg=01;35:*.mpeg=01;35:*.m2v=01;35:*.mkv=01;35:*.webm=01;35:*.webp=01;35:*.ogm=01;35:*.mp4=01;35:*.m4v=01;35:*.mp4v=01;35:*.vob=01;35:*.qt=01;35:*.nuv=01;35:*.wmv=01;35:*.asf=01;35:*.rm=01;35:*.rmvb=01;35:*.flc=01;35:*.avi=01;35:*.fli=01;35:*.flv=01;35:*.gl=01;35:*.dl=01;35:*.xcf=01;35:*.xwd=01;35:*.yuv=01;35:*.cgm=01;35:*.emf=01;35:*.ogv=01;35:*.ogx=01;35:*.aac=00;36:*.au=00;36:*.flac=00;36:*.m4a=00;36:*.mid=00;36:*.midi=00;36:*.mka=00;36:*.mp3=00;36:*.mpc=00;36:*.ogg=00;36:*.ra=00;36:*.wav=00;36:*.oga=00;36:*.opus=00;36:*.spx=00;36:*.xspf=00;36:'), ('VSCODE_GIT_IPC_HANDLE', '/run/user/1000/vscode-git-cc71e91d60.sock'), ('TERM_PROGRAM', 'vscode'), ('SSH_AGENT_LAUNCHER', 'gnome-keyring'), ('SSH_AUTH_SOCK', '/run/user/1000/keyring/ssh'), ('ROS_DOMAIN_ID', '42'), ('AMENT_PREFIX_PATH', '/home/celian/workspace/src/catkin_ws/install:/home/celian/ros/ws_mujoco/install/mujoco_ros_utils:/home/celian/workspace/src/catkin_data_ws/install:/opt/ros/humble'), ('CONDA_PYTHON_EXE', '/home/celian/anaconda3/bin/python'), ('ORIGINAL_XDG_CURRENT_DESKTOP', 'ubuntu:GNOME'), ('SHELL', '/bin/bash'), ('LC_NAME', 'ja_JP.UTF-8'), ('QT_ACCESSIBILITY', '1'), ('GDMSESSION', 'ubuntu'), ('LESSCLOSE', '/usr/bin/lesspipe %s %s'), ('LC_MEASUREMENT', 'ja_JP.UTF-8'), ('GPG_AGENT_INFO', '/run/user/1000/gnupg/S.gpg-agent:0:1'), ('GJS_DEBUG_OUTPUT', 'stderr'), ('LC_IDENTIFICATION', 'ja_JP.UTF-8'), ('VSCODE_GIT_ASKPASS_EXTRA_ARGS', ''), ('QT_IM_MODULE', 'ibus'), ('PWD', '/home/celian/workspace/build/Tasks/Tasks'), ('LC_ALL', 'en_US.UTF-8'), ('XDG_CONFIG_DIRS', '/etc/xdg/xdg-ubuntu:/etc/xdg'), ('CONDA_EXE', '/home/celian/anaconda3/bin/conda'), ('XDG_DATA_DIRS', '/usr/share/ubuntu:/usr/share/gnome:/usr/local/share/:/usr/share/:/var/lib/snapd/desktop'), ('PYTHONPATH', '/home/celian/ros/ws_mujoco/install/mujoco_ros_utils/local/lib/python3.10/dist-packages:/home/celian/workspace/src/catkin_data_ws/install/local/lib/python3.10/dist-packages:/home/celian/workspace/install/lib/python3.10/site-packages:/opt/ros/humble/lib/python3.10/site-packages:/opt/ros/humble/local/lib/python3.10/dist-packages'), ('LC_NUMERIC', 'ja_JP.UTF-8'), ('LC_PAPER', 'ja_JP.UTF-8'), ('COLCON', '1'), ('CMAKE_PREFIX_PATH', '/home/celian/workspace/src/catkin_ws/install:/home/celian/ros/ws_mujoco/install/mujoco_ros_utils:/home/celian/workspace/src/catkin_data_ws/install')]), 'shell': False}
[0.014597] (Tasks) StdoutLine: {'line': b'/usr/bin/cmake -S/home/celian/workspace/src/Tasks -B/home/celian/workspace/build/Tasks/Tasks --check-build-system CMakeFiles/Makefile.cmake 0\n'}
[0.017902] (Tasks) StdoutLine: {'line': b'/usr/bin/cmake -E cmake_progress_start /home/celian/workspace/build/Tasks/Tasks/CMakeFiles /home/celian/workspace/build/Tasks/Tasks//CMakeFiles/progress.marks\n'}
[0.021136] (Tasks) StdoutLine: {'line': b'/usr/bin/gmake  -f CMakeFiles/Makefile2 all\n'}
[0.023067] (Tasks) StdoutLine: {'line': b"gmake[1]: Entering directory '/home/celian/workspace/build/Tasks/Tasks'\n"}
[0.023158] (Tasks) StdoutLine: {'line': b'/usr/bin/gmake  -f src/CMakeFiles/Tasks.dir/build.make src/CMakeFiles/Tasks.dir/depend\n'}
[0.027618] (Tasks) StdoutLine: {'line': b"gmake[2]: Entering directory '/home/celian/workspace/build/Tasks/Tasks'\n"}
[0.027720] (Tasks) StdoutLine: {'line': b'cd /home/celian/workspace/build/Tasks/Tasks && /usr/bin/cmake -E cmake_depends "Unix Makefiles" /home/celian/workspace/src/Tasks /home/celian/workspace/src/Tasks/src /home/celian/workspace/build/Tasks/Tasks /home/celian/workspace/build/Tasks/Tasks/src /home/celian/workspace/build/Tasks/Tasks/src/CMakeFiles/Tasks.dir/DependInfo.cmake "--color="\n'}
[0.040104] (Tasks) StdoutLine: {'line': b"gmake[2]: Leaving directory '/home/celian/workspace/build/Tasks/Tasks'\n"}
[0.040284] (Tasks) StdoutLine: {'line': b'/usr/bin/gmake  -f src/CMakeFiles/Tasks.dir/build.make src/CMakeFiles/Tasks.dir/build\n'}
[0.046009] (Tasks) StdoutLine: {'line': b"gmake[2]: Entering directory '/home/celian/workspace/build/Tasks/Tasks'\n"}
[0.049288] (Tasks) StdoutLine: {'line': b'[  3%] \x1b[32mBuilding CXX object src/CMakeFiles/Tasks.dir/QPCoincidenceConstr.cpp.o\x1b[0m\n'}
[0.049683] (Tasks) StdoutLine: {'line': b'cd /home/celian/workspace/build/Tasks/Tasks/src && /usr/bin/c++ -DBOOST_ALL_NO_LIB -DBOOST_CHRONO_DYN_LINK -DBOOST_SERIALIZATION_DYN_LINK -DBOOST_TIMER_DYN_LINK -DTasks_EXPORTS -I/home/celian/workspace/build/Tasks/Tasks -I/home/celian/workspace/build/Tasks/Tasks/include -I/home/celian/workspace/src/Tasks/include -I/home/celian/workspace/src/Tasks/src -I/home/celian/workspace/build/Tasks/Tasks/src/../include -isystem /home/celian/workspace/install/include -isystem /usr/include/eigen3 -pedantic -Wno-long-long -Wall -Wextra -Wcast-align -Wcast-qual -Wformat -Wwrite-strings -Wconversion  -Wall -Wextra -pedantic -std=gnu++17 -fPIC   -mfpmath=sse -msse2 -Dtasks_EXPORTS -MD -MT src/CMakeFiles/Tasks.dir/QPCoincidenceConstr.cpp.o -MF CMakeFiles/Tasks.dir/QPCoincidenceConstr.cpp.o.d -o CMakeFiles/Tasks.dir/QPCoincidenceConstr.cpp.o -c /home/celian/workspace/src/Tasks/src/QPCoincidenceConstr.cpp\n'}
[0.099241] (-) TimerEvent: {}
[0.199573] (-) TimerEvent: {}
[0.299921] (-) TimerEvent: {}
[0.400244] (-) TimerEvent: {}
[0.500536] (-) TimerEvent: {}
[0.600823] (-) TimerEvent: {}
[0.701210] (-) TimerEvent: {}
[0.801709] (-) TimerEvent: {}
[0.902021] (-) TimerEvent: {}
[1.002348] (-) TimerEvent: {}
[1.047110] (Tasks) StderrLine: {'line': b'\x1b[01m\x1b[K/home/celian/workspace/src/Tasks/src/QPCoincidenceConstr.cpp:\x1b[m\x1b[K In member function \xe2\x80\x98\x1b[01m\x1b[Kvirtual std::string tasks::qp::FixedCoincidenceConstr::descEq(const std::vector<rbd::MultiBody>&, int)\x1b[m\x1b[K\xe2\x80\x99:\n'}
[1.047363] (Tasks) StderrLine: {'line': b'\x1b[01m\x1b[K/home/celian/workspace/src/Tasks/src/QPCoincidenceConstr.cpp:72:80:\x1b[m\x1b[K \x1b[01;35m\x1b[Kwarning: \x1b[m\x1b[Kunused parameter \xe2\x80\x98\x1b[01m\x1b[Kmbs\x1b[m\x1b[K\xe2\x80\x99 [\x1b[01;35m\x1b[K\x1b]8;;https://gcc.gnu.org/onlinedocs/gcc/Warning-Options.html#index-Wunused-parameter\x07-Wunused-parameter\x1b]8;;\x07\x1b[m\x1b[K]\n'}
[1.047457] (Tasks) StderrLine: {'line': b'   72 | std::string FixedCoincidenceConstr::descEq(\x1b[01;35m\x1b[Kconst std::vector<rbd::MultiBody> & mbs\x1b[m\x1b[K, int i)\n'}
[1.047554] (Tasks) StderrLine: {'line': b'      |                                            \x1b[01;35m\x1b[K~~~~~~~~~~~~~~~~~~~~~~~~~~~~~~~~~~~~^~~\x1b[m\x1b[K\n'}
[1.047638] (Tasks) StderrLine: {'line': b'\x1b[01m\x1b[K/home/celian/workspace/src/Tasks/src/QPCoincidenceConstr.cpp:72:89:\x1b[m\x1b[K \x1b[01;35m\x1b[Kwarning: \x1b[m\x1b[Kunused parameter \xe2\x80\x98\x1b[01m\x1b[Ki\x1b[m\x1b[K\xe2\x80\x99 [\x1b[01;35m\x1b[K\x1b]8;;https://gcc.gnu.org/onlinedocs/gcc/Warning-Options.html#index-Wunused-parameter\x07-Wunused-parameter\x1b]8;;\x07\x1b[m\x1b[K]\n'}
[1.047730] (Tasks) StderrLine: {'line': b'   72 | std::string FixedCoincidenceConstr::descEq(const std::vector<rbd::MultiBody> & mbs, \x1b[01;35m\x1b[Kint i\x1b[m\x1b[K)\n'}
[1.047815] (Tasks) StderrLine: {'line': b'      |                                                                                     \x1b[01;35m\x1b[K~~~~^\x1b[m\x1b[K\n'}
[1.102465] (-) TimerEvent: {}
[1.110452] (Tasks) StderrLine: {'line': b'\x1b[01m\x1b[K/home/celian/workspace/src/Tasks/src/QPCoincidenceConstr.cpp:\x1b[m\x1b[K In member function \xe2\x80\x98\x1b[01m\x1b[Kvirtual std::string tasks::qp::RotationalCoincidenceConstr::descEq(const std::vector<rbd::MultiBody>&, int)\x1b[m\x1b[K\xe2\x80\x99:\n'}
[1.110658] (Tasks) StderrLine: {'line': b'\x1b[01m\x1b[K/home/celian/workspace/src/Tasks/src/QPCoincidenceConstr.cpp:149:85:\x1b[m\x1b[K \x1b[01;35m\x1b[Kwarning: \x1b[m\x1b[Kunused parameter \xe2\x80\x98\x1b[01m\x1b[Kmbs\x1b[m\x1b[K\xe2\x80\x99 [\x1b[01;35m\x1b[K\x1b]8;;https://gcc.gnu.org/onlinedocs/gcc/Warning-Options.html#index-Wunused-parameter\x07-Wunused-parameter\x1b]8;;\x07\x1b[m\x1b[K]\n'}
[1.110746] (Tasks) StderrLine: {'line': b'  149 | std::string RotationalCoincidenceConstr::descEq(\x1b[01;35m\x1b[Kconst std::vector<rbd::MultiBody> & mbs\x1b[m\x1b[K, int i)\n'}
[1.110809] (Tasks) StderrLine: {'line': b'      |                                                 \x1b[01;35m\x1b[K~~~~~~~~~~~~~~~~~~~~~~~~~~~~~~~~~~~~^~~\x1b[m\x1b[K\n'}
[1.110871] (Tasks) StderrLine: {'line': b'\x1b[01m\x1b[K/home/celian/workspace/src/Tasks/src/QPCoincidenceConstr.cpp:149:94:\x1b[m\x1b[K \x1b[01;35m\x1b[Kwarning: \x1b[m\x1b[Kunused parameter \xe2\x80\x98\x1b[01m\x1b[Ki\x1b[m\x1b[K\xe2\x80\x99 [\x1b[01;35m\x1b[K\x1b]8;;https://gcc.gnu.org/onlinedocs/gcc/Warning-Options.html#index-Wunused-parameter\x07-Wunused-parameter\x1b]8;;\x07\x1b[m\x1b[K]\n'}
[1.110931] (Tasks) StderrLine: {'line': b'  149 | std::string RotationalCoincidenceConstr::descEq(const std::vector<rbd::MultiBody> & mbs, \x1b[01;35m\x1b[Kint i\x1b[m\x1b[K)\n'}
[1.110988] (Tasks) StderrLine: {'line': b'      |                                                                                          \x1b[01;35m\x1b[K~~~~^\x1b[m\x1b[K\n'}
[1.202567] (-) TimerEvent: {}
[1.302902] (-) TimerEvent: {}
[1.403201] (-) TimerEvent: {}
[1.503559] (-) TimerEvent: {}
[1.603892] (-) TimerEvent: {}
[1.704228] (-) TimerEvent: {}
[1.804531] (-) TimerEvent: {}
[1.904854] (-) TimerEvent: {}
[2.005175] (-) TimerEvent: {}
[2.105509] (-) TimerEvent: {}
[2.205905] (-) TimerEvent: {}
[2.306291] (-) TimerEvent: {}
[2.406569] (-) TimerEvent: {}
[2.506878] (-) TimerEvent: {}
[2.607217] (-) TimerEvent: {}
[2.707556] (-) TimerEvent: {}
[2.807882] (-) TimerEvent: {}
[2.908230] (-) TimerEvent: {}
[3.008561] (-) TimerEvent: {}
[3.108890] (-) TimerEvent: {}
[3.209238] (-) TimerEvent: {}
[3.309564] (-) TimerEvent: {}
[3.409868] (-) TimerEvent: {}
[3.510170] (-) TimerEvent: {}
[3.610479] (-) TimerEvent: {}
[3.710853] (-) TimerEvent: {}
[3.811388] (-) TimerEvent: {}
[3.911719] (-) TimerEvent: {}
[4.012038] (-) TimerEvent: {}
[4.112343] (-) TimerEvent: {}
[4.212738] (-) TimerEvent: {}
[4.313078] (-) TimerEvent: {}
[4.413442] (-) TimerEvent: {}
[4.513863] (-) TimerEvent: {}
[4.614185] (-) TimerEvent: {}
[4.714494] (-) TimerEvent: {}
[4.790609] (Tasks) StdoutLine: {'line': b'[  7%] \x1b[32m\x1b[1mLinking CXX shared library libTasks.so\x1b[0m\n'}
[4.790895] (Tasks) StdoutLine: {'line': b'cd /home/celian/workspace/build/Tasks/Tasks/src && /usr/bin/cmake -E cmake_link_script CMakeFiles/Tasks.dir/link.txt --verbose=1\n'}
[4.794721] (Tasks) StdoutLine: {'line': b'/usr/bin/c++ -fPIC  -pedantic -Wno-long-long -Wall -Wextra -Wcast-align -Wcast-qual -Wformat -Wwrite-strings -Wconversion  -Wall -Wextra -pedantic -shared -Wl,-soname,libTasks.so.1 -o libTasks.so.1.8.1 CMakeFiles/Tasks.dir/Tasks.cpp.o CMakeFiles/Tasks.dir/QPSolver.cpp.o CMakeFiles/Tasks.dir/QPTasks.cpp.o CMakeFiles/Tasks.dir/QPConstr.cpp.o CMakeFiles/Tasks.dir/QPContacts.cpp.o CMakeFiles/Tasks.dir/QPSolverData.cpp.o CMakeFiles/Tasks.dir/QPMotionConstr.cpp.o CMakeFiles/Tasks.dir/GenQPSolver.cpp.o CMakeFiles/Tasks.dir/QPContactConstr.cpp.o CMakeFiles/Tasks.dir/QLDQPSolver.cpp.o CMakeFiles/Tasks.dir/QPCoincidenceConstr.cpp.o  -Wl,-rpath,/home/celian/workspace/install/lib: /home/celian/workspace/install/lib/libRBDyn.so.1.9.1 /home/celian/workspace/install/lib/libsch-core.so.1.4.2 /home/celian/workspace/install/lib/libeigen-qld.so.1.2.5 /usr/lib/x86_64-linux-gnu/libboost_timer.so.1.74.0 /usr/lib/x86_64-linux-gnu/libboost_serialization.so.1.74.0 /usr/lib/x86_64-linux-gnu/libboost_chrono.so.1.74.0\n'}
[4.814555] (-) TimerEvent: {}
[4.914811] (-) TimerEvent: {}
[5.015177] (-) TimerEvent: {}
[5.115590] (-) TimerEvent: {}
[5.215961] (-) TimerEvent: {}
[5.316330] (-) TimerEvent: {}
[5.416586] (-) TimerEvent: {}
[5.516938] (-) TimerEvent: {}
[5.617202] (-) TimerEvent: {}
[5.717531] (-) TimerEvent: {}
[5.727532] (Tasks) StdoutLine: {'line': b'cd /home/celian/workspace/build/Tasks/Tasks/src && /usr/bin/cmake -E cmake_symlink_library libTasks.so.1.8.1 libTasks.so.1 libTasks.so\n'}
[5.735370] (Tasks) StdoutLine: {'line': b"gmake[2]: Leaving directory '/home/celian/workspace/build/Tasks/Tasks'\n"}
[5.739649] (Tasks) StdoutLine: {'line': b'[ 46%] Built target Tasks\n'}
[5.740162] (Tasks) StdoutLine: {'line': b'/usr/bin/gmake  -f tests/CMakeFiles/QPSolverTest.dir/build.make tests/CMakeFiles/QPSolverTest.dir/depend\n'}
[5.740385] (Tasks) StdoutLine: {'line': b'/usr/bin/gmake  -f tests/CMakeFiles/QPMultiRobotTest.dir/build.make tests/CMakeFiles/QPMultiRobotTest.dir/depend\n'}
[5.740800] (Tasks) StdoutLine: {'line': b'/usr/bin/gmake  -f tests/CMakeFiles/TasksTest.dir/build.make tests/CMakeFiles/TasksTest.dir/depend\n'}
[5.741105] (Tasks) StdoutLine: {'line': b'/usr/bin/gmake  -f tests/CMakeFiles/AllocationTest.dir/build.make tests/CMakeFiles/AllocationTest.dir/depend\n'}
[5.741328] (Tasks) StdoutLine: {'line': b'/usr/bin/gmake  -f binding/python/CMakeFiles/tasks_Python.dir/build.make binding/python/CMakeFiles/tasks_Python.dir/depend\n'}
[5.741465] (Tasks) StdoutLine: {'line': b'/usr/bin/gmake  -f binding/python/CMakeFiles/tasks_qp_Python.dir/build.make binding/python/CMakeFiles/tasks_qp_Python.dir/depend\n'}
[5.743064] (Tasks) StdoutLine: {'line': b"gmake[2]: Entering directory '/home/celian/workspace/build/Tasks/Tasks'\n"}
[5.743441] (Tasks) StdoutLine: {'line': b"gmake[2]: Entering directory '/home/celian/workspace/build/Tasks/Tasks'\n"}
[5.743558] (Tasks) StdoutLine: {'line': b'cd /home/celian/workspace/build/Tasks/Tasks && /usr/bin/cmake -E cmake_depends "Unix Makefiles" /home/celian/workspace/src/Tasks /home/celian/workspace/src/Tasks/tests /home/celian/workspace/build/Tasks/Tasks /home/celian/workspace/build/Tasks/Tasks/tests /home/celian/workspace/build/Tasks/Tasks/tests/CMakeFiles/AllocationTest.dir/DependInfo.cmake "--color="\n'}
[5.743632] (Tasks) StdoutLine: {'line': b"gmake[2]: Entering directory '/home/celian/workspace/build/Tasks/Tasks'\n"}
[5.743715] (Tasks) StdoutLine: {'line': b'cd /home/celian/workspace/build/Tasks/Tasks && /usr/bin/cmake -E cmake_depends "Unix Makefiles" /home/celian/workspace/src/Tasks /home/celian/workspace/src/Tasks/tests /home/celian/workspace/build/Tasks/Tasks /home/celian/workspace/build/Tasks/Tasks/tests /home/celian/workspace/build/Tasks/Tasks/tests/CMakeFiles/QPSolverTest.dir/DependInfo.cmake "--color="\n'}
[5.744515] (Tasks) StdoutLine: {'line': b"gmake[2]: Entering directory '/home/celian/workspace/build/Tasks/Tasks'\n"}
[5.744666] (Tasks) StdoutLine: {'line': b"gmake[2]: Entering directory '/home/celian/workspace/build/Tasks/Tasks'\n"}
[5.744736] (Tasks) StdoutLine: {'line': b'cd /home/celian/workspace/build/Tasks/Tasks && /usr/bin/cmake -E cmake_depends "Unix Makefiles" /home/celian/workspace/src/Tasks /home/celian/workspace/src/Tasks/tests /home/celian/workspace/build/Tasks/Tasks /home/celian/workspace/build/Tasks/Tasks/tests /home/celian/workspace/build/Tasks/Tasks/tests/CMakeFiles/TasksTest.dir/DependInfo.cmake "--color="\n'}
[5.744802] (Tasks) StdoutLine: {'line': b"gmake[2]: Entering directory '/home/celian/workspace/build/Tasks/Tasks'\n"}
[5.744868] (Tasks) StdoutLine: {'line': b'cd /home/celian/workspace/build/Tasks/Tasks && /usr/bin/cmake -E cmake_depends "Unix Makefiles" /home/celian/workspace/src/Tasks /home/celian/workspace/src/Tasks/tests /home/celian/workspace/build/Tasks/Tasks /home/celian/workspace/build/Tasks/Tasks/tests /home/celian/workspace/build/Tasks/Tasks/tests/CMakeFiles/QPMultiRobotTest.dir/DependInfo.cmake "--color="\n'}
[5.746290] (Tasks) StdoutLine: {'line': b"gmake[2]: Leaving directory '/home/celian/workspace/build/Tasks/Tasks'\n"}
[5.746426] (Tasks) StdoutLine: {'line': b'[ 50%] \x1b[34m\x1b[1mGenerating Python/tasks/tasks.cpp\x1b[0m\n'}
[5.746498] (Tasks) StdoutLine: {'line': b'/usr/bin/gmake  -f tests/CMakeFiles/QPSolverTest.dir/build.make tests/CMakeFiles/QPSolverTest.dir/build\n'}
[5.746599] (Tasks) StdoutLine: {'line': b'cd /home/celian/workspace/build/Tasks/Tasks/binding/python && /usr/bin/python -m cython --cplus -o /home/celian/workspace/build/Tasks/Tasks/binding/python/Python/tasks/tasks.cpp -I/home/celian/workspace/build/Tasks/Tasks -I/home/celian/workspace/build/Tasks/Tasks/include -I/home/celian/workspace/src/Tasks/include -I/home/celian/workspace/src/Tasks/binding/python/include /home/celian/workspace/src/Tasks/binding/python/tasks/tasks.pyx\n'}
[5.747194] (Tasks) StdoutLine: {'line': b"gmake[2]: Leaving directory '/home/celian/workspace/build/Tasks/Tasks'\n"}
[5.747269] (Tasks) StdoutLine: {'line': b"gmake[2]: Leaving directory '/home/celian/workspace/build/Tasks/Tasks'\n"}
[5.747343] (Tasks) StdoutLine: {'line': b'/usr/bin/gmake  -f tests/CMakeFiles/QPMultiRobotTest.dir/build.make tests/CMakeFiles/QPMultiRobotTest.dir/build\n'}
[5.747414] (Tasks) StdoutLine: {'line': b'/usr/bin/gmake  -f tests/CMakeFiles/TasksTest.dir/build.make tests/CMakeFiles/TasksTest.dir/build\n'}
[5.747645] (Tasks) StdoutLine: {'line': b"gmake[2]: Leaving directory '/home/celian/workspace/build/Tasks/Tasks'\n"}
[5.747863] (Tasks) StdoutLine: {'line': b'/usr/bin/gmake  -f tests/CMakeFiles/AllocationTest.dir/build.make tests/CMakeFiles/AllocationTest.dir/build\n'}
[5.747925] (Tasks) StdoutLine: {'line': b'[ 53%] \x1b[34m\x1b[1mGenerating Python/tasks/qp/qp.cpp\x1b[0m\n'}
[5.748267] (Tasks) StdoutLine: {'line': b'cd /home/celian/workspace/build/Tasks/Tasks/binding/python && /usr/bin/python -m cython --cplus -o /home/celian/workspace/build/Tasks/Tasks/binding/python/Python/tasks/qp/qp.cpp -I/home/celian/workspace/build/Tasks/Tasks -I/home/celian/workspace/build/Tasks/Tasks/include -I/home/celian/workspace/src/Tasks/include -I/home/celian/workspace/src/Tasks/binding/python/include /home/celian/workspace/src/Tasks/binding/python/tasks/qp/qp.pyx\n'}
[5.749943] (Tasks) StdoutLine: {'line': b"gmake[2]: Entering directory '/home/celian/workspace/build/Tasks/Tasks'\n"}
[5.750178] (Tasks) StdoutLine: {'line': b"gmake[2]: Entering directory '/home/celian/workspace/build/Tasks/Tasks'\n"}
[5.750237] (Tasks) StdoutLine: {'line': b"gmake[2]: Entering directory '/home/celian/workspace/build/Tasks/Tasks'\n"}
[5.752035] (Tasks) StdoutLine: {'line': b"gmake[2]: Entering directory '/home/celian/workspace/build/Tasks/Tasks'\n"}
[5.752289] (Tasks) StdoutLine: {'line': b'[ 61%] \x1b[32m\x1b[1mLinking CXX executable QPSolverTest\x1b[0m\n'}
[5.752370] (Tasks) StdoutLine: {'line': b'[ 61%] \x1b[32m\x1b[1mLinking CXX executable TasksTest\x1b[0m\n'}
[5.752614] (Tasks) StdoutLine: {'line': b'cd /home/celian/workspace/build/Tasks/Tasks/tests && /usr/bin/cmake -E cmake_link_script CMakeFiles/TasksTest.dir/link.txt --verbose=1\n'}
[5.752723] (Tasks) StdoutLine: {'line': b'cd /home/celian/workspace/build/Tasks/Tasks/tests && /usr/bin/cmake -E cmake_link_script CMakeFiles/QPSolverTest.dir/link.txt --verbose=1\n'}
[5.753164] (Tasks) StdoutLine: {'line': b'[ 65%] \x1b[32m\x1b[1mLinking CXX executable QPMultiRobotTest\x1b[0m\n'}
[5.753622] (Tasks) StdoutLine: {'line': b'cd /home/celian/workspace/build/Tasks/Tasks/tests && /usr/bin/cmake -E cmake_link_script CMakeFiles/QPMultiRobotTest.dir/link.txt --verbose=1\n'}
[5.754274] (Tasks) StdoutLine: {'line': b'[ 69%] \x1b[32m\x1b[1mLinking CXX executable AllocationTest\x1b[0m\n'}
[5.754440] (Tasks) StdoutLine: {'line': b'/usr/bin/c++  -pedantic -Wno-long-long -Wall -Wextra -Wcast-align -Wcast-qual -Wformat -Wwrite-strings -Wconversion  -Wall -Wextra -pedantic CMakeFiles/QPSolverTest.dir/QPSolverTest.cpp.o -o QPSolverTest  -Wl,-rpath,/home/celian/workspace/build/Tasks/Tasks/src:/home/celian/workspace/install/lib ../src/libTasks.so.1.8.1 /usr/lib/x86_64-linux-gnu/libboost_unit_test_framework.so.1.74.0 /home/celian/workspace/install/lib/libRBDyn.so.1.9.1 /home/celian/workspace/install/lib/libsch-core.so.1.4.2 /usr/lib/x86_64-linux-gnu/libboost_serialization.so.1.74.0 /home/celian/workspace/install/lib/libeigen-qld.so.1.2.5 /usr/lib/x86_64-linux-gnu/libboost_timer.so.1.74.0 /usr/lib/x86_64-linux-gnu/libboost_chrono.so.1.74.0\n'}
[5.754573] (Tasks) StdoutLine: {'line': b'/usr/bin/c++  -pedantic -Wno-long-long -Wall -Wextra -Wcast-align -Wcast-qual -Wformat -Wwrite-strings -Wconversion  -Wall -Wextra -pedantic CMakeFiles/TasksTest.dir/TasksTest.cpp.o -o TasksTest  -Wl,-rpath,/home/celian/workspace/build/Tasks/Tasks/src:/home/celian/workspace/install/lib ../src/libTasks.so.1.8.1 /usr/lib/x86_64-linux-gnu/libboost_unit_test_framework.so.1.74.0 /home/celian/workspace/install/lib/libRBDyn.so.1.9.1 /home/celian/workspace/install/lib/libsch-core.so.1.4.2 /usr/lib/x86_64-linux-gnu/libboost_serialization.so.1.74.0 /home/celian/workspace/install/lib/libeigen-qld.so.1.2.5 /usr/lib/x86_64-linux-gnu/libboost_timer.so.1.74.0 /usr/lib/x86_64-linux-gnu/libboost_chrono.so.1.74.0\n'}
[5.754676] (Tasks) StdoutLine: {'line': b'cd /home/celian/workspace/build/Tasks/Tasks/tests && /usr/bin/cmake -E cmake_link_script CMakeFiles/AllocationTest.dir/link.txt --verbose=1\n'}
[5.755875] (Tasks) StdoutLine: {'line': b'/usr/bin/c++  -pedantic -Wno-long-long -Wall -Wextra -Wcast-align -Wcast-qual -Wformat -Wwrite-strings -Wconversion  -Wall -Wextra -pedantic CMakeFiles/QPMultiRobotTest.dir/QPMultiRobotTest.cpp.o -o QPMultiRobotTest  -Wl,-rpath,/home/celian/workspace/build/Tasks/Tasks/src:/home/celian/workspace/install/lib ../src/libTasks.so.1.8.1 /usr/lib/x86_64-linux-gnu/libboost_unit_test_framework.so.1.74.0 /home/celian/workspace/install/lib/libRBDyn.so.1.9.1 /home/celian/workspace/install/lib/libsch-core.so.1.4.2 /usr/lib/x86_64-linux-gnu/libboost_serialization.so.1.74.0 /home/celian/workspace/install/lib/libeigen-qld.so.1.2.5 /usr/lib/x86_64-linux-gnu/libboost_timer.so.1.74.0 /usr/lib/x86_64-linux-gnu/libboost_chrono.so.1.74.0\n'}
[5.756586] (Tasks) StdoutLine: {'line': b'/usr/bin/c++  -pedantic -Wno-long-long -Wall -Wextra -Wcast-align -Wcast-qual -Wformat -Wwrite-strings -Wconversion  -Wall -Wextra -pedantic CMakeFiles/AllocationTest.dir/AllocationTest.cpp.o -o AllocationTest  -Wl,-rpath,/home/celian/workspace/build/Tasks/Tasks/src:/home/celian/workspace/install/lib ../src/libTasks.so.1.8.1 /usr/lib/x86_64-linux-gnu/libboost_unit_test_framework.so.1.74.0 /home/celian/workspace/install/lib/libRBDyn.so.1.9.1 /home/celian/workspace/install/lib/libsch-core.so.1.4.2 /usr/lib/x86_64-linux-gnu/libboost_serialization.so.1.74.0 /home/celian/workspace/install/lib/libeigen-qld.so.1.2.5 /usr/lib/x86_64-linux-gnu/libboost_timer.so.1.74.0 /usr/lib/x86_64-linux-gnu/libboost_chrono.so.1.74.0\n'}
[5.817639] (-) TimerEvent: {}
[5.918002] (-) TimerEvent: {}
[6.018712] (-) TimerEvent: {}
[6.020708] (Tasks) StderrLine: {'line': b"/usr/bin/ld: ../src/libTasks.so.1.8.1: undefined reference to `fmt::v8::detail::error_handler::on_error(char const*)'\n"}
[6.021099] (Tasks) StderrLine: {'line': b"/usr/bin/ld: ../src/libTasks.so.1.8.1: undefined reference to `int fmt::v8::detail::snprintf_float<double>(double, int, fmt::v8::detail::float_specs, fmt::v8::detail::buffer<char>&)'\n"}
[6.021597] (Tasks) StderrLine: {'line': b"/usr/bin/ld: ../src/libTasks.so.1.8.1: undefined reference to `fmt::v8::detail::thousands_sep_result<char> fmt::v8::detail::thousands_sep_impl<char>(fmt::v8::detail::locale_ref)'\n"}
[6.021751] (Tasks) StderrLine: {'line': b"/usr/bin/ld: ../src/libTasks.so.1.8.1: undefined reference to `char fmt::v8::detail::decimal_point_impl<char>(fmt::v8::detail::locale_ref)'\n"}
[6.022302] (Tasks) StderrLine: {'line': b"/usr/bin/ld: ../src/libTasks.so.1.8.1: undefined reference to `fmt::v8::detail::dragonbox::decimal_fp<float> fmt::v8::detail::dragonbox::to_decimal<float>(float)'\n"}
[6.022421] (Tasks) StderrLine: {'line': b"/usr/bin/ld: ../src/libTasks.so.1.8.1: undefined reference to `int fmt::v8::detail::snprintf_float<long double>(long double, int, fmt::v8::detail::float_specs, fmt::v8::detail::buffer<char>&)'\n"}
[6.022875] (Tasks) StderrLine: {'line': b"/usr/bin/ld: ../src/libTasks.so.1.8.1: undefined reference to `fmt::v8::detail::assert_fail(char const*, int, char const*)'\n"}
[6.024028] (Tasks) StderrLine: {'line': b"/usr/bin/ld: ../src/libTasks.so.1.8.1: undefined reference to `fmt::v8::detail::dragonbox::decimal_fp<double> fmt::v8::detail::dragonbox::to_decimal<double>(double)'\n"}
[6.024824] (Tasks) StderrLine: {'line': b"/usr/bin/ld: ../src/libTasks.so.1.8.1: undefined reference to `fmt::v8::detail::throw_format_error(char const*)'\n"}
[6.025332] (Tasks) StderrLine: {'line': b"/usr/bin/ld: ../src/libTasks.so.1.8.1: undefined reference to `int fmt::v8::detail::format_float<double>(double, int, fmt::v8::detail::float_specs, fmt::v8::detail::buffer<char>&)'\n"}
[6.025423] (Tasks) StderrLine: {'line': b"/usr/bin/ld: ../src/libTasks.so.1.8.1: undefined reference to `int fmt::v8::detail::format_float<long double>(long double, int, fmt::v8::detail::float_specs, fmt::v8::detail::buffer<char>&)'\n"}
[6.031368] (Tasks) StderrLine: {'line': b'collect2: error: ld returned 1 exit status\n'}
[6.032535] (Tasks) StderrLine: {'line': b'gmake[2]: *** [tests/CMakeFiles/AllocationTest.dir/build.make:111: tests/AllocationTest] Error 1\n'}
[6.032673] (Tasks) StdoutLine: {'line': b"gmake[2]: Leaving directory '/home/celian/workspace/build/Tasks/Tasks'\n"}
[6.032871] (Tasks) StderrLine: {'line': b'gmake[1]: *** [CMakeFiles/Makefile2:1816: tests/CMakeFiles/AllocationTest.dir/all] Error 2\n'}
[6.032911] (Tasks) StderrLine: {'line': b'gmake[1]: *** Waiting for unfinished jobs....\n'}
[6.079359] (Tasks) StderrLine: {'line': b"/usr/bin/ld: ../src/libTasks.so.1.8.1: undefined reference to `fmt::v8::detail::error_handler::on_error(char const*)'\n"}
[6.080494] (Tasks) StderrLine: {'line': b"/usr/bin/ld: ../src/libTasks.so.1.8.1: undefined reference to `int fmt::v8::detail::snprintf_float<double>(double, int, fmt::v8::detail::float_specs, fmt::v8::detail::buffer<char>&)'\n"}
[6.082013] (Tasks) StderrLine: {'line': b"/usr/bin/ld: ../src/libTasks.so.1.8.1: undefined reference to `fmt::v8::detail::thousands_sep_result<char> fmt::v8::detail::thousands_sep_impl<char>(fmt::v8::detail::locale_ref)'\n"}
[6.082582] (Tasks) StderrLine: {'line': b"/usr/bin/ld: ../src/libTasks.so.1.8.1: undefined reference to `char fmt::v8::detail::decimal_point_impl<char>(fmt::v8::detail::locale_ref)'\n"}
[6.084280] (Tasks) StderrLine: {'line': b"/usr/bin/ld: ../src/libTasks.so.1.8.1: undefined reference to `fmt::v8::detail::dragonbox::decimal_fp<float> fmt::v8::detail::dragonbox::to_decimal<float>(float)'\n"}
[6.084611] (Tasks) StderrLine: {'line': b"/usr/bin/ld: ../src/libTasks.so.1.8.1: undefined reference to `int fmt::v8::detail::snprintf_float<long double>(long double, int, fmt::v8::detail::float_specs, fmt::v8::detail::buffer<char>&)'\n"}
[6.085673] (Tasks) StderrLine: {'line': b"/usr/bin/ld: ../src/libTasks.so.1.8.1: undefined reference to `fmt::v8::detail::assert_fail(char const*, int, char const*)'\n"}
[6.088157] (Tasks) StderrLine: {'line': b"/usr/bin/ld: ../src/libTasks.so.1.8.1: undefined reference to `fmt::v8::detail::dragonbox::decimal_fp<double> fmt::v8::detail::dragonbox::to_decimal<double>(double)'\n"}
[6.089579] (Tasks) StderrLine: {'line': b"/usr/bin/ld: ../src/libTasks.so.1.8.1: undefined reference to `fmt::v8::detail::throw_format_error(char const*)'\n"}
[6.090381] (Tasks) StderrLine: {'line': b"/usr/bin/ld: ../src/libTasks.so.1.8.1: undefined reference to `int fmt::v8::detail::format_float<double>(double, int, fmt::v8::detail::float_specs, fmt::v8::detail::buffer<char>&)'\n"}
[6.090506] (Tasks) StderrLine: {'line': b"/usr/bin/ld: ../src/libTasks.so.1.8.1: undefined reference to `int fmt::v8::detail::format_float<long double>(long double, int, fmt::v8::detail::float_specs, fmt::v8::detail::buffer<char>&)'\n"}
[6.092078] (Tasks) StderrLine: {'line': b"/usr/bin/ld: ../src/libTasks.so.1.8.1: undefined reference to `fmt::v8::detail::error_handler::on_error(char const*)'\n"}
[6.092706] (Tasks) StderrLine: {'line': b"/usr/bin/ld: ../src/libTasks.so.1.8.1: undefined reference to `int fmt::v8::detail::snprintf_float<double>(double, int, fmt::v8::detail::float_specs, fmt::v8::detail::buffer<char>&)'\n"}
[6.093392] (Tasks) StderrLine: {'line': b"/usr/bin/ld: ../src/libTasks.so.1.8.1: undefined reference to `fmt::v8::detail::thousands_sep_result<char> fmt::v8::detail::thousands_sep_impl<char>(fmt::v8::detail::locale_ref)'\n"}
[6.093686] (Tasks) StderrLine: {'line': b"/usr/bin/ld: ../src/libTasks.so.1.8.1: undefined reference to `char fmt::v8::detail::decimal_point_impl<char>(fmt::v8::detail::locale_ref)'\n"}
[6.094343] (Tasks) StderrLine: {'line': b"/usr/bin/ld: ../src/libTasks.so.1.8.1: undefined reference to `fmt::v8::detail::dragonbox::decimal_fp<float> fmt::v8::detail::dragonbox::to_decimal<float>(float)'\n"}
[6.094509] (Tasks) StderrLine: {'line': b"/usr/bin/ld: ../src/libTasks.so.1.8.1: undefined reference to `int fmt::v8::detail::snprintf_float<long double>(long double, int, fmt::v8::detail::float_specs, fmt::v8::detail::buffer<char>&)'\n"}
[6.095246] (Tasks) StderrLine: {'line': b"/usr/bin/ld: ../src/libTasks.so.1.8.1: undefined reference to `fmt::v8::detail::assert_fail(char const*, int, char const*)'\n"}
[6.096877] (Tasks) StderrLine: {'line': b"/usr/bin/ld: ../src/libTasks.so.1.8.1: undefined reference to `fmt::v8::detail::dragonbox::decimal_fp<double> fmt::v8::detail::dragonbox::to_decimal<double>(double)'\n"}
[6.097399] (Tasks) StderrLine: {'line': b'collect2: error: ld returned 1 exit status\n'}
[6.097816] (Tasks) StderrLine: {'line': b"/usr/bin/ld: ../src/libTasks.so.1.8.1: undefined reference to `fmt::v8::detail::throw_format_error(char const*)'\n"}
[6.098287] (Tasks) StderrLine: {'line': b"/usr/bin/ld: ../src/libTasks.so.1.8.1: undefined reference to `int fmt::v8::detail::format_float<double>(double, int, fmt::v8::detail::float_specs, fmt::v8::detail::buffer<char>&)'\n"}
[6.098390] (Tasks) StderrLine: {'line': b"/usr/bin/ld: ../src/libTasks.so.1.8.1: undefined reference to `int fmt::v8::detail::format_float<long double>(long double, int, fmt::v8::detail::float_specs, fmt::v8::detail::buffer<char>&)'\n"}
[6.098599] (Tasks) StderrLine: {'line': b'gmake[2]: *** [tests/CMakeFiles/QPMultiRobotTest.dir/build.make:111: tests/QPMultiRobotTest] Error 1\n'}
[6.098707] (Tasks) StdoutLine: {'line': b"gmake[2]: Leaving directory '/home/celian/workspace/build/Tasks/Tasks'\n"}
[6.098854] (Tasks) StderrLine: {'line': b'gmake[1]: *** [CMakeFiles/Makefile2:1752: tests/CMakeFiles/QPMultiRobotTest.dir/all] Error 2\n'}
[6.107137] (Tasks) StderrLine: {'line': b'collect2: error: ld returned 1 exit status\n'}
[6.108380] (Tasks) StderrLine: {'line': b'gmake[2]: *** [tests/CMakeFiles/TasksTest.dir/build.make:111: tests/TasksTest] Error 1\n'}
[6.108581] (Tasks) StdoutLine: {'line': b"gmake[2]: Leaving directory '/home/celian/workspace/build/Tasks/Tasks'\n"}
[6.108646] (Tasks) StderrLine: {'line': b'gmake[1]: *** [CMakeFiles/Makefile2:1784: tests/CMakeFiles/TasksTest.dir/all] Error 2\n'}
[6.108710] (Tasks) StderrLine: {'line': b"/usr/bin/ld: ../src/libTasks.so.1.8.1: undefined reference to `fmt::v8::detail::error_handler::on_error(char const*)'\n"}
[6.109258] (Tasks) StderrLine: {'line': b"/usr/bin/ld: ../src/libTasks.so.1.8.1: undefined reference to `int fmt::v8::detail::snprintf_float<double>(double, int, fmt::v8::detail::float_specs, fmt::v8::detail::buffer<char>&)'\n"}
[6.110022] (Tasks) StderrLine: {'line': b"/usr/bin/ld: ../src/libTasks.so.1.8.1: undefined reference to `fmt::v8::detail::thousands_sep_result<char> fmt::v8::detail::thousands_sep_impl<char>(fmt::v8::detail::locale_ref)'\n"}
[6.110369] (Tasks) StderrLine: {'line': b"/usr/bin/ld: ../src/libTasks.so.1.8.1: undefined reference to `char fmt::v8::detail::decimal_point_impl<char>(fmt::v8::detail::locale_ref)'\n"}
[6.111465] (Tasks) StderrLine: {'line': b"/usr/bin/ld: ../src/libTasks.so.1.8.1: undefined reference to `fmt::v8::detail::dragonbox::decimal_fp<float> fmt::v8::detail::dragonbox::to_decimal<float>(float)'\n"}
[6.111691] (Tasks) StderrLine: {'line': b"/usr/bin/ld: ../src/libTasks.so.1.8.1: undefined reference to `int fmt::v8::detail::snprintf_float<long double>(long double, int, fmt::v8::detail::float_specs, fmt::v8::detail::buffer<char>&)'\n"}
[6.112272] (Tasks) StderrLine: {'line': b"/usr/bin/ld: ../src/libTasks.so.1.8.1: undefined reference to `fmt::v8::detail::assert_fail(char const*, int, char const*)'\n"}
[6.113966] (Tasks) StderrLine: {'line': b"/usr/bin/ld: ../src/libTasks.so.1.8.1: undefined reference to `fmt::v8::detail::dragonbox::decimal_fp<double> fmt::v8::detail::dragonbox::to_decimal<double>(double)'\n"}
[6.114823] (Tasks) StderrLine: {'line': b"/usr/bin/ld: ../src/libTasks.so.1.8.1: undefined reference to `fmt::v8::detail::throw_format_error(char const*)'\n"}
[6.115326] (Tasks) StderrLine: {'line': b"/usr/bin/ld: ../src/libTasks.so.1.8.1: undefined reference to `int fmt::v8::detail::format_float<double>(double, int, fmt::v8::detail::float_specs, fmt::v8::detail::buffer<char>&)'\n"}
[6.115407] (Tasks) StderrLine: {'line': b"/usr/bin/ld: ../src/libTasks.so.1.8.1: undefined reference to `int fmt::v8::detail::format_float<long double>(long double, int, fmt::v8::detail::float_specs, fmt::v8::detail::buffer<char>&)'\n"}
[6.118756] (-) TimerEvent: {}
[6.123601] (Tasks) StderrLine: {'line': b'collect2: error: ld returned 1 exit status\n'}
[6.124813] (Tasks) StderrLine: {'line': b'gmake[2]: *** [tests/CMakeFiles/QPSolverTest.dir/build.make:111: tests/QPSolverTest] Error 1\n'}
[6.124974] (Tasks) StdoutLine: {'line': b"gmake[2]: Leaving directory '/home/celian/workspace/build/Tasks/Tasks'\n"}
[6.125072] (Tasks) StderrLine: {'line': b'gmake[1]: *** [CMakeFiles/Makefile2:1720: tests/CMakeFiles/QPSolverTest.dir/all] Error 2\n'}
[6.193819] (Tasks) StderrLine: {'line': b"/usr/lib/python3/dist-packages/Cython/Compiler/Main.py:369: FutureWarning: Cython directive 'language_level' not set, using 2 for now (Py2). This will change in a later release! File: /home/celian/workspace/src/Tasks/binding/python/tasks/tasks.pxd\n"}
[6.193957] (Tasks) StderrLine: {'line': b'  tree = Parsing.p_module(s, pxd, full_module_name)\n'}
[6.218868] (-) TimerEvent: {}
[6.262288] (Tasks) StderrLine: {'line': b"/usr/lib/python3/dist-packages/Cython/Compiler/Main.py:369: FutureWarning: Cython directive 'language_level' not set, using 2 for now (Py2). This will change in a later release! File: /home/celian/workspace/src/Tasks/binding/python/tasks/qp/qp.pxd\n"}
[6.262458] (Tasks) StderrLine: {'line': b'  tree = Parsing.p_module(s, pxd, full_module_name)\n'}
[6.318962] (-) TimerEvent: {}
[6.419259] (-) TimerEvent: {}
[6.519537] (-) TimerEvent: {}
[6.619816] (-) TimerEvent: {}
[6.720105] (-) TimerEvent: {}
[6.820389] (-) TimerEvent: {}
[6.920649] (-) TimerEvent: {}
[7.020912] (-) TimerEvent: {}
[7.121183] (-) TimerEvent: {}
[7.221447] (-) TimerEvent: {}
[7.321763] (-) TimerEvent: {}
[7.422089] (-) TimerEvent: {}
[7.522409] (-) TimerEvent: {}
[7.622752] (-) TimerEvent: {}
[7.723065] (-) TimerEvent: {}
[7.823365] (-) TimerEvent: {}
[7.878181] (Tasks) StdoutLine: {'line': b'cd /home/celian/workspace/build/Tasks/Tasks && /usr/bin/cmake -E cmake_depends "Unix Makefiles" /home/celian/workspace/src/Tasks /home/celian/workspace/src/Tasks/binding/python /home/celian/workspace/build/Tasks/Tasks /home/celian/workspace/build/Tasks/Tasks/binding/python /home/celian/workspace/build/Tasks/Tasks/binding/python/CMakeFiles/tasks_Python.dir/DependInfo.cmake "--color="\n'}
[7.884219] (Tasks) StdoutLine: {'line': b"gmake[2]: Leaving directory '/home/celian/workspace/build/Tasks/Tasks'\n"}
[7.884354] (Tasks) StdoutLine: {'line': b'/usr/bin/gmake  -f binding/python/CMakeFiles/tasks_Python.dir/build.make binding/python/CMakeFiles/tasks_Python.dir/build\n'}
[7.888584] (Tasks) StdoutLine: {'line': b"gmake[2]: Entering directory '/home/celian/workspace/build/Tasks/Tasks'\n"}
[7.892351] (Tasks) StdoutLine: {'line': b'[ 73%] \x1b[32mBuilding CXX object binding/python/CMakeFiles/tasks_Python.dir/Python/tasks/tasks.cpp.o\x1b[0m\n'}
[7.892966] (Tasks) StdoutLine: {'line': b'cd /home/celian/workspace/build/Tasks/Tasks/binding/python && /usr/bin/c++ -DBOOST_ALL_NO_LIB -DBOOST_CHRONO_DYN_LINK -DBOOST_SERIALIZATION_DYN_LINK -DBOOST_TIMER_DYN_LINK -Dtasks_Python_EXPORTS -I/home/celian/workspace/build/Tasks/Tasks -I/home/celian/workspace/build/Tasks/Tasks/include -I/home/celian/workspace/src/Tasks/include -I/home/celian/workspace/src/Tasks/binding/python/include -I/home/celian/workspace/src/Tasks/src -I/home/celian/workspace/build/Tasks/Tasks/src/../include -isystem /usr/include/python3.10 -isystem /home/celian/workspace/install/include -isystem /usr/include/eigen3 -isystem /home/celian/.local/lib/python3.10/site-packages/numpy/core/include -pedantic -Wno-long-long -Wall -Wextra -Wcast-align -Wcast-qual -Wformat -Wwrite-strings -Wconversion  -Wall -Wextra -pedantic -std=gnu++17 -fPIC -fvisibility=default   -mfpmath=sse -msse2 -Wno-cast-qual -Wno-cpp -Wno-conversion -Wno-overflow -Wno-unused-variable -Wno-unused-function -MD -MT binding/python/CMakeFiles/tasks_Python.dir/Python/tasks/tasks.cpp.o -MF CMakeFiles/tasks_Python.dir/Python/tasks/tasks.cpp.o.d -o CMakeFiles/tasks_Python.dir/Python/tasks/tasks.cpp.o -c /home/celian/workspace/build/Tasks/Tasks/binding/python/Python/tasks/tasks.cpp\n'}
[7.923488] (-) TimerEvent: {}
[8.023787] (-) TimerEvent: {}
[8.124080] (-) TimerEvent: {}
[8.224426] (-) TimerEvent: {}
[8.324725] (-) TimerEvent: {}
[8.424989] (-) TimerEvent: {}
[8.525352] (-) TimerEvent: {}
[8.625886] (-) TimerEvent: {}
[8.726334] (-) TimerEvent: {}
[8.826763] (-) TimerEvent: {}
[8.927274] (-) TimerEvent: {}
[9.027698] (-) TimerEvent: {}
[9.128055] (-) TimerEvent: {}
[9.209291] (Tasks) StderrLine: {'line': b'\x1b[01m\x1b[K/home/celian/workspace/build/Tasks/Tasks/binding/python/Python/tasks/tasks.cpp:\x1b[m\x1b[K In function \xe2\x80\x98\x1b[01m\x1b[Kvoid __pyx_pf_5tasks_5tasks_23OrientationTrackingTask___dealloc__(__pyx_obj_5tasks_5tasks_OrientationTrackingTask*)\x1b[m\x1b[K\xe2\x80\x99:\n'}
[9.209517] (Tasks) StderrLine: {'line': b'\x1b[01m\x1b[K/home/celian/workspace/build/Tasks/Tasks/binding/python/Python/tasks/tasks.cpp:17438:3:\x1b[m\x1b[K \x1b[01;35m\x1b[Kwarning: \x1b[m\x1b[Kdeleting object of polymorphic class type \xe2\x80\x98\x1b[01m\x1b[Ktasks::OrientationTrackingTask\x1b[m\x1b[K\xe2\x80\x99 which has non-virtual destructor might cause undefined behavior [\x1b[01;35m\x1b[K\x1b]8;;https://gcc.gnu.org/onlinedocs/gcc/Warning-Options.html#index-Wdelete-non-virtual-dtor\x07-Wdelete-non-virtual-dtor\x1b]8;;\x07\x1b[m\x1b[K]\n'}
[9.209600] (Tasks) StderrLine: {'line': b'17438 |   \x1b[01;35m\x1b[Kdelete __pyx_v_self->impl\x1b[m\x1b[K;\n'}
[9.209669] (Tasks) StderrLine: {'line': b'      |   \x1b[01;35m\x1b[K^~~~~~~~~~~~~~~~~~~~~~~~~\x1b[m\x1b[K\n'}
[9.228173] (-) TimerEvent: {}
[9.247146] (Tasks) StdoutLine: {'line': b'cd /home/celian/workspace/build/Tasks/Tasks && /usr/bin/cmake -E cmake_depends "Unix Makefiles" /home/celian/workspace/src/Tasks /home/celian/workspace/src/Tasks/binding/python /home/celian/workspace/build/Tasks/Tasks /home/celian/workspace/build/Tasks/Tasks/binding/python /home/celian/workspace/build/Tasks/Tasks/binding/python/CMakeFiles/tasks_qp_Python.dir/DependInfo.cmake "--color="\n'}
[9.254021] (Tasks) StdoutLine: {'line': b"gmake[2]: Leaving directory '/home/celian/workspace/build/Tasks/Tasks'\n"}
[9.254178] (Tasks) StdoutLine: {'line': b'/usr/bin/gmake  -f binding/python/CMakeFiles/tasks_qp_Python.dir/build.make binding/python/CMakeFiles/tasks_qp_Python.dir/build\n'}
[9.258387] (Tasks) StdoutLine: {'line': b"gmake[2]: Entering directory '/home/celian/workspace/build/Tasks/Tasks'\n"}
[9.261354] (Tasks) StdoutLine: {'line': b'[ 76%] \x1b[32mBuilding CXX object binding/python/CMakeFiles/tasks_qp_Python.dir/Python/tasks/qp/qp.cpp.o\x1b[0m\n'}
[9.261716] (Tasks) StdoutLine: {'line': b'cd /home/celian/workspace/build/Tasks/Tasks/binding/python && /usr/bin/c++ -DBOOST_ALL_NO_LIB -DBOOST_CHRONO_DYN_LINK -DBOOST_SERIALIZATION_DYN_LINK -DBOOST_TIMER_DYN_LINK -Dtasks_qp_Python_EXPORTS -I/home/celian/workspace/build/Tasks/Tasks -I/home/celian/workspace/build/Tasks/Tasks/include -I/home/celian/workspace/src/Tasks/include -I/home/celian/workspace/src/Tasks/binding/python/include -I/home/celian/workspace/src/Tasks/src -I/home/celian/workspace/build/Tasks/Tasks/src/../include -isystem /usr/include/python3.10 -isystem /home/celian/workspace/install/include -isystem /usr/include/eigen3 -isystem /home/celian/.local/lib/python3.10/site-packages/numpy/core/include -pedantic -Wno-long-long -Wall -Wextra -Wcast-align -Wcast-qual -Wformat -Wwrite-strings -Wconversion  -Wall -Wextra -pedantic -std=gnu++17 -fPIC -fvisibility=default   -mfpmath=sse -msse2 -Wno-cast-qual -Wno-cpp -Wno-conversion -Wno-overflow -Wno-unused-variable -Wno-unused-function -MD -MT binding/python/CMakeFiles/tasks_qp_Python.dir/Python/tasks/qp/qp.cpp.o -MF CMakeFiles/tasks_qp_Python.dir/Python/tasks/qp/qp.cpp.o.d -o CMakeFiles/tasks_qp_Python.dir/Python/tasks/qp/qp.cpp.o -c /home/celian/workspace/build/Tasks/Tasks/binding/python/Python/tasks/qp/qp.cpp\n'}
[9.328280] (-) TimerEvent: {}
[9.428582] (-) TimerEvent: {}
[9.528918] (-) TimerEvent: {}
[9.629258] (-) TimerEvent: {}
[9.729659] (-) TimerEvent: {}
[9.829946] (-) TimerEvent: {}
[9.930219] (-) TimerEvent: {}
[10.030562] (-) TimerEvent: {}
[10.130877] (-) TimerEvent: {}
[10.231173] (-) TimerEvent: {}
[10.331474] (-) TimerEvent: {}
[10.431888] (-) TimerEvent: {}
[10.532338] (-) TimerEvent: {}
[10.632585] (-) TimerEvent: {}
[10.732862] (-) TimerEvent: {}
[10.833154] (-) TimerEvent: {}
[10.933494] (-) TimerEvent: {}
[11.033834] (-) TimerEvent: {}
[11.134194] (-) TimerEvent: {}
[11.234659] (-) TimerEvent: {}
[11.258707] (Tasks) StdoutLine: {'line': b'[ 80%] \x1b[32m\x1b[1mLinking CXX shared module Python/tasks/tasks/tasks.so\x1b[0m\n'}
[11.259124] (Tasks) StdoutLine: {'line': b'cd /home/celian/workspace/build/Tasks/Tasks/binding/python && /usr/bin/cmake -E cmake_link_script CMakeFiles/tasks_Python.dir/link.txt --verbose=1\n'}
[11.263715] (Tasks) StdoutLine: {'line': b'/usr/bin/c++ -fPIC  -pedantic -Wno-long-long -Wall -Wextra -Wcast-align -Wcast-qual -Wformat -Wwrite-strings -Wconversion  -Wall -Wextra -pedantic -shared  -o Python/tasks/tasks/tasks.so CMakeFiles/tasks_Python.dir/Python/tasks/tasks.cpp.o  -Wl,-rpath,/home/celian/workspace/build/Tasks/Tasks/src:/home/celian/workspace/install/lib ../../src/libTasks.so.1.8.1 /usr/lib/x86_64-linux-gnu/libpython3.10.so /home/celian/workspace/install/lib/libRBDyn.so.1.9.1 /home/celian/workspace/install/lib/libsch-core.so.1.4.2 /usr/lib/x86_64-linux-gnu/libboost_serialization.so.1.74.0 /home/celian/workspace/install/lib/libeigen-qld.so.1.2.5 /usr/lib/x86_64-linux-gnu/libboost_timer.so.1.74.0 /usr/lib/x86_64-linux-gnu/libboost_chrono.so.1.74.0\n'}
[11.334764] (-) TimerEvent: {}
[11.394473] (Tasks) StdoutLine: {'line': b"gmake[2]: Leaving directory '/home/celian/workspace/build/Tasks/Tasks'\n"}
[11.397488] (Tasks) StdoutLine: {'line': b'[ 80%] Built target tasks_Python\n'}
[11.434862] (-) TimerEvent: {}
[11.535168] (-) TimerEvent: {}
[11.635447] (-) TimerEvent: {}
[11.735775] (-) TimerEvent: {}
[11.836105] (-) TimerEvent: {}
[11.936427] (-) TimerEvent: {}
[12.036746] (-) TimerEvent: {}
[12.137042] (-) TimerEvent: {}
[12.237350] (-) TimerEvent: {}
[12.337590] (-) TimerEvent: {}
[12.437944] (-) TimerEvent: {}
[12.538240] (-) TimerEvent: {}
[12.638593] (-) TimerEvent: {}
[12.738919] (-) TimerEvent: {}
[12.839252] (-) TimerEvent: {}
[12.939637] (-) TimerEvent: {}
[13.039955] (-) TimerEvent: {}
[13.140263] (-) TimerEvent: {}
[13.240580] (-) TimerEvent: {}
[13.340909] (-) TimerEvent: {}
[13.441367] (-) TimerEvent: {}
[13.541723] (-) TimerEvent: {}
[13.642086] (-) TimerEvent: {}
[13.742422] (-) TimerEvent: {}
[13.842768] (-) TimerEvent: {}
[13.943110] (-) TimerEvent: {}
[14.043417] (-) TimerEvent: {}
[14.143717] (-) TimerEvent: {}
[14.244007] (-) TimerEvent: {}
[14.344350] (-) TimerEvent: {}
[14.444688] (-) TimerEvent: {}
[14.544996] (-) TimerEvent: {}
[14.645311] (-) TimerEvent: {}
[14.745615] (-) TimerEvent: {}
[14.845970] (-) TimerEvent: {}
[14.946327] (-) TimerEvent: {}
[15.046577] (-) TimerEvent: {}
[15.146882] (-) TimerEvent: {}
[15.247141] (-) TimerEvent: {}
[15.347432] (-) TimerEvent: {}
[15.447762] (-) TimerEvent: {}
[15.548070] (-) TimerEvent: {}
[15.648396] (-) TimerEvent: {}
[15.748759] (-) TimerEvent: {}
[15.849086] (-) TimerEvent: {}
[15.944357] (Tasks) StdoutLine: {'line': b'[ 84%] \x1b[32m\x1b[1mLinking CXX shared module Python/tasks/tasks/qp/qp.so\x1b[0m\n'}
[15.944867] (Tasks) StdoutLine: {'line': b'cd /home/celian/workspace/build/Tasks/Tasks/binding/python && /usr/bin/cmake -E cmake_link_script CMakeFiles/tasks_qp_Python.dir/link.txt --verbose=1\n'}
[15.949179] (-) TimerEvent: {}
[15.949419] (Tasks) StdoutLine: {'line': b'/usr/bin/c++ -fPIC  -pedantic -Wno-long-long -Wall -Wextra -Wcast-align -Wcast-qual -Wformat -Wwrite-strings -Wconversion  -Wall -Wextra -pedantic -shared  -o Python/tasks/tasks/qp/qp.so CMakeFiles/tasks_qp_Python.dir/Python/tasks/qp/qp.cpp.o  -Wl,-rpath,/home/celian/workspace/build/Tasks/Tasks/src:/home/celian/workspace/install/lib ../../src/libTasks.so.1.8.1 /usr/lib/x86_64-linux-gnu/libpython3.10.so /home/celian/workspace/install/lib/libRBDyn.so.1.9.1 /home/celian/workspace/install/lib/libsch-core.so.1.4.2 /usr/lib/x86_64-linux-gnu/libboost_serialization.so.1.74.0 /home/celian/workspace/install/lib/libeigen-qld.so.1.2.5 /usr/lib/x86_64-linux-gnu/libboost_timer.so.1.74.0 /usr/lib/x86_64-linux-gnu/libboost_chrono.so.1.74.0\n'}
[16.049296] (-) TimerEvent: {}
[16.112070] (Tasks) StdoutLine: {'line': b"gmake[2]: Leaving directory '/home/celian/workspace/build/Tasks/Tasks'\n"}
[16.118022] (Tasks) StdoutLine: {'line': b'[ 84%] Built target tasks_qp_Python\n'}
[16.118577] (Tasks) StdoutLine: {'line': b"gmake[1]: Leaving directory '/home/celian/workspace/build/Tasks/Tasks'\n"}
[16.119046] (Tasks) StderrLine: {'line': b'gmake: *** [Makefile:149: all] Error 2\n'}
[16.121009] (Tasks) CommandEnded: {'returncode': 2}
[16.121594] (Tasks) JobEnded: {'identifier': 'Tasks', 'rc': 2}
[16.131879] (-) EventReactorShutdown: {}
