[0.000000] (-) TimerEvent: {}
[0.000412] (Tasks) JobQueued: {'identifier': 'Tasks', 'dependencies': OrderedDict()}
[0.000643] (Tasks) JobStarted: {'identifier': 'Tasks'}
[0.007345] (Tasks) JobProgress: {'identifier': 'Tasks', 'progress': 'cmake'}
[0.008342] (Tasks) JobProgress: {'identifier': 'Tasks', 'progress': 'build'}
[0.009382] (Tasks) Command: {'cmd': ['/usr/bin/cmake', '--build', '/home/celian/workspace/src/Tasks/build/Tasks', '--', '-j22', '-l22'], 'cwd': '/home/celian/workspace/src/Tasks/build/Tasks', 'env': OrderedDict([('GJS_DEBUG_TOPICS', 'JS ERROR;JS LOG'), ('LESSOPEN', '| /usr/bin/lesspipe %s'), ('USER', 'celian'), ('LC_TIME', 'ja_JP.UTF-8'), ('ROS_PACKAGE_PATH', '/home/celian/workspace/src/catkin_ws/install/share'), ('XDG_SESSION_TYPE', 'x11'), ('GIT_ASKPASS', '/usr/share/code/resources/app/extensions/git/dist/askpass.sh'), ('SHLVL', '1'), ('LD_LIBRARY_PATH', '/home/celian/workspace/src/catkin_ws/install/lib:/home/celian/ros/ws_mujoco/install/mujoco_ros_utils/lib:/home/celian/workspace/src/catkin_data_ws/install/lib:/home/celian/workspace/install/lib:/opt/ros/humble/opt/rviz_ogre_vendor/lib:/opt/ros/humble/lib/x86_64-linux-gnu:/opt/ros/humble/lib'), ('HOME', '/home/celian'), ('CHROME_DESKTOP', 'code.desktop'), ('CONDA_SHLVL', '0'), ('TERM_PROGRAM_VERSION', '1.102.3'), ('DESKTOP_SESSION', 'ubuntu'), ('GIO_LAUNCHED_DESKTOP_FILE', '/usr/share/applications/code.desktop'), ('ROS_PYTHON_VERSION', '3'), ('GNOME_SHELL_SESSION_MODE', 'ubuntu'), ('GTK_MODULES', 'gail:atk-bridge'), ('VSCODE_GIT_ASKPASS_MAIN', '/usr/share/code/resources/app/extensions/git/dist/askpass-main.js'), ('LC_MONETARY', 'ja_JP.UTF-8'), ('VSCODE_GIT_ASKPASS_NODE', '/usr/share/code/code'), ('MANAGERPID', '2019'), ('PYDEVD_DISABLE_FILE_VALIDATION', '1'), ('SYSTEMD_EXEC_PID', '2497'), ('BUNDLED_DEBUGPY_PATH', '/home/celian/.vscode/extensions/ms-python.debugpy-2025.10.0-linux-x64/bundled/libs/debugpy'), ('DBUS_SESSION_BUS_ADDRESS', 'unix:path=/run/user/1000/bus'), ('COLORTERM', 'truecolor'), ('RTM_IDL_DIR2', '/usr/share/openrtm-2.0/idl'), ('GIO_LAUNCHED_DESKTOP_FILE_PID', '7001'), ('COLCON_PREFIX_PATH', '/home/celian/ros/ws_mujoco/install:/home/celian/workspace/src/catkin_ws/install:/home/celian/workspace/src/catkin_data_ws/install'), ('ROS_DISTRO', 'humble'), ('GTK_IM_MODULE', 'ibus'), ('LOGNAME', 'celian'), ('JOURNAL_STREAM', '8:17799'), ('_', '/usr/bin/colcon'), ('ROS_VERSION', '2'), ('PKG_CONFIG_PATH', '/home/celian/workspace/src/catkin_ws/install/lib/x86_64-linux-gnu/pkgconfig:/home/celian/workspace/src/catkin_ws/install/lib/pkgconfig:/home/celian/ros/ws_mujoco/install/mujoco_ros_utils/lib/pkgconfig:/home/celian/workspace/install/lib/pkgconfig:'), ('XDG_SESSION_CLASS', 'user'), ('MUJOCO_HOME', '/home/celian/.mujoco/mujoco301'), ('USERNAME', 'celian'), ('TERM', 'xterm-256color'), ('GNOME_DESKTOP_SESSION_ID', 'this-is-deprecated'), ('RTM_JAVA_ROOT', '/usr/lib/x86_64-linux-gnu/openrtm-2.0'), ('ROS_LOCALHOST_ONLY', '0'), ('WINDOWPATH', '2'), ('PATH', '/home/celian/anaconda3/condabin:/home/celian/hrp5p-iob-merge-HRP4CR-without-DoubleHand-into-master-with-clang-format-again/install/ecat_iob/bin:/home/celian/workspace/src/catkin_ws/install/bin:/home/celian/workspace/install/bin:/opt/ros/humble/bin:/usr/local/sbin:/usr/local/bin:/usr/sbin:/usr/bin:/sbin:/bin:/usr/games:/usr/local/games:/snap/bin:/snap/bin:/home/celian/.config/Code/User/globalStorage/github.copilot-chat/debugCommand:/home/celian/.vscode/extensions/ms-python.debugpy-2025.10.0-linux-x64/bundled/scripts/noConfigScripts'), ('SESSION_MANAGER', 'local/celian-Alienware-m16-R2:@/tmp/.ICE-unix/2467,unix/celian-Alienware-m16-R2:/tmp/.ICE-unix/2467'), ('INVOCATION_ID', '8c3875a745844c42af5652146c905899'), ('XDG_MENU_PREFIX', 'gnome-'), ('LC_ADDRESS', 'ja_JP.UTF-8'), ('XDG_RUNTIME_DIR', '/run/user/1000'), ('GDK_BACKEND', 'x11'), ('DISPLAY', ':1'), ('VSCODE_DEBUGPY_ADAPTER_ENDPOINTS', '/home/celian/.vscode/extensions/ms-python.debugpy-2025.10.0-linux-x64/.noConfigDebugAdapterEndpoints/endpoint-661abbb6584f1c97.txt'), ('LANG', 'en_US.UTF-8'), ('XDG_CURRENT_DESKTOP', 'Unity'), ('ROS_PARALLEL_JOBS', '-j22 -l22'), ('LC_TELEPHONE', 'ja_JP.UTF-8'), ('XMODIFIERS', '@im=ibus'), ('XDG_SESSION_DESKTOP', 'ubuntu'), ('XAUTHORITY', '/run/user/1000/gdm/Xauthority'), ('LS_COLORS', 'rs=0:di=01;34:ln=01;36:mh=00:pi=40;33:so=01;35:do=01;35:bd=40;33;01:cd=40;33;01:or=40;31;01:mi=00:su=37;41:sg=30;43:ca=30;41:tw=30;42:ow=34;42:st=37;44:ex=01;32:*.tar=01;31:*.tgz=01;31:*.arc=01;31:*.arj=01;31:*.taz=01;31:*.lha=01;31:*.lz4=01;31:*.lzh=01;31:*.lzma=01;31:*.tlz=01;31:*.txz=01;31:*.tzo=01;31:*.t7z=01;31:*.zip=01;31:*.z=01;31:*.dz=01;31:*.gz=01;31:*.lrz=01;31:*.lz=01;31:*.lzo=01;31:*.xz=01;31:*.zst=01;31:*.tzst=01;31:*.bz2=01;31:*.bz=01;31:*.tbz=01;31:*.tbz2=01;31:*.tz=01;31:*.deb=01;31:*.rpm=01;31:*.jar=01;31:*.war=01;31:*.ear=01;31:*.sar=01;31:*.rar=01;31:*.alz=01;31:*.ace=01;31:*.zoo=01;31:*.cpio=01;31:*.7z=01;31:*.rz=01;31:*.cab=01;31:*.wim=01;31:*.swm=01;31:*.dwm=01;31:*.esd=01;31:*.jpg=01;35:*.jpeg=01;35:*.mjpg=01;35:*.mjpeg=01;35:*.gif=01;35:*.bmp=01;35:*.pbm=01;35:*.pgm=01;35:*.ppm=01;35:*.tga=01;35:*.xbm=01;35:*.xpm=01;35:*.tif=01;35:*.tiff=01;35:*.png=01;35:*.svg=01;35:*.svgz=01;35:*.mng=01;35:*.pcx=01;35:*.mov=01;35:*.mpg=01;35:*.mpeg=01;35:*.m2v=01;35:*.mkv=01;35:*.webm=01;35:*.webp=01;35:*.ogm=01;35:*.mp4=01;35:*.m4v=01;35:*.mp4v=01;35:*.vob=01;35:*.qt=01;35:*.nuv=01;35:*.wmv=01;35:*.asf=01;35:*.rm=01;35:*.rmvb=01;35:*.flc=01;35:*.avi=01;35:*.fli=01;35:*.flv=01;35:*.gl=01;35:*.dl=01;35:*.xcf=01;35:*.xwd=01;35:*.yuv=01;35:*.cgm=01;35:*.emf=01;35:*.ogv=01;35:*.ogx=01;35:*.aac=00;36:*.au=00;36:*.flac=00;36:*.m4a=00;36:*.mid=00;36:*.midi=00;36:*.mka=00;36:*.mp3=00;36:*.mpc=00;36:*.ogg=00;36:*.ra=00;36:*.wav=00;36:*.oga=00;36:*.opus=00;36:*.spx=00;36:*.xspf=00;36:'), ('VSCODE_GIT_IPC_HANDLE', '/run/user/1000/vscode-git-cc71e91d60.sock'), ('TERM_PROGRAM', 'vscode'), ('SSH_AGENT_LAUNCHER', 'gnome-keyring'), ('SSH_AUTH_SOCK', '/run/user/1000/keyring/ssh'), ('ROS_DOMAIN_ID', '42'), ('AMENT_PREFIX_PATH', '/home/celian/workspace/src/catkin_ws/install:/home/celian/ros/ws_mujoco/install/mujoco_ros_utils:/home/celian/workspace/src/catkin_data_ws/install:/opt/ros/humble'), ('CONDA_PYTHON_EXE', '/home/celian/anaconda3/bin/python'), ('ORIGINAL_XDG_CURRENT_DESKTOP', 'ubuntu:GNOME'), ('SHELL', '/bin/bash'), ('LC_NAME', 'ja_JP.UTF-8'), ('QT_ACCESSIBILITY', '1'), ('GDMSESSION', 'ubuntu'), ('LESSCLOSE', '/usr/bin/lesspipe %s %s'), ('LC_MEASUREMENT', 'ja_JP.UTF-8'), ('GPG_AGENT_INFO', '/run/user/1000/gnupg/S.gpg-agent:0:1'), ('GJS_DEBUG_OUTPUT', 'stderr'), ('LC_IDENTIFICATION', 'ja_JP.UTF-8'), ('VSCODE_GIT_ASKPASS_EXTRA_ARGS', ''), ('QT_IM_MODULE', 'ibus'), ('PWD', '/home/celian/workspace/build/Tasks/Tasks'), ('LC_ALL', 'en_US.UTF-8'), ('XDG_CONFIG_DIRS', '/etc/xdg/xdg-ubuntu:/etc/xdg'), ('CONDA_EXE', '/home/celian/anaconda3/bin/conda'), ('XDG_DATA_DIRS', '/usr/share/ubuntu:/usr/share/gnome:/usr/local/share/:/usr/share/:/var/lib/snapd/desktop'), ('PYTHONPATH', '/home/celian/ros/ws_mujoco/install/mujoco_ros_utils/local/lib/python3.10/dist-packages:/home/celian/workspace/src/catkin_data_ws/install/local/lib/python3.10/dist-packages:/home/celian/workspace/install/lib/python3.10/site-packages:/opt/ros/humble/lib/python3.10/site-packages:/opt/ros/humble/local/lib/python3.10/dist-packages'), ('LC_NUMERIC', 'ja_JP.UTF-8'), ('LC_PAPER', 'ja_JP.UTF-8'), ('COLCON', '1'), ('CMAKE_PREFIX_PATH', '/home/celian/workspace/src/catkin_ws/install:/home/celian/ros/ws_mujoco/install/mujoco_ros_utils:/home/celian/workspace/src/catkin_data_ws/install')]), 'shell': False}
[0.016398] (Tasks) StdoutLine: {'line': b'/usr/bin/cmake -S/home/celian/workspace/src/Tasks -B/home/celian/workspace/build/Tasks/Tasks --check-build-system CMakeFiles/Makefile.cmake 0\n'}
[0.020907] (Tasks) StdoutLine: {'line': b'/usr/bin/cmake -E cmake_progress_start /home/celian/workspace/build/Tasks/Tasks/CMakeFiles /home/celian/workspace/build/Tasks/Tasks//CMakeFiles/progress.marks\n'}
[0.025238] (Tasks) StdoutLine: {'line': b'/usr/bin/gmake  -f CMakeFiles/Makefile2 all\n'}
[0.027233] (Tasks) StdoutLine: {'line': b"gmake[1]: Entering directory '/home/celian/workspace/build/Tasks/Tasks'\n"}
[0.027329] (Tasks) StdoutLine: {'line': b'/usr/bin/gmake  -f src/CMakeFiles/Tasks.dir/build.make src/CMakeFiles/Tasks.dir/depend\n'}
[0.032120] (Tasks) StdoutLine: {'line': b"gmake[2]: Entering directory '/home/celian/workspace/build/Tasks/Tasks'\n"}
[0.032204] (Tasks) StdoutLine: {'line': b'cd /home/celian/workspace/build/Tasks/Tasks && /usr/bin/cmake -E cmake_depends "Unix Makefiles" /home/celian/workspace/src/Tasks /home/celian/workspace/src/Tasks/src /home/celian/workspace/build/Tasks/Tasks /home/celian/workspace/build/Tasks/Tasks/src /home/celian/workspace/build/Tasks/Tasks/src/CMakeFiles/Tasks.dir/DependInfo.cmake "--color="\n'}
[0.044570] (Tasks) StdoutLine: {'line': b"gmake[2]: Leaving directory '/home/celian/workspace/build/Tasks/Tasks'\n"}
[0.044736] (Tasks) StdoutLine: {'line': b'/usr/bin/gmake  -f src/CMakeFiles/Tasks.dir/build.make src/CMakeFiles/Tasks.dir/build\n'}
[0.050675] (Tasks) StdoutLine: {'line': b"gmake[2]: Entering directory '/home/celian/workspace/build/Tasks/Tasks'\n"}
[0.050756] (Tasks) StdoutLine: {'line': b"gmake[2]: Nothing to be done for 'src/CMakeFiles/Tasks.dir/build'.\n"}
[0.050800] (Tasks) StdoutLine: {'line': b"gmake[2]: Leaving directory '/home/celian/workspace/build/Tasks/Tasks'\n"}
[0.055220] (Tasks) StdoutLine: {'line': b'[ 46%] Built target Tasks\n'}
[0.055530] (Tasks) StdoutLine: {'line': b'/usr/bin/gmake  -f tests/CMakeFiles/QPSolverTest.dir/build.make tests/CMakeFiles/QPSolverTest.dir/depend\n'}
[0.055740] (Tasks) StdoutLine: {'line': b'/usr/bin/gmake  -f tests/CMakeFiles/QPMultiRobotTest.dir/build.make tests/CMakeFiles/QPMultiRobotTest.dir/depend\n'}
[0.055968] (Tasks) StdoutLine: {'line': b'/usr/bin/gmake  -f tests/CMakeFiles/TasksTest.dir/build.make tests/CMakeFiles/TasksTest.dir/depend\n'}
[0.056134] (Tasks) StdoutLine: {'line': b'/usr/bin/gmake  -f tests/CMakeFiles/AllocationTest.dir/build.make tests/CMakeFiles/AllocationTest.dir/depend\n'}
[0.056509] (Tasks) StdoutLine: {'line': b'/usr/bin/gmake  -f binding/python/CMakeFiles/tasks_Python.dir/build.make binding/python/CMakeFiles/tasks_Python.dir/depend\n'}
[0.056925] (Tasks) StdoutLine: {'line': b'/usr/bin/gmake  -f binding/python/CMakeFiles/tasks_qp_Python.dir/build.make binding/python/CMakeFiles/tasks_qp_Python.dir/depend\n'}
[0.058796] (Tasks) StdoutLine: {'line': b"gmake[2]: Entering directory '/home/celian/workspace/build/Tasks/Tasks'\n"}
[0.058950] (Tasks) StdoutLine: {'line': b'cd /home/celian/workspace/build/Tasks/Tasks && /usr/bin/cmake -E cmake_depends "Unix Makefiles" /home/celian/workspace/src/Tasks /home/celian/workspace/src/Tasks/binding/python /home/celian/workspace/build/Tasks/Tasks /home/celian/workspace/build/Tasks/Tasks/binding/python /home/celian/workspace/build/Tasks/Tasks/binding/python/CMakeFiles/tasks_qp_Python.dir/DependInfo.cmake "--color="\n'}
[0.059166] (Tasks) StdoutLine: {'line': b"gmake[2]: Entering directory '/home/celian/workspace/build/Tasks/Tasks'\n"}
[0.059227] (Tasks) StdoutLine: {'line': b'cd /home/celian/workspace/build/Tasks/Tasks && /usr/bin/cmake -E cmake_depends "Unix Makefiles" /home/celian/workspace/src/Tasks /home/celian/workspace/src/Tasks/binding/python /home/celian/workspace/build/Tasks/Tasks /home/celian/workspace/build/Tasks/Tasks/binding/python /home/celian/workspace/build/Tasks/Tasks/binding/python/CMakeFiles/tasks_Python.dir/DependInfo.cmake "--color="\n'}
[0.059292] (Tasks) StdoutLine: {'line': b"gmake[2]: Entering directory '/home/celian/workspace/build/Tasks/Tasks'\n"}
[0.059324] (Tasks) StdoutLine: {'line': b'cd /home/celian/workspace/build/Tasks/Tasks && /usr/bin/cmake -E cmake_depends "Unix Makefiles" /home/celian/workspace/src/Tasks /home/celian/workspace/src/Tasks/tests /home/celian/workspace/build/Tasks/Tasks /home/celian/workspace/build/Tasks/Tasks/tests /home/celian/workspace/build/Tasks/Tasks/tests/CMakeFiles/QPSolverTest.dir/DependInfo.cmake "--color="\n'}
[0.059478] (Tasks) StdoutLine: {'line': b"gmake[2]: Entering directory '/home/celian/workspace/build/Tasks/Tasks'\n"}
[0.059513] (Tasks) StdoutLine: {'line': b'cd /home/celian/workspace/build/Tasks/Tasks && /usr/bin/cmake -E cmake_depends "Unix Makefiles" /home/celian/workspace/src/Tasks /home/celian/workspace/src/Tasks/tests /home/celian/workspace/build/Tasks/Tasks /home/celian/workspace/build/Tasks/Tasks/tests /home/celian/workspace/build/Tasks/Tasks/tests/CMakeFiles/TasksTest.dir/DependInfo.cmake "--color="\n'}
[0.060098] (Tasks) StdoutLine: {'line': b"gmake[2]: Entering directory '/home/celian/workspace/build/Tasks/Tasks'\n"}
[0.060129] (Tasks) StdoutLine: {'line': b'cd /home/celian/workspace/build/Tasks/Tasks && /usr/bin/cmake -E cmake_depends "Unix Makefiles" /home/celian/workspace/src/Tasks /home/celian/workspace/src/Tasks/tests /home/celian/workspace/build/Tasks/Tasks /home/celian/workspace/build/Tasks/Tasks/tests /home/celian/workspace/build/Tasks/Tasks/tests/CMakeFiles/QPMultiRobotTest.dir/DependInfo.cmake "--color="\n'}
[0.060161] (Tasks) StdoutLine: {'line': b"gmake[2]: Entering directory '/home/celian/workspace/build/Tasks/Tasks'\n"}
[0.060187] (Tasks) StdoutLine: {'line': b'cd /home/celian/workspace/build/Tasks/Tasks && /usr/bin/cmake -E cmake_depends "Unix Makefiles" /home/celian/workspace/src/Tasks /home/celian/workspace/src/Tasks/tests /home/celian/workspace/build/Tasks/Tasks /home/celian/workspace/build/Tasks/Tasks/tests /home/celian/workspace/build/Tasks/Tasks/tests/CMakeFiles/AllocationTest.dir/DependInfo.cmake "--color="\n'}
[0.062799] (Tasks) StdoutLine: {'line': b"gmake[2]: Leaving directory '/home/celian/workspace/build/Tasks/Tasks'\n"}
[0.062933] (Tasks) StdoutLine: {'line': b"gmake[2]: Leaving directory '/home/celian/workspace/build/Tasks/Tasks'\n"}
[0.062987] (Tasks) StdoutLine: {'line': b'/usr/bin/gmake  -f tests/CMakeFiles/QPMultiRobotTest.dir/build.make tests/CMakeFiles/QPMultiRobotTest.dir/build\n'}
[0.063208] (Tasks) StdoutLine: {'line': b'/usr/bin/gmake  -f tests/CMakeFiles/QPSolverTest.dir/build.make tests/CMakeFiles/QPSolverTest.dir/build\n'}
[0.063573] (Tasks) StdoutLine: {'line': b"gmake[2]: Leaving directory '/home/celian/workspace/build/Tasks/Tasks'\n"}
[0.063685] (Tasks) StdoutLine: {'line': b"gmake[2]: Leaving directory '/home/celian/workspace/build/Tasks/Tasks'\n"}
[0.063781] (Tasks) StdoutLine: {'line': b'/usr/bin/gmake  -f tests/CMakeFiles/AllocationTest.dir/build.make tests/CMakeFiles/AllocationTest.dir/build\n'}
[0.063941] (Tasks) StdoutLine: {'line': b'/usr/bin/gmake  -f tests/CMakeFiles/TasksTest.dir/build.make tests/CMakeFiles/TasksTest.dir/build\n'}
[0.064267] (Tasks) StdoutLine: {'line': b"gmake[2]: Leaving directory '/home/celian/workspace/build/Tasks/Tasks'\n"}
[0.064436] (Tasks) StdoutLine: {'line': b'/usr/bin/gmake  -f binding/python/CMakeFiles/tasks_Python.dir/build.make binding/python/CMakeFiles/tasks_Python.dir/build\n'}
[0.064535] (Tasks) StdoutLine: {'line': b"gmake[2]: Leaving directory '/home/celian/workspace/build/Tasks/Tasks'\n"}
[0.064592] (Tasks) StdoutLine: {'line': b'/usr/bin/gmake  -f binding/python/CMakeFiles/tasks_qp_Python.dir/build.make binding/python/CMakeFiles/tasks_qp_Python.dir/build\n'}
[0.066615] (Tasks) StdoutLine: {'line': b"gmake[2]: Entering directory '/home/celian/workspace/build/Tasks/Tasks'\n"}
[0.066653] (Tasks) StdoutLine: {'line': b"gmake[2]: Nothing to be done for 'binding/python/CMakeFiles/tasks_Python.dir/build'.\n"}
[0.066680] (Tasks) StdoutLine: {'line': b"gmake[2]: Leaving directory '/home/celian/workspace/build/Tasks/Tasks'\n"}
[0.066815] (Tasks) StdoutLine: {'line': b"gmake[2]: Entering directory '/home/celian/workspace/build/Tasks/Tasks'\n"}
[0.066844] (Tasks) StdoutLine: {'line': b"gmake[2]: Nothing to be done for 'binding/python/CMakeFiles/tasks_qp_Python.dir/build'.\n"}
[0.066869] (Tasks) StdoutLine: {'line': b"gmake[2]: Leaving directory '/home/celian/workspace/build/Tasks/Tasks'\n"}
[0.067026] (Tasks) StdoutLine: {'line': b"gmake[2]: Entering directory '/home/celian/workspace/build/Tasks/Tasks'\n"}
[0.067470] (Tasks) StdoutLine: {'line': b"gmake[2]: Entering directory '/home/celian/workspace/build/Tasks/Tasks'\n"}
[0.068502] (Tasks) StdoutLine: {'line': b"gmake[2]: Entering directory '/home/celian/workspace/build/Tasks/Tasks'\n"}
[0.068886] (Tasks) StdoutLine: {'line': b'[ 57%] Built target tasks_qp_Python\n'}
[0.068977] (Tasks) StdoutLine: {'line': b'[ 61%] \x1b[32m\x1b[1mLinking CXX executable QPSolverTest\x1b[0m\n'}
[0.069027] (Tasks) StdoutLine: {'line': b"gmake[2]: Entering directory '/home/celian/workspace/build/Tasks/Tasks'\n"}
[0.069216] (Tasks) StdoutLine: {'line': b'cd /home/celian/workspace/build/Tasks/Tasks/tests && /usr/bin/cmake -E cmake_link_script CMakeFiles/QPSolverTest.dir/link.txt --verbose=1\n'}
[0.069312] (Tasks) StdoutLine: {'line': b'[ 65%] \x1b[32m\x1b[1mLinking CXX executable TasksTest\x1b[0m\n'}
[0.069626] (Tasks) StdoutLine: {'line': b'cd /home/celian/workspace/build/Tasks/Tasks/tests && /usr/bin/cmake -E cmake_link_script CMakeFiles/TasksTest.dir/link.txt --verbose=1\n'}
[0.069713] (Tasks) StdoutLine: {'line': b'[ 76%] Built target tasks_Python\n'}
[0.070813] (Tasks) StdoutLine: {'line': b'[ 80%] \x1b[32m\x1b[1mLinking CXX executable QPMultiRobotTest\x1b[0m\n'}
[0.071112] (Tasks) StdoutLine: {'line': b'cd /home/celian/workspace/build/Tasks/Tasks/tests && /usr/bin/cmake -E cmake_link_script CMakeFiles/QPMultiRobotTest.dir/link.txt --verbose=1\n'}
[0.072124] (Tasks) StdoutLine: {'line': b'/usr/bin/c++  -pedantic -Wno-long-long -Wall -Wextra -Wcast-align -Wcast-qual -Wformat -Wwrite-strings -Wconversion  -Wall -Wextra -pedantic CMakeFiles/QPSolverTest.dir/QPSolverTest.cpp.o -o QPSolverTest  -Wl,-rpath,/home/celian/workspace/build/Tasks/Tasks/src:/home/celian/workspace/install/lib ../src/libTasks.so.1.8.1 /usr/lib/x86_64-linux-gnu/libboost_unit_test_framework.so.1.74.0 /home/celian/workspace/install/lib/libRBDyn.so.1.9.1 /home/celian/workspace/install/lib/libsch-core.so.1.4.2 /usr/lib/x86_64-linux-gnu/libboost_serialization.so.1.74.0 /home/celian/workspace/install/lib/libeigen-qld.so.1.2.5 /usr/lib/x86_64-linux-gnu/libboost_timer.so.1.74.0 /usr/lib/x86_64-linux-gnu/libboost_chrono.so.1.74.0\n'}
[0.072207] (Tasks) StdoutLine: {'line': b'[ 84%] \x1b[32m\x1b[1mLinking CXX executable AllocationTest\x1b[0m\n'}
[0.072649] (Tasks) StdoutLine: {'line': b'cd /home/celian/workspace/build/Tasks/Tasks/tests && /usr/bin/cmake -E cmake_link_script CMakeFiles/AllocationTest.dir/link.txt --verbose=1\n'}
[0.072741] (Tasks) StdoutLine: {'line': b'/usr/bin/c++  -pedantic -Wno-long-long -Wall -Wextra -Wcast-align -Wcast-qual -Wformat -Wwrite-strings -Wconversion  -Wall -Wextra -pedantic CMakeFiles/TasksTest.dir/TasksTest.cpp.o -o TasksTest  -Wl,-rpath,/home/celian/workspace/build/Tasks/Tasks/src:/home/celian/workspace/install/lib ../src/libTasks.so.1.8.1 /usr/lib/x86_64-linux-gnu/libboost_unit_test_framework.so.1.74.0 /home/celian/workspace/install/lib/libRBDyn.so.1.9.1 /home/celian/workspace/install/lib/libsch-core.so.1.4.2 /usr/lib/x86_64-linux-gnu/libboost_serialization.so.1.74.0 /home/celian/workspace/install/lib/libeigen-qld.so.1.2.5 /usr/lib/x86_64-linux-gnu/libboost_timer.so.1.74.0 /usr/lib/x86_64-linux-gnu/libboost_chrono.so.1.74.0\n'}
[0.074145] (Tasks) StdoutLine: {'line': b'/usr/bin/c++  -pedantic -Wno-long-long -Wall -Wextra -Wcast-align -Wcast-qual -Wformat -Wwrite-strings -Wconversion  -Wall -Wextra -pedantic CMakeFiles/QPMultiRobotTest.dir/QPMultiRobotTest.cpp.o -o QPMultiRobotTest  -Wl,-rpath,/home/celian/workspace/build/Tasks/Tasks/src:/home/celian/workspace/install/lib ../src/libTasks.so.1.8.1 /usr/lib/x86_64-linux-gnu/libboost_unit_test_framework.so.1.74.0 /home/celian/workspace/install/lib/libRBDyn.so.1.9.1 /home/celian/workspace/install/lib/libsch-core.so.1.4.2 /usr/lib/x86_64-linux-gnu/libboost_serialization.so.1.74.0 /home/celian/workspace/install/lib/libeigen-qld.so.1.2.5 /usr/lib/x86_64-linux-gnu/libboost_timer.so.1.74.0 /usr/lib/x86_64-linux-gnu/libboost_chrono.so.1.74.0\n'}
[0.074892] (Tasks) StdoutLine: {'line': b'/usr/bin/c++  -pedantic -Wno-long-long -Wall -Wextra -Wcast-align -Wcast-qual -Wformat -Wwrite-strings -Wconversion  -Wall -Wextra -pedantic CMakeFiles/AllocationTest.dir/AllocationTest.cpp.o -o AllocationTest  -Wl,-rpath,/home/celian/workspace/build/Tasks/Tasks/src:/home/celian/workspace/install/lib ../src/libTasks.so.1.8.1 /usr/lib/x86_64-linux-gnu/libboost_unit_test_framework.so.1.74.0 /home/celian/workspace/install/lib/libRBDyn.so.1.9.1 /home/celian/workspace/install/lib/libsch-core.so.1.4.2 /usr/lib/x86_64-linux-gnu/libboost_serialization.so.1.74.0 /home/celian/workspace/install/lib/libeigen-qld.so.1.2.5 /usr/lib/x86_64-linux-gnu/libboost_timer.so.1.74.0 /usr/lib/x86_64-linux-gnu/libboost_chrono.so.1.74.0\n'}
[0.099712] (-) TimerEvent: {}
[0.200108] (-) TimerEvent: {}
[0.264324] (Tasks) StderrLine: {'line': b"/usr/bin/ld: ../src/libTasks.so.1.8.1: undefined reference to `fmt::v8::detail::error_handler::on_error(char const*)'\n"}
[0.264627] (Tasks) StderrLine: {'line': b"/usr/bin/ld: ../src/libTasks.so.1.8.1: undefined reference to `int fmt::v8::detail::snprintf_float<double>(double, int, fmt::v8::detail::float_specs, fmt::v8::detail::buffer<char>&)'\n"}
[0.265071] (Tasks) StderrLine: {'line': b"/usr/bin/ld: ../src/libTasks.so.1.8.1: undefined reference to `fmt::v8::detail::thousands_sep_result<char> fmt::v8::detail::thousands_sep_impl<char>(fmt::v8::detail::locale_ref)'\n"}
[0.265435] (Tasks) StderrLine: {'line': b"/usr/bin/ld: ../src/libTasks.so.1.8.1: undefined reference to `char fmt::v8::detail::decimal_point_impl<char>(fmt::v8::detail::locale_ref)'\n"}
[0.265823] (Tasks) StderrLine: {'line': b"/usr/bin/ld: ../src/libTasks.so.1.8.1: undefined reference to `fmt::v8::detail::dragonbox::decimal_fp<float> fmt::v8::detail::dragonbox::to_decimal<float>(float)'\n"}
[0.265940] (Tasks) StderrLine: {'line': b"/usr/bin/ld: ../src/libTasks.so.1.8.1: undefined reference to `int fmt::v8::detail::snprintf_float<long double>(long double, int, fmt::v8::detail::float_specs, fmt::v8::detail::buffer<char>&)'\n"}
[0.266287] (Tasks) StderrLine: {'line': b"/usr/bin/ld: ../src/libTasks.so.1.8.1: undefined reference to `fmt::v8::detail::assert_fail(char const*, int, char const*)'\n"}
[0.267368] (Tasks) StderrLine: {'line': b"/usr/bin/ld: ../src/libTasks.so.1.8.1: undefined reference to `fmt::v8::detail::dragonbox::decimal_fp<double> fmt::v8::detail::dragonbox::to_decimal<double>(double)'\n"}
[0.267991] (Tasks) StderrLine: {'line': b"/usr/bin/ld: ../src/libTasks.so.1.8.1: undefined reference to `fmt::v8::detail::throw_format_error(char const*)'\n"}
[0.268425] (Tasks) StderrLine: {'line': b"/usr/bin/ld: ../src/libTasks.so.1.8.1: undefined reference to `int fmt::v8::detail::format_float<double>(double, int, fmt::v8::detail::float_specs, fmt::v8::detail::buffer<char>&)'\n"}
[0.268540] (Tasks) StderrLine: {'line': b"/usr/bin/ld: ../src/libTasks.so.1.8.1: undefined reference to `int fmt::v8::detail::format_float<long double>(long double, int, fmt::v8::detail::float_specs, fmt::v8::detail::buffer<char>&)'\n"}
[0.274010] (Tasks) StderrLine: {'line': b'collect2: error: ld returned 1 exit status\n'}
[0.275691] (Tasks) StderrLine: {'line': b'gmake[2]: *** [tests/CMakeFiles/AllocationTest.dir/build.make:111: tests/AllocationTest] Error 1\n'}
[0.275833] (Tasks) StdoutLine: {'line': b"gmake[2]: Leaving directory '/home/celian/workspace/build/Tasks/Tasks'\n"}
[0.276086] (Tasks) StderrLine: {'line': b'gmake[1]: *** [CMakeFiles/Makefile2:1816: tests/CMakeFiles/AllocationTest.dir/all] Error 2\n'}
[0.276173] (Tasks) StderrLine: {'line': b'gmake[1]: *** Waiting for unfinished jobs....\n'}
[0.279428] (Tasks) StderrLine: {'line': b"/usr/bin/ld: ../src/libTasks.so.1.8.1: undefined reference to `fmt::v8::detail::error_handler::on_error(char const*)'\n"}
[0.280033] (Tasks) StderrLine: {'line': b"/usr/bin/ld: ../src/libTasks.so.1.8.1: undefined reference to `int fmt::v8::detail::snprintf_float<double>(double, int, fmt::v8::detail::float_specs, fmt::v8::detail::buffer<char>&)'\n"}
[0.280560] (Tasks) StderrLine: {'line': b"/usr/bin/ld: ../src/libTasks.so.1.8.1: undefined reference to `fmt::v8::detail::thousands_sep_result<char> fmt::v8::detail::thousands_sep_impl<char>(fmt::v8::detail::locale_ref)'\n"}
[0.280717] (Tasks) StderrLine: {'line': b"/usr/bin/ld: ../src/libTasks.so.1.8.1: undefined reference to `char fmt::v8::detail::decimal_point_impl<char>(fmt::v8::detail::locale_ref)'\n"}
[0.281669] (Tasks) StderrLine: {'line': b"/usr/bin/ld: ../src/libTasks.so.1.8.1: undefined reference to `fmt::v8::detail::dragonbox::decimal_fp<float> fmt::v8::detail::dragonbox::to_decimal<float>(float)'\n"}
[0.281974] (Tasks) StderrLine: {'line': b"/usr/bin/ld: ../src/libTasks.so.1.8.1: undefined reference to `int fmt::v8::detail::snprintf_float<long double>(long double, int, fmt::v8::detail::float_specs, fmt::v8::detail::buffer<char>&)'\n"}
[0.282687] (Tasks) StderrLine: {'line': b"/usr/bin/ld: ../src/libTasks.so.1.8.1: undefined reference to `fmt::v8::detail::assert_fail(char const*, int, char const*)'\n"}
[0.284267] (Tasks) StderrLine: {'line': b"/usr/bin/ld: ../src/libTasks.so.1.8.1: undefined reference to `fmt::v8::detail::dragonbox::decimal_fp<double> fmt::v8::detail::dragonbox::to_decimal<double>(double)'\n"}
[0.285014] (Tasks) StderrLine: {'line': b"/usr/bin/ld: ../src/libTasks.so.1.8.1: undefined reference to `fmt::v8::detail::throw_format_error(char const*)'\n"}
[0.285411] (Tasks) StderrLine: {'line': b"/usr/bin/ld: ../src/libTasks.so.1.8.1: undefined reference to `int fmt::v8::detail::format_float<double>(double, int, fmt::v8::detail::float_specs, fmt::v8::detail::buffer<char>&)'\n"}
[0.285495] (Tasks) StderrLine: {'line': b"/usr/bin/ld: ../src/libTasks.so.1.8.1: undefined reference to `int fmt::v8::detail::format_float<long double>(long double, int, fmt::v8::detail::float_specs, fmt::v8::detail::buffer<char>&)'\n"}
[0.291975] (Tasks) StderrLine: {'line': b'collect2: error: ld returned 1 exit status\n'}
[0.293030] (Tasks) StderrLine: {'line': b'gmake[2]: *** [tests/CMakeFiles/TasksTest.dir/build.make:111: tests/TasksTest] Error 1\n'}
[0.293165] (Tasks) StdoutLine: {'line': b"gmake[2]: Leaving directory '/home/celian/workspace/build/Tasks/Tasks'\n"}
[0.293268] (Tasks) StderrLine: {'line': b'gmake[1]: *** [CMakeFiles/Makefile2:1784: tests/CMakeFiles/TasksTest.dir/all] Error 2\n'}
[0.300202] (-) TimerEvent: {}
[0.330726] (Tasks) StderrLine: {'line': b"/usr/bin/ld: ../src/libTasks.so.1.8.1: undefined reference to `fmt::v8::detail::error_handler::on_error(char const*)'\n"}
[0.331052] (Tasks) StderrLine: {'line': b"/usr/bin/ld: ../src/libTasks.so.1.8.1: undefined reference to `int fmt::v8::detail::snprintf_float<double>(double, int, fmt::v8::detail::float_specs, fmt::v8::detail::buffer<char>&)'\n"}
[0.331633] (Tasks) StderrLine: {'line': b"/usr/bin/ld: ../src/libTasks.so.1.8.1: undefined reference to `fmt::v8::detail::thousands_sep_result<char> fmt::v8::detail::thousands_sep_impl<char>(fmt::v8::detail::locale_ref)'\n"}
[0.331802] (Tasks) StderrLine: {'line': b"/usr/bin/ld: ../src/libTasks.so.1.8.1: undefined reference to `char fmt::v8::detail::decimal_point_impl<char>(fmt::v8::detail::locale_ref)'\n"}
[0.332421] (Tasks) StderrLine: {'line': b"/usr/bin/ld: ../src/libTasks.so.1.8.1: undefined reference to `fmt::v8::detail::dragonbox::decimal_fp<float> fmt::v8::detail::dragonbox::to_decimal<float>(float)'\n"}
[0.332572] (Tasks) StderrLine: {'line': b"/usr/bin/ld: ../src/libTasks.so.1.8.1: undefined reference to `int fmt::v8::detail::snprintf_float<long double>(long double, int, fmt::v8::detail::float_specs, fmt::v8::detail::buffer<char>&)'\n"}
[0.333118] (Tasks) StderrLine: {'line': b"/usr/bin/ld: ../src/libTasks.so.1.8.1: undefined reference to `fmt::v8::detail::assert_fail(char const*, int, char const*)'\n"}
[0.334493] (Tasks) StderrLine: {'line': b"/usr/bin/ld: ../src/libTasks.so.1.8.1: undefined reference to `fmt::v8::detail::dragonbox::decimal_fp<double> fmt::v8::detail::dragonbox::to_decimal<double>(double)'\n"}
[0.334713] (Tasks) StderrLine: {'line': b"/usr/bin/ld: ../src/libTasks.so.1.8.1: undefined reference to `fmt::v8::detail::error_handler::on_error(char const*)'\n"}
[0.335351] (Tasks) StderrLine: {'line': b"/usr/bin/ld: ../src/libTasks.so.1.8.1: undefined reference to `fmt::v8::detail::throw_format_error(char const*)'\n"}
[0.335436] (Tasks) StderrLine: {'line': b"/usr/bin/ld: ../src/libTasks.so.1.8.1: undefined reference to `int fmt::v8::detail::snprintf_float<double>(double, int, fmt::v8::detail::float_specs, fmt::v8::detail::buffer<char>&)'\n"}
[0.335844] (Tasks) StderrLine: {'line': b"/usr/bin/ld: ../src/libTasks.so.1.8.1: undefined reference to `int fmt::v8::detail::format_float<double>(double, int, fmt::v8::detail::float_specs, fmt::v8::detail::buffer<char>&)'\n"}
[0.335911] (Tasks) StderrLine: {'line': b"/usr/bin/ld: ../src/libTasks.so.1.8.1: undefined reference to `int fmt::v8::detail::format_float<long double>(long double, int, fmt::v8::detail::float_specs, fmt::v8::detail::buffer<char>&)'\n"}
[0.336109] (Tasks) StderrLine: {'line': b"/usr/bin/ld: ../src/libTasks.so.1.8.1: undefined reference to `fmt::v8::detail::thousands_sep_result<char> fmt::v8::detail::thousands_sep_impl<char>(fmt::v8::detail::locale_ref)'\n"}
[0.336196] (Tasks) StderrLine: {'line': b"/usr/bin/ld: ../src/libTasks.so.1.8.1: undefined reference to `char fmt::v8::detail::decimal_point_impl<char>(fmt::v8::detail::locale_ref)'\n"}
[0.336866] (Tasks) StderrLine: {'line': b"/usr/bin/ld: ../src/libTasks.so.1.8.1: undefined reference to `fmt::v8::detail::dragonbox::decimal_fp<float> fmt::v8::detail::dragonbox::to_decimal<float>(float)'\n"}
[0.337043] (Tasks) StderrLine: {'line': b"/usr/bin/ld: ../src/libTasks.so.1.8.1: undefined reference to `int fmt::v8::detail::snprintf_float<long double>(long double, int, fmt::v8::detail::float_specs, fmt::v8::detail::buffer<char>&)'\n"}
[0.337627] (Tasks) StderrLine: {'line': b"/usr/bin/ld: ../src/libTasks.so.1.8.1: undefined reference to `fmt::v8::detail::assert_fail(char const*, int, char const*)'\n"}
[0.339376] (Tasks) StderrLine: {'line': b"/usr/bin/ld: ../src/libTasks.so.1.8.1: undefined reference to `fmt::v8::detail::dragonbox::decimal_fp<double> fmt::v8::detail::dragonbox::to_decimal<double>(double)'\n"}
[0.340336] (Tasks) StderrLine: {'line': b"/usr/bin/ld: ../src/libTasks.so.1.8.1: undefined reference to `fmt::v8::detail::throw_format_error(char const*)'\n"}
[0.340906] (Tasks) StderrLine: {'line': b"/usr/bin/ld: ../src/libTasks.so.1.8.1: undefined reference to `int fmt::v8::detail::format_float<double>(double, int, fmt::v8::detail::float_specs, fmt::v8::detail::buffer<char>&)'\n"}
[0.341016] (Tasks) StderrLine: {'line': b"/usr/bin/ld: ../src/libTasks.so.1.8.1: undefined reference to `int fmt::v8::detail::format_float<long double>(long double, int, fmt::v8::detail::float_specs, fmt::v8::detail::buffer<char>&)'\n"}
[0.343699] (Tasks) StderrLine: {'line': b'collect2: error: ld returned 1 exit status\n'}
[0.345403] (Tasks) StderrLine: {'line': b'gmake[2]: *** [tests/CMakeFiles/QPMultiRobotTest.dir/build.make:111: tests/QPMultiRobotTest] Error 1\n'}
[0.345605] (Tasks) StdoutLine: {'line': b"gmake[2]: Leaving directory '/home/celian/workspace/build/Tasks/Tasks'\n"}
[0.345736] (Tasks) StderrLine: {'line': b'gmake[1]: *** [CMakeFiles/Makefile2:1752: tests/CMakeFiles/QPMultiRobotTest.dir/all] Error 2\n'}
[0.352021] (Tasks) StderrLine: {'line': b'collect2: error: ld returned 1 exit status\n'}
[0.353367] (Tasks) StderrLine: {'line': b'gmake[2]: *** [tests/CMakeFiles/QPSolverTest.dir/build.make:111: tests/QPSolverTest] Error 1\n'}
[0.353463] (Tasks) StdoutLine: {'line': b"gmake[2]: Leaving directory '/home/celian/workspace/build/Tasks/Tasks'\n"}
[0.353553] (Tasks) StderrLine: {'line': b'gmake[1]: *** [CMakeFiles/Makefile2:1720: tests/CMakeFiles/QPSolverTest.dir/all] Error 2\n'}
[0.353622] (Tasks) StdoutLine: {'line': b"gmake[1]: Leaving directory '/home/celian/workspace/build/Tasks/Tasks'\n"}
[0.353751] (Tasks) StderrLine: {'line': b'gmake: *** [Makefile:149: all] Error 2\n'}
[0.355667] (Tasks) CommandEnded: {'returncode': 2}
[0.356038] (Tasks) JobEnded: {'identifier': 'Tasks', 'rc': 2}
[0.366106] (-) EventReactorShutdown: {}
