[0.008s] Invoking command in '/home/celian/workspace/src/Tasks/build/Tasks': /usr/bin/cmake /home/celian/workspace/src/Tasks -DCMAKE_INSTALL_PREFIX=/home/celian/workspace/src/Tasks/install
[0.016s] [0mCMake Deprecation Warning at CMakeLists.txt:5 (cmake_minimum_required):
[0.016s]   Compatibility with CMake < 3.10 will be removed from a future version of
[0.016s]   CMake.
[0.016s]
[0.016s]   Update the VERSION argument <min> value.  Or, use the <min>...<max> syntax
[0.016s]   to tell CMake that the project requires at least <min> but has been updated
[0.016s]   to work with policies introduced by <max> or earlier.
[0.016s]
[0.017s] [0m
[0.021s] -- Configuring "Tasks" (https://github.com/jrl-umi3218/Tasks)
[0.069s] -- The CXX compiler identification is GNU 11.4.0
[0.076s] -- Detecting CXX compiler ABI info
[0.126s] -- Detecting CXX compiler ABI info - done
[0.136s] -- Check for working CXX compiler: /usr/bin/c++ - skipped
[0.137s] -- Detecting CXX compile features
[0.137s] -- Detecting CXX compile features - done
[0.153s] -- Found PkgConfig: /usr/bin/pkg-config (found version "0.29.2")
[0.583s] -- Found Python: /usr/bin/python (found version "3.10.12") found components: Interpreter Development NumPy Development.Module Development.Embed
[0.583s] -- Performing Test R-pedantic
[0.638s] -- Performing Test R-pedantic - Success
[0.639s] -- Performing Test R-Wno-long-long
[0.691s] -- Performing Test R-Wno-long-long - Success
[0.692s] -- Performing Test R-Wall
[0.741s] -- Performing Test R-Wall - Success
[0.741s] -- Performing Test R-Wextra
[0.796s] -- Performing Test R-Wextra - Success
[0.797s] -- Performing Test R-Wcast-align
[0.849s] -- Performing Test R-Wcast-align - Success
[0.850s] -- Performing Test R-Wcast-qual
[0.901s] -- Performing Test R-Wcast-qual - Success
[0.901s] -- Performing Test R-Wformat
[0.952s] -- Performing Test R-Wformat - Success
[0.953s] -- Performing Test R-Wwrite-strings
[1.003s] -- Performing Test R-Wwrite-strings - Success
[1.003s] -- Performing Test R-Wconversion
[1.051s] -- Performing Test R-Wconversion - Success
[1.159s] -- Found Doxygen: /usr/bin/doxygen (found version "1.9.1") found components: doxygen dot
[1.206s] -- Performing Test SSE2_SUPPORTED
[1.261s] -- Performing Test SSE2_SUPPORTED - Success
[1.270s] [33mCMake Warning (dev) at /usr/share/cmake-4.0/Modules/CMakeFindDependencyMacro.cmake:78 (find_package):
[1.270s]   Policy CMP0167 is not set: The FindBoost module is removed.  Run "cmake
[1.270s]   --help-policy CMP0167" for policy details.  Use the cmake_policy command to
[1.270s]   set the policy and suppress this warning.
[1.270s]
[1.270s] Call Stack (most recent call first):
[1.270s]   /home/celian/workspace/install/lib/cmake/RBDyn/RBDynConfig.cmake:148 (find_dependency)
[1.270s]   cmake/package-config.cmake:110 (find_package)
[1.270s]   CMakeLists.txt:40 (add_project_dependency)
[1.270s] This warning is for project developers.  Use -Wno-dev to suppress it.
[1.270s] [0m
[1.276s] -- Found Boost: /usr/lib/x86_64-linux-gnu/cmake/Boost-1.74.0/BoostConfig.cmake (found version "1.74.0") found components: system
[1.280s] -- Found RBDyn_TinyXML2: /usr/lib/x86_64-linux-gnu/libtinyxml2.so
[1.285s] -- sch-core not FOUND.
[1.285s] [33mCMake Warning (dev) at /usr/share/cmake-4.0/Modules/CMakeFindDependencyMacro.cmake:78 (find_package):
[1.285s]   Policy CMP0167 is not set: The FindBoost module is removed.  Run "cmake
[1.285s]   --help-policy CMP0167" for policy details.  Use the cmake_policy command to
[1.285s]   set the policy and suppress this warning.
[1.286s]
[1.286s] Call Stack (most recent call first):
[1.286s]   /home/celian/workspace/install/lib/cmake/sch-core/sch-coreConfig.cmake:144 (find_dependency)
[1.286s]   cmake/package-config.cmake:110 (find_package)
[1.286s]   CMakeLists.txt:41 (add_project_dependency)
[1.286s] This warning is for project developers.  Use -Wno-dev to suppress it.
[1.286s] [0m
[1.290s] -- Found Boost: /usr/lib/x86_64-linux-gnu/cmake/Boost-1.74.0/BoostConfig.cmake (found version "1.74.0") found components: serialization
[1.299s] [33mCMake Warning (dev) at cmake/package-config.cmake:110 (find_package):
[1.299s]   Policy CMP0167 is not set: The FindBoost module is removed.  Run "cmake
[1.300s]   --help-policy CMP0167" for policy details.  Use the cmake_policy command to
[1.300s]   set the policy and suppress this warning.
[1.300s]
[1.300s] Call Stack (most recent call first):
[1.300s]   src/CMakeLists.txt:38 (add_project_dependency)
[1.300s] This warning is for project developers.  Use -Wno-dev to suppress it.
[1.300s] [0m
[1.305s] -- Found Boost: /usr/lib/x86_64-linux-gnu/cmake/Boost-1.74.0/BoostConfig.cmake (found version "1.74.0") found components: timer
[1.305s] -- target_type: SHARED_LIBRARY
[1.306s] [33mCMake Warning (dev) at tests/CMakeLists.txt:7 (find_package):
[1.306s]   Policy CMP0167 is not set: The FindBoost module is removed.  Run "cmake
[1.306s]   --help-policy CMP0167" for policy details.  Use the cmake_policy command to
[1.306s]   set the policy and suppress this warning.
[1.306s]
[1.306s] This warning is for project developers.  Use -Wno-dev to suppress it.
[1.306s] [0m
[1.312s] -- Found Boost: /usr/lib/x86_64-linux-gnu/cmake/Boost-1.74.0/BoostConfig.cmake (found version "1.74.0") found components: unit_test_framework timer system
[1.333s] <string>:1: DeprecationWarning: The distutils package is deprecated and slated for removal in Python 3.12. Use setuptools or check PEP 632 for potential alternatives
[1.334s] <string>:1: DeprecationWarning: The distutils.sysconfig module is deprecated, use sysconfig instead
[1.350s] -- Doxygen rendering: using MathJax backend
[1.356s] -- Configuring done (1.3s)
[1.381s] -- Generating done (0.0s)
[1.387s] -- Build files have been written to: /home/celian/workspace/build/Tasks/Tasks
[1.393s] Invoked command in '/home/celian/workspace/src/Tasks/build/Tasks' returned '0': /usr/bin/cmake /home/celian/workspace/src/Tasks -DCMAKE_INSTALL_PREFIX=/home/celian/workspace/src/Tasks/install
[1.395s] Invoking command in '/home/celian/workspace/src/Tasks/build/Tasks': /usr/bin/cmake --build /home/celian/workspace/src/Tasks/build/Tasks -- -j22 -l22
[1.402s] /usr/bin/cmake -S/home/celian/workspace/src/Tasks -B/home/celian/workspace/build/Tasks/Tasks --check-build-system CMakeFiles/Makefile.cmake 0
[1.408s] /usr/bin/cmake -E cmake_progress_start /home/celian/workspace/build/Tasks/Tasks/CMakeFiles /home/celian/workspace/build/Tasks/Tasks//CMakeFiles/progress.marks
[1.410s] /usr/bin/gmake  -f CMakeFiles/Makefile2 all
[1.413s] gmake[1]: Entering directory '/home/celian/workspace/build/Tasks/Tasks'
[1.413s] /usr/bin/gmake  -f src/CMakeFiles/Tasks.dir/build.make src/CMakeFiles/Tasks.dir/depend
[1.414s] gmake[2]: Entering directory '/home/celian/workspace/build/Tasks/Tasks'
[1.414s] cd /home/celian/workspace/build/Tasks/Tasks && /usr/bin/cmake -E cmake_depends "Unix Makefiles" /home/celian/workspace/src/Tasks /home/celian/workspace/src/Tasks/src /home/celian/workspace/build/Tasks/Tasks /home/celian/workspace/build/Tasks/Tasks/src /home/celian/workspace/build/Tasks/Tasks/src/CMakeFiles/Tasks.dir/DependInfo.cmake "--color="
[1.419s] gmake[2]: Leaving directory '/home/celian/workspace/build/Tasks/Tasks'
[1.419s] /usr/bin/gmake  -f src/CMakeFiles/Tasks.dir/build.make src/CMakeFiles/Tasks.dir/build
[1.421s] gmake[2]: Entering directory '/home/celian/workspace/build/Tasks/Tasks'
[1.423s] [  3%] [32mBuilding CXX object src/CMakeFiles/Tasks.dir/Tasks.cpp.o[0m
[1.424s] cd /home/celian/workspace/build/Tasks/Tasks/src && /usr/bin/c++ -DBOOST_ALL_NO_LIB -DBOOST_CHRONO_DYN_LINK -DBOOST_SERIALIZATION_DYN_LINK -DBOOST_TIMER_DYN_LINK -DTasks_EXPORTS -I/home/celian/workspace/build/Tasks/Tasks -I/home/celian/workspace/build/Tasks/Tasks/include -I/home/celian/workspace/src/Tasks/include -I/home/celian/workspace/src/Tasks/src -I/home/celian/workspace/build/Tasks/Tasks/src/../include -isystem /home/celian/workspace/install/include -isystem /usr/include/eigen3 -pedantic -Wno-long-long -Wall -Wextra -Wcast-align -Wcast-qual -Wformat -Wwrite-strings -Wconversion  -Wall -Wextra -pedantic -std=gnu++17 -fPIC   -mfpmath=sse -msse2 -Dtasks_EXPORTS -MD -MT src/CMakeFiles/Tasks.dir/Tasks.cpp.o -MF CMakeFiles/Tasks.dir/Tasks.cpp.o.d -o CMakeFiles/Tasks.dir/Tasks.cpp.o -c /home/celian/workspace/src/Tasks/src/Tasks.cpp
[1.425s] [  7%] [32mBuilding CXX object src/CMakeFiles/Tasks.dir/QPContacts.cpp.o[0m
[1.425s] [ 11%] [32mBuilding CXX object src/CMakeFiles/Tasks.dir/QPSolver.cpp.o[0m
[1.425s] [ 15%] [32mBuilding CXX object src/CMakeFiles/Tasks.dir/QPMotionConstr.cpp.o[0m
[1.425s] cd /home/celian/workspace/build/Tasks/Tasks/src && /usr/bin/c++ -DBOOST_ALL_NO_LIB -DBOOST_CHRONO_DYN_LINK -DBOOST_SERIALIZATION_DYN_LINK -DBOOST_TIMER_DYN_LINK -DTasks_EXPORTS -I/home/celian/workspace/build/Tasks/Tasks -I/home/celian/workspace/build/Tasks/Tasks/include -I/home/celian/workspace/src/Tasks/include -I/home/celian/workspace/src/Tasks/src -I/home/celian/workspace/build/Tasks/Tasks/src/../include -isystem /home/celian/workspace/install/include -isystem /usr/include/eigen3 -pedantic -Wno-long-long -Wall -Wextra -Wcast-align -Wcast-qual -Wformat -Wwrite-strings -Wconversion  -Wall -Wextra -pedantic -std=gnu++17 -fPIC   -mfpmath=sse -msse2 -Dtasks_EXPORTS -MD -MT src/CMakeFiles/Tasks.dir/QPContacts.cpp.o -MF CMakeFiles/Tasks.dir/QPContacts.cpp.o.d -o CMakeFiles/Tasks.dir/QPContacts.cpp.o -c /home/celian/workspace/src/Tasks/src/QPContacts.cpp
[1.425s] [ 19%] [32mBuilding CXX object src/CMakeFiles/Tasks.dir/QPTasks.cpp.o[0m
[1.425s] [ 23%] [32mBuilding CXX object src/CMakeFiles/Tasks.dir/QPConstr.cpp.o[0m
[1.425s] cd /home/celian/workspace/build/Tasks/Tasks/src && /usr/bin/c++ -DBOOST_ALL_NO_LIB -DBOOST_CHRONO_DYN_LINK -DBOOST_SERIALIZATION_DYN_LINK -DBOOST_TIMER_DYN_LINK -DTasks_EXPORTS -I/home/celian/workspace/build/Tasks/Tasks -I/home/celian/workspace/build/Tasks/Tasks/include -I/home/celian/workspace/src/Tasks/include -I/home/celian/workspace/src/Tasks/src -I/home/celian/workspace/build/Tasks/Tasks/src/../include -isystem /home/celian/workspace/install/include -isystem /usr/include/eigen3 -pedantic -Wno-long-long -Wall -Wextra -Wcast-align -Wcast-qual -Wformat -Wwrite-strings -Wconversion  -Wall -Wextra -pedantic -std=gnu++17 -fPIC   -mfpmath=sse -msse2 -Dtasks_EXPORTS -MD -MT src/CMakeFiles/Tasks.dir/QPMotionConstr.cpp.o -MF CMakeFiles/Tasks.dir/QPMotionConstr.cpp.o.d -o CMakeFiles/Tasks.dir/QPMotionConstr.cpp.o -c /home/celian/workspace/src/Tasks/src/QPMotionConstr.cpp
[1.425s] [ 26%] [32mBuilding CXX object src/CMakeFiles/Tasks.dir/QPContactConstr.cpp.o[0m
[1.425s] [ 30%] [32mBuilding CXX object src/CMakeFiles/Tasks.dir/QLDQPSolver.cpp.o[0m
[1.426s] cd /home/celian/workspace/build/Tasks/Tasks/src && /usr/bin/c++ -DBOOST_ALL_NO_LIB -DBOOST_CHRONO_DYN_LINK -DBOOST_SERIALIZATION_DYN_LINK -DBOOST_TIMER_DYN_LINK -DTasks_EXPORTS -I/home/celian/workspace/build/Tasks/Tasks -I/home/celian/workspace/build/Tasks/Tasks/include -I/home/celian/workspace/src/Tasks/include -I/home/celian/workspace/src/Tasks/src -I/home/celian/workspace/build/Tasks/Tasks/src/../include -isystem /home/celian/workspace/install/include -isystem /usr/include/eigen3 -pedantic -Wno-long-long -Wall -Wextra -Wcast-align -Wcast-qual -Wformat -Wwrite-strings -Wconversion  -Wall -Wextra -pedantic -std=gnu++17 -fPIC   -mfpmath=sse -msse2 -Dtasks_EXPORTS -MD -MT src/CMakeFiles/Tasks.dir/QPSolver.cpp.o -MF CMakeFiles/Tasks.dir/QPSolver.cpp.o.d -o CMakeFiles/Tasks.dir/QPSolver.cpp.o -c /home/celian/workspace/src/Tasks/src/QPSolver.cpp
[1.426s] [ 34%] [32mBuilding CXX object src/CMakeFiles/Tasks.dir/QPSolverData.cpp.o[0m
[1.426s] cd /home/celian/workspace/build/Tasks/Tasks/src && /usr/bin/c++ -DBOOST_ALL_NO_LIB -DBOOST_CHRONO_DYN_LINK -DBOOST_SERIALIZATION_DYN_LINK -DBOOST_TIMER_DYN_LINK -DTasks_EXPORTS -I/home/celian/workspace/build/Tasks/Tasks -I/home/celian/workspace/build/Tasks/Tasks/include -I/home/celian/workspace/src/Tasks/include -I/home/celian/workspace/src/Tasks/src -I/home/celian/workspace/build/Tasks/Tasks/src/../include -isystem /home/celian/workspace/install/include -isystem /usr/include/eigen3 -pedantic -Wno-long-long -Wall -Wextra -Wcast-align -Wcast-qual -Wformat -Wwrite-strings -Wconversion  -Wall -Wextra -pedantic -std=gnu++17 -fPIC   -mfpmath=sse -msse2 -Dtasks_EXPORTS -MD -MT src/CMakeFiles/Tasks.dir/QPTasks.cpp.o -MF CMakeFiles/Tasks.dir/QPTasks.cpp.o.d -o CMakeFiles/Tasks.dir/QPTasks.cpp.o -c /home/celian/workspace/src/Tasks/src/QPTasks.cpp
[1.426s] cd /home/celian/workspace/build/Tasks/Tasks/src && /usr/bin/c++ -DBOOST_ALL_NO_LIB -DBOOST_CHRONO_DYN_LINK -DBOOST_SERIALIZATION_DYN_LINK -DBOOST_TIMER_DYN_LINK -DTasks_EXPORTS -I/home/celian/workspace/build/Tasks/Tasks -I/home/celian/workspace/build/Tasks/Tasks/include -I/home/celian/workspace/src/Tasks/include -I/home/celian/workspace/src/Tasks/src -I/home/celian/workspace/build/Tasks/Tasks/src/../include -isystem /home/celian/workspace/install/include -isystem /usr/include/eigen3 -pedantic -Wno-long-long -Wall -Wextra -Wcast-align -Wcast-qual -Wformat -Wwrite-strings -Wconversion  -Wall -Wextra -pedantic -std=gnu++17 -fPIC   -mfpmath=sse -msse2 -Dtasks_EXPORTS -MD -MT src/CMakeFiles/Tasks.dir/QPConstr.cpp.o -MF CMakeFiles/Tasks.dir/QPConstr.cpp.o.d -o CMakeFiles/Tasks.dir/QPConstr.cpp.o -c /home/celian/workspace/src/Tasks/src/QPConstr.cpp
[1.426s] cd /home/celian/workspace/build/Tasks/Tasks/src && /usr/bin/c++ -DBOOST_ALL_NO_LIB -DBOOST_CHRONO_DYN_LINK -DBOOST_SERIALIZATION_DYN_LINK -DBOOST_TIMER_DYN_LINK -DTasks_EXPORTS -I/home/celian/workspace/build/Tasks/Tasks -I/home/celian/workspace/build/Tasks/Tasks/include -I/home/celian/workspace/src/Tasks/include -I/home/celian/workspace/src/Tasks/src -I/home/celian/workspace/build/Tasks/Tasks/src/../include -isystem /home/celian/workspace/install/include -isystem /usr/include/eigen3 -pedantic -Wno-long-long -Wall -Wextra -Wcast-align -Wcast-qual -Wformat -Wwrite-strings -Wconversion  -Wall -Wextra -pedantic -std=gnu++17 -fPIC   -mfpmath=sse -msse2 -Dtasks_EXPORTS -MD -MT src/CMakeFiles/Tasks.dir/QPContactConstr.cpp.o -MF CMakeFiles/Tasks.dir/QPContactConstr.cpp.o.d -o CMakeFiles/Tasks.dir/QPContactConstr.cpp.o -c /home/celian/workspace/src/Tasks/src/QPContactConstr.cpp
[1.426s] cd /home/celian/workspace/build/Tasks/Tasks/src && /usr/bin/c++ -DBOOST_ALL_NO_LIB -DBOOST_CHRONO_DYN_LINK -DBOOST_SERIALIZATION_DYN_LINK -DBOOST_TIMER_DYN_LINK -DTasks_EXPORTS -I/home/celian/workspace/build/Tasks/Tasks -I/home/celian/workspace/build/Tasks/Tasks/include -I/home/celian/workspace/src/Tasks/include -I/home/celian/workspace/src/Tasks/src -I/home/celian/workspace/build/Tasks/Tasks/src/../include -isystem /home/celian/workspace/install/include -isystem /usr/include/eigen3 -pedantic -Wno-long-long -Wall -Wextra -Wcast-align -Wcast-qual -Wformat -Wwrite-strings -Wconversion  -Wall -Wextra -pedantic -std=gnu++17 -fPIC   -mfpmath=sse -msse2 -Dtasks_EXPORTS -MD -MT src/CMakeFiles/Tasks.dir/QLDQPSolver.cpp.o -MF CMakeFiles/Tasks.dir/QLDQPSolver.cpp.o.d -o CMakeFiles/Tasks.dir/QLDQPSolver.cpp.o -c /home/celian/workspace/src/Tasks/src/QLDQPSolver.cpp
[1.426s] cd /home/celian/workspace/build/Tasks/Tasks/src && /usr/bin/c++ -DBOOST_ALL_NO_LIB -DBOOST_CHRONO_DYN_LINK -DBOOST_SERIALIZATION_DYN_LINK -DBOOST_TIMER_DYN_LINK -DTasks_EXPORTS -I/home/celian/workspace/build/Tasks/Tasks -I/home/celian/workspace/build/Tasks/Tasks/include -I/home/celian/workspace/src/Tasks/include -I/home/celian/workspace/src/Tasks/src -I/home/celian/workspace/build/Tasks/Tasks/src/../include -isystem /home/celian/workspace/install/include -isystem /usr/include/eigen3 -pedantic -Wno-long-long -Wall -Wextra -Wcast-align -Wcast-qual -Wformat -Wwrite-strings -Wconversion  -Wall -Wextra -pedantic -std=gnu++17 -fPIC   -mfpmath=sse -msse2 -Dtasks_EXPORTS -MD -MT src/CMakeFiles/Tasks.dir/QPSolverData.cpp.o -MF CMakeFiles/Tasks.dir/QPSolverData.cpp.o.d -o CMakeFiles/Tasks.dir/QPSolverData.cpp.o -c /home/celian/workspace/src/Tasks/src/QPSolverData.cpp
[1.426s] [ 38%] [32mBuilding CXX object src/CMakeFiles/Tasks.dir/GenQPSolver.cpp.o[0m
[1.426s] [ 42%] [32mBuilding CXX object src/CMakeFiles/Tasks.dir/QPCoincidenceConstr.cpp.o[0m
[1.427s] cd /home/celian/workspace/build/Tasks/Tasks/src && /usr/bin/c++ -DBOOST_ALL_NO_LIB -DBOOST_CHRONO_DYN_LINK -DBOOST_SERIALIZATION_DYN_LINK -DBOOST_TIMER_DYN_LINK -DTasks_EXPORTS -I/home/celian/workspace/build/Tasks/Tasks -I/home/celian/workspace/build/Tasks/Tasks/include -I/home/celian/workspace/src/Tasks/include -I/home/celian/workspace/src/Tasks/src -I/home/celian/workspace/build/Tasks/Tasks/src/../include -isystem /home/celian/workspace/install/include -isystem /usr/include/eigen3 -pedantic -Wno-long-long -Wall -Wextra -Wcast-align -Wcast-qual -Wformat -Wwrite-strings -Wconversion  -Wall -Wextra -pedantic -std=gnu++17 -fPIC   -mfpmath=sse -msse2 -Dtasks_EXPORTS -MD -MT src/CMakeFiles/Tasks.dir/GenQPSolver.cpp.o -MF CMakeFiles/Tasks.dir/GenQPSolver.cpp.o.d -o CMakeFiles/Tasks.dir/GenQPSolver.cpp.o -c /home/celian/workspace/src/Tasks/src/GenQPSolver.cpp
[1.427s] cd /home/celian/workspace/build/Tasks/Tasks/src && /usr/bin/c++ -DBOOST_ALL_NO_LIB -DBOOST_CHRONO_DYN_LINK -DBOOST_SERIALIZATION_DYN_LINK -DBOOST_TIMER_DYN_LINK -DTasks_EXPORTS -I/home/celian/workspace/build/Tasks/Tasks -I/home/celian/workspace/build/Tasks/Tasks/include -I/home/celian/workspace/src/Tasks/include -I/home/celian/workspace/src/Tasks/src -I/home/celian/workspace/build/Tasks/Tasks/src/../include -isystem /home/celian/workspace/install/include -isystem /usr/include/eigen3 -pedantic -Wno-long-long -Wall -Wextra -Wcast-align -Wcast-qual -Wformat -Wwrite-strings -Wconversion  -Wall -Wextra -pedantic -std=gnu++17 -fPIC   -mfpmath=sse -msse2 -Dtasks_EXPORTS -MD -MT src/CMakeFiles/Tasks.dir/QPCoincidenceConstr.cpp.o -MF CMakeFiles/Tasks.dir/QPCoincidenceConstr.cpp.o.d -o CMakeFiles/Tasks.dir/QPCoincidenceConstr.cpp.o -c /home/celian/workspace/src/Tasks/src/QPCoincidenceConstr.cpp
[2.525s] [01m[K/home/celian/workspace/src/Tasks/src/QPCoincidenceConstr.cpp:[m[K In member function â€˜[01m[Kvirtual std::string tasks::qp::FixedCoincidenceConstr::descEq(const std::vector<rbd::MultiBody>&, int)[m[Kâ€™:
[2.525s] [01m[K/home/celian/workspace/src/Tasks/src/QPCoincidenceConstr.cpp:72:80:[m[K [01;35m[Kwarning: [m[Kunused parameter â€˜[01m[Kmbs[m[Kâ€™ [[01;35m[K]8;;https://gcc.gnu.org/onlinedocs/gcc/Warning-Options.html#index-Wunused-parameter-Wunused-parameter]8;;[m[K]
[2.525s]    72 | std::string FixedCoincidenceConstr::descEq([01;35m[Kconst std::vector<rbd::MultiBody> & mbs[m[K, int i)
[2.525s]       |                                            [01;35m[K~~~~~~~~~~~~~~~~~~~~~~~~~~~~~~~~~~~~^~~[m[K
[2.525s] [01m[K/home/celian/workspace/src/Tasks/src/QPCoincidenceConstr.cpp:72:89:[m[K [01;35m[Kwarning: [m[Kunused parameter â€˜[01m[Ki[m[Kâ€™ [[01;35m[K]8;;https://gcc.gnu.org/onlinedocs/gcc/Warning-Options.html#index-Wunused-parameter-Wunused-parameter]8;;[m[K]
[2.525s]    72 | std::string FixedCoincidenceConstr::descEq(const std::vector<rbd::MultiBody> & mbs, [01;35m[Kint i[m[K)
[2.525s]       |                                                                                     [01;35m[K~~~~^[m[K
[2.594s] [01m[K/home/celian/workspace/src/Tasks/src/QPCoincidenceConstr.cpp:[m[K In member function â€˜[01m[Kvirtual std::string tasks::qp::RotationalCoincidenceConstr::descEq(const std::vector<rbd::MultiBody>&, int)[m[Kâ€™:
[2.594s] [01m[K/home/celian/workspace/src/Tasks/src/QPCoincidenceConstr.cpp:149:85:[m[K [01;35m[Kwarning: [m[Kunused parameter â€˜[01m[Kmbs[m[Kâ€™ [[01;35m[K]8;;https://gcc.gnu.org/onlinedocs/gcc/Warning-Options.html#index-Wunused-parameter-Wunused-parameter]8;;[m[K]
[2.594s]   149 | std::string RotationalCoincidenceConstr::descEq([01;35m[Kconst std::vector<rbd::MultiBody> & mbs[m[K, int i)
[2.594s]       |                                                 [01;35m[K~~~~~~~~~~~~~~~~~~~~~~~~~~~~~~~~~~~~^~~[m[K
[2.594s] [01m[K/home/celian/workspace/src/Tasks/src/QPCoincidenceConstr.cpp:149:94:[m[K [01;35m[Kwarning: [m[Kunused parameter â€˜[01m[Ki[m[Kâ€™ [[01;35m[K]8;;https://gcc.gnu.org/onlinedocs/gcc/Warning-Options.html#index-Wunused-parameter-Wunused-parameter]8;;[m[K]
[2.594s]   149 | std::string RotationalCoincidenceConstr::descEq(const std::vector<rbd::MultiBody> & mbs, [01;35m[Kint i[m[K)
[2.594s]       |                                                                                          [01;35m[K~~~~^[m[K
[2.627s] [01m[K/home/celian/workspace/src/Tasks/src/QPCoincidenceConstr.cpp:[m[K In member function â€˜[01m[Kvirtual void tasks::qp::RotationalCoincidenceConstr::update(const std::vector<rbd::MultiBody>&, const std::vector<rbd::MultiBodyConfig>&, const tasks::qp::SolverData&)[m[Kâ€™:
[2.627s] [01m[K/home/celian/workspace/src/Tasks/src/QPCoincidenceConstr.cpp:210:20:[m[K [01;35m[Kwarning: [m[Kcomparison of integer expressions of different signedness: â€˜[01m[Kint[m[Kâ€™ and â€˜[01m[Kstd::vector<std::vector<double> >::size_type[m[Kâ€™ {aka â€˜[01m[Klong unsigned int[m[Kâ€™} [[01;35m[K]8;;https://gcc.gnu.org/onlinedocs/gcc/Warning-Options.html#index-Wsign-compare-Wsign-compare]8;;[m[K]
[2.627s]   210 |   for (int i =0 ; [01;35m[Ki<std::size(mbc.alphaD)[m[K; i++){
[2.627s]       |                   [01;35m[K~^~~~~~~~~~~~~~~~~~~~~~[m[K
[17.554s] [ 46%] [32m[1mLinking CXX shared library libTasks.so[0m
[17.554s] cd /home/celian/workspace/build/Tasks/Tasks/src && /usr/bin/cmake -E cmake_link_script CMakeFiles/Tasks.dir/link.txt --verbose=1
[17.558s] /usr/bin/c++ -fPIC  -pedantic -Wno-long-long -Wall -Wextra -Wcast-align -Wcast-qual -Wformat -Wwrite-strings -Wconversion  -Wall -Wextra -pedantic -shared -Wl,-soname,libTasks.so.1 -o libTasks.so.1.8.1 CMakeFiles/Tasks.dir/Tasks.cpp.o CMakeFiles/Tasks.dir/QPSolver.cpp.o CMakeFiles/Tasks.dir/QPTasks.cpp.o CMakeFiles/Tasks.dir/QPConstr.cpp.o CMakeFiles/Tasks.dir/QPContacts.cpp.o CMakeFiles/Tasks.dir/QPSolverData.cpp.o CMakeFiles/Tasks.dir/QPMotionConstr.cpp.o CMakeFiles/Tasks.dir/GenQPSolver.cpp.o CMakeFiles/Tasks.dir/QPContactConstr.cpp.o CMakeFiles/Tasks.dir/QLDQPSolver.cpp.o CMakeFiles/Tasks.dir/QPCoincidenceConstr.cpp.o  -Wl,-rpath,/home/celian/workspace/install/lib: /home/celian/workspace/install/lib/libRBDyn.so.1.9.1 /home/celian/workspace/install/lib/libsch-core.so.1.4.2 /home/celian/workspace/install/lib/libeigen-qld.so.1.2.5 /usr/lib/x86_64-linux-gnu/libboost_timer.so.1.74.0 /usr/lib/x86_64-linux-gnu/libboost_serialization.so.1.74.0 /usr/lib/x86_64-linux-gnu/libboost_chrono.so.1.74.0
[18.630s] cd /home/celian/workspace/build/Tasks/Tasks/src && /usr/bin/cmake -E cmake_symlink_library libTasks.so.1.8.1 libTasks.so.1 libTasks.so
[18.636s] gmake[2]: Leaving directory '/home/celian/workspace/build/Tasks/Tasks'
[18.639s] [ 46%] Built target Tasks
[18.640s] /usr/bin/gmake  -f tests/CMakeFiles/QPSolverTest.dir/build.make tests/CMakeFiles/QPSolverTest.dir/depend
[18.640s] /usr/bin/gmake  -f tests/CMakeFiles/QPMultiRobotTest.dir/build.make tests/CMakeFiles/QPMultiRobotTest.dir/depend
[18.640s] /usr/bin/gmake  -f tests/CMakeFiles/TasksTest.dir/build.make tests/CMakeFiles/TasksTest.dir/depend
[18.640s] /usr/bin/gmake  -f tests/CMakeFiles/AllocationTest.dir/build.make tests/CMakeFiles/AllocationTest.dir/depend
[18.640s] /usr/bin/gmake  -f binding/python/CMakeFiles/tasks_Python.dir/build.make binding/python/CMakeFiles/tasks_Python.dir/depend
[18.641s] /usr/bin/gmake  -f binding/python/CMakeFiles/tasks_qp_Python.dir/build.make binding/python/CMakeFiles/tasks_qp_Python.dir/depend
[18.641s] gmake[2]: Entering directory '/home/celian/workspace/build/Tasks/Tasks'
[18.641s] cd /home/celian/workspace/build/Tasks/Tasks && /usr/bin/cmake -E cmake_depends "Unix Makefiles" /home/celian/workspace/src/Tasks /home/celian/workspace/src/Tasks/tests /home/celian/workspace/build/Tasks/Tasks /home/celian/workspace/build/Tasks/Tasks/tests /home/celian/workspace/build/Tasks/Tasks/tests/CMakeFiles/QPSolverTest.dir/DependInfo.cmake "--color="
[18.641s] gmake[2]: Entering directory '/home/celian/workspace/build/Tasks/Tasks'
[18.641s] cd /home/celian/workspace/build/Tasks/Tasks && /usr/bin/cmake -E cmake_depends "Unix Makefiles" /home/celian/workspace/src/Tasks /home/celian/workspace/src/Tasks/tests /home/celian/workspace/build/Tasks/Tasks /home/celian/workspace/build/Tasks/Tasks/tests /home/celian/workspace/build/Tasks/Tasks/tests/CMakeFiles/AllocationTest.dir/DependInfo.cmake "--color="
[18.641s] gmake[2]: Entering directory '/home/celian/workspace/build/Tasks/Tasks'
[18.641s] cd /home/celian/workspace/build/Tasks/Tasks && /usr/bin/cmake -E cmake_depends "Unix Makefiles" /home/celian/workspace/src/Tasks /home/celian/workspace/src/Tasks/tests /home/celian/workspace/build/Tasks/Tasks /home/celian/workspace/build/Tasks/Tasks/tests /home/celian/workspace/build/Tasks/Tasks/tests/CMakeFiles/QPMultiRobotTest.dir/DependInfo.cmake "--color="
[18.641s] gmake[2]: Entering directory '/home/celian/workspace/build/Tasks/Tasks'
[18.641s] cd /home/celian/workspace/build/Tasks/Tasks && /usr/bin/cmake -E cmake_depends "Unix Makefiles" /home/celian/workspace/src/Tasks /home/celian/workspace/src/Tasks/tests /home/celian/workspace/build/Tasks/Tasks /home/celian/workspace/build/Tasks/Tasks/tests /home/celian/workspace/build/Tasks/Tasks/tests/CMakeFiles/TasksTest.dir/DependInfo.cmake "--color="
[18.642s] gmake[2]: Entering directory '/home/celian/workspace/build/Tasks/Tasks'
[18.642s] gmake[2]: Entering directory '/home/celian/workspace/build/Tasks/Tasks'
[18.643s] gmake[2]: Leaving directory '/home/celian/workspace/build/Tasks/Tasks'
[18.643s] gmake[2]: Leaving directory '/home/celian/workspace/build/Tasks/Tasks'
[18.644s] /usr/bin/gmake  -f tests/CMakeFiles/QPSolverTest.dir/build.make tests/CMakeFiles/QPSolverTest.dir/build
[18.644s] /usr/bin/gmake  -f tests/CMakeFiles/AllocationTest.dir/build.make tests/CMakeFiles/AllocationTest.dir/build
[18.644s] gmake[2]: Entering directory '/home/celian/workspace/build/Tasks/Tasks'
[18.644s] gmake[2]: Entering directory '/home/celian/workspace/build/Tasks/Tasks'
[18.644s] gmake[2]: Leaving directory '/home/celian/workspace/build/Tasks/Tasks'
[18.644s] /usr/bin/gmake  -f tests/CMakeFiles/QPMultiRobotTest.dir/build.make tests/CMakeFiles/QPMultiRobotTest.dir/build
[18.644s] [ 50%] [34m[1mGenerating Python/tasks/tasks.cpp[0m
[18.645s] cd /home/celian/workspace/build/Tasks/Tasks/binding/python && /usr/bin/python -m cython --cplus -o /home/celian/workspace/build/Tasks/Tasks/binding/python/Python/tasks/tasks.cpp -I/home/celian/workspace/build/Tasks/Tasks -I/home/celian/workspace/build/Tasks/Tasks/include -I/home/celian/workspace/src/Tasks/include -I/home/celian/workspace/src/Tasks/binding/python/include /home/celian/workspace/src/Tasks/binding/python/tasks/tasks.pyx
[18.645s] gmake[2]: Entering directory '/home/celian/workspace/build/Tasks/Tasks'
[18.645s] gmake[2]: Leaving directory '/home/celian/workspace/build/Tasks/Tasks'
[18.645s] /usr/bin/gmake  -f tests/CMakeFiles/TasksTest.dir/build.make tests/CMakeFiles/TasksTest.dir/build
[18.645s] [ 53%] [34m[1mGenerating Python/tasks/qp/qp.cpp[0m
[18.646s] cd /home/celian/workspace/build/Tasks/Tasks/binding/python && /usr/bin/python -m cython --cplus -o /home/celian/workspace/build/Tasks/Tasks/binding/python/Python/tasks/qp/qp.cpp -I/home/celian/workspace/build/Tasks/Tasks -I/home/celian/workspace/build/Tasks/Tasks/include -I/home/celian/workspace/src/Tasks/include -I/home/celian/workspace/src/Tasks/binding/python/include /home/celian/workspace/src/Tasks/binding/python/tasks/qp/qp.pyx
[18.646s] [ 57%] [32mBuilding CXX object tests/CMakeFiles/AllocationTest.dir/AllocationTest.cpp.o[0m
[18.646s] cd /home/celian/workspace/build/Tasks/Tasks/tests && /usr/bin/c++ -DBOOST_ALL_NO_LIB -DBOOST_CHRONO_DYN_LINK -DBOOST_SERIALIZATION_DYN_LINK -DBOOST_TEST_DYN_LINK -DBOOST_TIMER_DYN_LINK -DBOOST_UNIT_TEST_FRAMEWORK_DYN_LINK -I/home/celian/workspace/build/Tasks/Tasks -I/home/celian/workspace/build/Tasks/Tasks/include -I/home/celian/workspace/src/Tasks/include -I/home/celian/workspace/src/Tasks/src -I/home/celian/workspace/build/Tasks/Tasks/src/../include -isystem /home/celian/workspace/install/include -isystem /usr/include/eigen3 -pedantic -Wno-long-long -Wall -Wextra -Wcast-align -Wcast-qual -Wformat -Wwrite-strings -Wconversion  -Wall -Wextra -pedantic -std=gnu++17   -mfpmath=sse -msse2 -MD -MT tests/CMakeFiles/AllocationTest.dir/AllocationTest.cpp.o -MF CMakeFiles/AllocationTest.dir/AllocationTest.cpp.o.d -o CMakeFiles/AllocationTest.dir/AllocationTest.cpp.o -c /home/celian/workspace/src/Tasks/tests/AllocationTest.cpp
[18.646s] gmake[2]: Entering directory '/home/celian/workspace/build/Tasks/Tasks'
[18.647s] [ 61%] [32mBuilding CXX object tests/CMakeFiles/QPMultiRobotTest.dir/QPMultiRobotTest.cpp.o[0m
[18.647s] [ 65%] [32mBuilding CXX object tests/CMakeFiles/QPSolverTest.dir/QPSolverTest.cpp.o[0m
[18.647s] cd /home/celian/workspace/build/Tasks/Tasks/tests && /usr/bin/c++ -DBOOST_ALL_NO_LIB -DBOOST_CHRONO_DYN_LINK -DBOOST_SERIALIZATION_DYN_LINK -DBOOST_TEST_DYN_LINK -DBOOST_TIMER_DYN_LINK -DBOOST_UNIT_TEST_FRAMEWORK_DYN_LINK -I/home/celian/workspace/build/Tasks/Tasks -I/home/celian/workspace/build/Tasks/Tasks/include -I/home/celian/workspace/src/Tasks/include -I/home/celian/workspace/src/Tasks/src -I/home/celian/workspace/build/Tasks/Tasks/src/../include -isystem /home/celian/workspace/install/include -isystem /usr/include/eigen3 -pedantic -Wno-long-long -Wall -Wextra -Wcast-align -Wcast-qual -Wformat -Wwrite-strings -Wconversion  -Wall -Wextra -pedantic -std=gnu++17   -mfpmath=sse -msse2 -MD -MT tests/CMakeFiles/QPMultiRobotTest.dir/QPMultiRobotTest.cpp.o -MF CMakeFiles/QPMultiRobotTest.dir/QPMultiRobotTest.cpp.o.d -o CMakeFiles/QPMultiRobotTest.dir/QPMultiRobotTest.cpp.o -c /home/celian/workspace/src/Tasks/tests/QPMultiRobotTest.cpp
[18.648s] cd /home/celian/workspace/build/Tasks/Tasks/tests && /usr/bin/c++ -DBOOST_ALL_NO_LIB -DBOOST_CHRONO_DYN_LINK -DBOOST_SERIALIZATION_DYN_LINK -DBOOST_TEST_DYN_LINK -DBOOST_TIMER_DYN_LINK -DBOOST_UNIT_TEST_FRAMEWORK_DYN_LINK -I/home/celian/workspace/build/Tasks/Tasks -I/home/celian/workspace/build/Tasks/Tasks/include -I/home/celian/workspace/src/Tasks/include -I/home/celian/workspace/src/Tasks/src -I/home/celian/workspace/build/Tasks/Tasks/src/../include -isystem /home/celian/workspace/install/include -isystem /usr/include/eigen3 -pedantic -Wno-long-long -Wall -Wextra -Wcast-align -Wcast-qual -Wformat -Wwrite-strings -Wconversion  -Wall -Wextra -pedantic -std=gnu++17   -mfpmath=sse -msse2 -MD -MT tests/CMakeFiles/QPSolverTest.dir/QPSolverTest.cpp.o -MF CMakeFiles/QPSolverTest.dir/QPSolverTest.cpp.o.d -o CMakeFiles/QPSolverTest.dir/QPSolverTest.cpp.o -c /home/celian/workspace/src/Tasks/tests/QPSolverTest.cpp
[18.648s] [ 69%] [32mBuilding CXX object tests/CMakeFiles/TasksTest.dir/TasksTest.cpp.o[0m
[18.648s] cd /home/celian/workspace/build/Tasks/Tasks/tests && /usr/bin/c++ -DBOOST_ALL_NO_LIB -DBOOST_CHRONO_DYN_LINK -DBOOST_SERIALIZATION_DYN_LINK -DBOOST_TEST_DYN_LINK -DBOOST_TIMER_DYN_LINK -DBOOST_UNIT_TEST_FRAMEWORK_DYN_LINK -I/home/celian/workspace/build/Tasks/Tasks -I/home/celian/workspace/build/Tasks/Tasks/include -I/home/celian/workspace/src/Tasks/include -I/home/celian/workspace/src/Tasks/src -I/home/celian/workspace/build/Tasks/Tasks/src/../include -isystem /home/celian/workspace/install/include -isystem /usr/include/eigen3 -pedantic -Wno-long-long -Wall -Wextra -Wcast-align -Wcast-qual -Wformat -Wwrite-strings -Wconversion  -Wall -Wextra -pedantic -std=gnu++17   -mfpmath=sse -msse2 -MD -MT tests/CMakeFiles/TasksTest.dir/TasksTest.cpp.o -MF CMakeFiles/TasksTest.dir/TasksTest.cpp.o.d -o CMakeFiles/TasksTest.dir/TasksTest.cpp.o -c /home/celian/workspace/src/Tasks/tests/TasksTest.cpp
[19.105s] /usr/lib/python3/dist-packages/Cython/Compiler/Main.py:369: FutureWarning: Cython directive 'language_level' not set, using 2 for now (Py2). This will change in a later release! File: /home/celian/workspace/src/Tasks/binding/python/tasks/qp/qp.pxd
[19.105s]   tree = Parsing.p_module(s, pxd, full_module_name)
[19.236s] /usr/lib/python3/dist-packages/Cython/Compiler/Main.py:369: FutureWarning: Cython directive 'language_level' not set, using 2 for now (Py2). This will change in a later release! File: /home/celian/workspace/src/Tasks/binding/python/tasks/tasks.pxd
[19.237s]   tree = Parsing.p_module(s, pxd, full_module_name)
[21.374s] cd /home/celian/workspace/build/Tasks/Tasks && /usr/bin/cmake -E cmake_depends "Unix Makefiles" /home/celian/workspace/src/Tasks /home/celian/workspace/src/Tasks/binding/python /home/celian/workspace/build/Tasks/Tasks /home/celian/workspace/build/Tasks/Tasks/binding/python /home/celian/workspace/build/Tasks/Tasks/binding/python/CMakeFiles/tasks_Python.dir/DependInfo.cmake "--color="
[21.379s] gmake[2]: Leaving directory '/home/celian/workspace/build/Tasks/Tasks'
[21.379s] /usr/bin/gmake  -f binding/python/CMakeFiles/tasks_Python.dir/build.make binding/python/CMakeFiles/tasks_Python.dir/build
[21.381s] gmake[2]: Entering directory '/home/celian/workspace/build/Tasks/Tasks'
[21.384s] [ 73%] [32mBuilding CXX object binding/python/CMakeFiles/tasks_Python.dir/Python/tasks/tasks.cpp.o[0m
[21.385s] cd /home/celian/workspace/build/Tasks/Tasks/binding/python && /usr/bin/c++ -DBOOST_ALL_NO_LIB -DBOOST_CHRONO_DYN_LINK -DBOOST_SERIALIZATION_DYN_LINK -DBOOST_TIMER_DYN_LINK -Dtasks_Python_EXPORTS -I/home/celian/workspace/build/Tasks/Tasks -I/home/celian/workspace/build/Tasks/Tasks/include -I/home/celian/workspace/src/Tasks/include -I/home/celian/workspace/src/Tasks/binding/python/include -I/home/celian/workspace/src/Tasks/src -I/home/celian/workspace/build/Tasks/Tasks/src/../include -isystem /usr/include/python3.10 -isystem /home/celian/workspace/install/include -isystem /usr/include/eigen3 -isystem /home/celian/.local/lib/python3.10/site-packages/numpy/core/include -pedantic -Wno-long-long -Wall -Wextra -Wcast-align -Wcast-qual -Wformat -Wwrite-strings -Wconversion  -Wall -Wextra -pedantic -std=gnu++17 -fPIC -fvisibility=default   -mfpmath=sse -msse2 -Wno-cast-qual -Wno-cpp -Wno-conversion -Wno-overflow -Wno-unused-variable -Wno-unused-function -MD -MT binding/python/CMakeFiles/tasks_Python.dir/Python/tasks/tasks.cpp.o -MF CMakeFiles/tasks_Python.dir/Python/tasks/tasks.cpp.o.d -o CMakeFiles/tasks_Python.dir/Python/tasks/tasks.cpp.o -c /home/celian/workspace/build/Tasks/Tasks/binding/python/Python/tasks/tasks.cpp
[22.670s] cd /home/celian/workspace/build/Tasks/Tasks && /usr/bin/cmake -E cmake_depends "Unix Makefiles" /home/celian/workspace/src/Tasks /home/celian/workspace/src/Tasks/binding/python /home/celian/workspace/build/Tasks/Tasks /home/celian/workspace/build/Tasks/Tasks/binding/python /home/celian/workspace/build/Tasks/Tasks/binding/python/CMakeFiles/tasks_qp_Python.dir/DependInfo.cmake "--color="
[22.675s] gmake[2]: Leaving directory '/home/celian/workspace/build/Tasks/Tasks'
[22.675s] /usr/bin/gmake  -f binding/python/CMakeFiles/tasks_qp_Python.dir/build.make binding/python/CMakeFiles/tasks_qp_Python.dir/build
[22.677s] gmake[2]: Entering directory '/home/celian/workspace/build/Tasks/Tasks'
[22.681s] [ 76%] [32mBuilding CXX object binding/python/CMakeFiles/tasks_qp_Python.dir/Python/tasks/qp/qp.cpp.o[0m
[22.682s] cd /home/celian/workspace/build/Tasks/Tasks/binding/python && /usr/bin/c++ -DBOOST_ALL_NO_LIB -DBOOST_CHRONO_DYN_LINK -DBOOST_SERIALIZATION_DYN_LINK -DBOOST_TIMER_DYN_LINK -Dtasks_qp_Python_EXPORTS -I/home/celian/workspace/build/Tasks/Tasks -I/home/celian/workspace/build/Tasks/Tasks/include -I/home/celian/workspace/src/Tasks/include -I/home/celian/workspace/src/Tasks/binding/python/include -I/home/celian/workspace/src/Tasks/src -I/home/celian/workspace/build/Tasks/Tasks/src/../include -isystem /usr/include/python3.10 -isystem /home/celian/workspace/install/include -isystem /usr/include/eigen3 -isystem /home/celian/.local/lib/python3.10/site-packages/numpy/core/include -pedantic -Wno-long-long -Wall -Wextra -Wcast-align -Wcast-qual -Wformat -Wwrite-strings -Wconversion  -Wall -Wextra -pedantic -std=gnu++17 -fPIC -fvisibility=default   -mfpmath=sse -msse2 -Wno-cast-qual -Wno-cpp -Wno-conversion -Wno-overflow -Wno-unused-variable -Wno-unused-function -MD -MT binding/python/CMakeFiles/tasks_qp_Python.dir/Python/tasks/qp/qp.cpp.o -MF CMakeFiles/tasks_qp_Python.dir/Python/tasks/qp/qp.cpp.o.d -o CMakeFiles/tasks_qp_Python.dir/Python/tasks/qp/qp.cpp.o -c /home/celian/workspace/build/Tasks/Tasks/binding/python/Python/tasks/qp/qp.cpp
[22.945s] [01m[K/home/celian/workspace/build/Tasks/Tasks/binding/python/Python/tasks/tasks.cpp:[m[K In function â€˜[01m[Kvoid __pyx_pf_5tasks_5tasks_23OrientationTrackingTask___dealloc__(__pyx_obj_5tasks_5tasks_OrientationTrackingTask*)[m[Kâ€™:
[22.946s] [01m[K/home/celian/workspace/build/Tasks/Tasks/binding/python/Python/tasks/tasks.cpp:17438:3:[m[K [01;35m[Kwarning: [m[Kdeleting object of polymorphic class type â€˜[01m[Ktasks::OrientationTrackingTask[m[Kâ€™ which has non-virtual destructor might cause undefined behavior [[01;35m[K]8;;https://gcc.gnu.org/onlinedocs/gcc/Warning-Options.html#index-Wdelete-non-virtual-dtor-Wdelete-non-virtual-dtor]8;;[m[K]
[22.946s] 17438 |   [01;35m[Kdelete __pyx_v_self->impl[m[K;
[22.946s]       |   [01;35m[K^~~~~~~~~~~~~~~~~~~~~~~~~[m[K
[23.023s] [ 80%] [32m[1mLinking CXX executable AllocationTest[0m
[23.024s] cd /home/celian/workspace/build/Tasks/Tasks/tests && /usr/bin/cmake -E cmake_link_script CMakeFiles/AllocationTest.dir/link.txt --verbose=1
[23.028s] /usr/bin/c++  -pedantic -Wno-long-long -Wall -Wextra -Wcast-align -Wcast-qual -Wformat -Wwrite-strings -Wconversion  -Wall -Wextra -pedantic CMakeFiles/AllocationTest.dir/AllocationTest.cpp.o -o AllocationTest  -Wl,-rpath,/home/celian/workspace/build/Tasks/Tasks/src:/home/celian/workspace/install/lib ../src/libTasks.so.1.8.1 /usr/lib/x86_64-linux-gnu/libboost_unit_test_framework.so.1.74.0 /home/celian/workspace/install/lib/libRBDyn.so.1.9.1 /home/celian/workspace/install/lib/libsch-core.so.1.4.2 /usr/lib/x86_64-linux-gnu/libboost_serialization.so.1.74.0 /home/celian/workspace/install/lib/libeigen-qld.so.1.2.5 /usr/lib/x86_64-linux-gnu/libboost_timer.so.1.74.0 /usr/lib/x86_64-linux-gnu/libboost_chrono.so.1.74.0
[23.216s] /usr/bin/ld: ../src/libTasks.so.1.8.1: undefined reference to `fmt::v8::detail::error_handler::on_error(char const*)'
[23.217s] /usr/bin/ld: ../src/libTasks.so.1.8.1: undefined reference to `std::locale fmt::v8::detail::locale_ref::get<std::locale>() const'
[23.217s] /usr/bin/ld: ../src/libTasks.so.1.8.1: undefined reference to `int fmt::v8::detail::snprintf_float<double>(double, int, fmt::v8::detail::float_specs, fmt::v8::detail::buffer<char>&)'
[23.217s] /usr/bin/ld: ../src/libTasks.so.1.8.1: undefined reference to `fmt::v8::detail::thousands_sep_result<char> fmt::v8::detail::thousands_sep_impl<char>(fmt::v8::detail::locale_ref)'
[23.217s] /usr/bin/ld: ../src/libTasks.so.1.8.1: undefined reference to `char fmt::v8::detail::decimal_point_impl<char>(fmt::v8::detail::locale_ref)'
[23.218s] /usr/bin/ld: ../src/libTasks.so.1.8.1: undefined reference to `fmt::v8::detail::dragonbox::decimal_fp<float> fmt::v8::detail::dragonbox::to_decimal<float>(float)'
[23.218s] /usr/bin/ld: ../src/libTasks.so.1.8.1: undefined reference to `int fmt::v8::detail::snprintf_float<long double>(long double, int, fmt::v8::detail::float_specs, fmt::v8::detail::buffer<char>&)'
[23.219s] /usr/bin/ld: ../src/libTasks.so.1.8.1: undefined reference to `fmt::v8::detail::assert_fail(char const*, int, char const*)'
[23.219s] /usr/bin/ld: ../src/libTasks.so.1.8.1: undefined reference to `mc_rtc::log::details::info()'
[23.220s] /usr/bin/ld: ../src/libTasks.so.1.8.1: undefined reference to `fmt::v8::detail::dragonbox::decimal_fp<double> fmt::v8::detail::dragonbox::to_decimal<double>(double)'
[23.221s] /usr/bin/ld: ../src/libTasks.so.1.8.1: undefined reference to `fmt::v8::detail::throw_format_error(char const*)'
[23.221s] /usr/bin/ld: ../src/libTasks.so.1.8.1: undefined reference to `int fmt::v8::detail::format_float<double>(double, int, fmt::v8::detail::float_specs, fmt::v8::detail::buffer<char>&)'
[23.221s] /usr/bin/ld: ../src/libTasks.so.1.8.1: undefined reference to `int fmt::v8::detail::format_float<long double>(long double, int, fmt::v8::detail::float_specs, fmt::v8::detail::buffer<char>&)'
[23.226s] collect2: error: ld returned 1 exit status
[23.227s] gmake[2]: *** [tests/CMakeFiles/AllocationTest.dir/build.make:111: tests/AllocationTest] Error 1
[23.227s] gmake[2]: Leaving directory '/home/celian/workspace/build/Tasks/Tasks'
[23.227s] gmake[1]: *** [CMakeFiles/Makefile2:1816: tests/CMakeFiles/AllocationTest.dir/all] Error 2
[23.227s] gmake[1]: *** Waiting for unfinished jobs....
[23.896s] [ 84%] [32m[1mLinking CXX executable TasksTest[0m
[23.896s] cd /home/celian/workspace/build/Tasks/Tasks/tests && /usr/bin/cmake -E cmake_link_script CMakeFiles/TasksTest.dir/link.txt --verbose=1
[23.900s] /usr/bin/c++  -pedantic -Wno-long-long -Wall -Wextra -Wcast-align -Wcast-qual -Wformat -Wwrite-strings -Wconversion  -Wall -Wextra -pedantic CMakeFiles/TasksTest.dir/TasksTest.cpp.o -o TasksTest  -Wl,-rpath,/home/celian/workspace/build/Tasks/Tasks/src:/home/celian/workspace/install/lib ../src/libTasks.so.1.8.1 /usr/lib/x86_64-linux-gnu/libboost_unit_test_framework.so.1.74.0 /home/celian/workspace/install/lib/libRBDyn.so.1.9.1 /home/celian/workspace/install/lib/libsch-core.so.1.4.2 /usr/lib/x86_64-linux-gnu/libboost_serialization.so.1.74.0 /home/celian/workspace/install/lib/libeigen-qld.so.1.2.5 /usr/lib/x86_64-linux-gnu/libboost_timer.so.1.74.0 /usr/lib/x86_64-linux-gnu/libboost_chrono.so.1.74.0
[24.078s] /usr/bin/ld: ../src/libTasks.so.1.8.1: undefined reference to `fmt::v8::detail::error_handler::on_error(char const*)'
[24.078s] /usr/bin/ld: ../src/libTasks.so.1.8.1: undefined reference to `std::locale fmt::v8::detail::locale_ref::get<std::locale>() const'
[24.078s] /usr/bin/ld: ../src/libTasks.so.1.8.1: undefined reference to `int fmt::v8::detail::snprintf_float<double>(double, int, fmt::v8::detail::float_specs, fmt::v8::detail::buffer<char>&)'
[24.079s] /usr/bin/ld: ../src/libTasks.so.1.8.1: undefined reference to `fmt::v8::detail::thousands_sep_result<char> fmt::v8::detail::thousands_sep_impl<char>(fmt::v8::detail::locale_ref)'
[24.079s] /usr/bin/ld: ../src/libTasks.so.1.8.1: undefined reference to `char fmt::v8::detail::decimal_point_impl<char>(fmt::v8::detail::locale_ref)'
[24.080s] /usr/bin/ld: ../src/libTasks.so.1.8.1: undefined reference to `fmt::v8::detail::dragonbox::decimal_fp<float> fmt::v8::detail::dragonbox::to_decimal<float>(float)'
[24.081s] /usr/bin/ld: ../src/libTasks.so.1.8.1: undefined reference to `int fmt::v8::detail::snprintf_float<long double>(long double, int, fmt::v8::detail::float_specs, fmt::v8::detail::buffer<char>&)'
[24.081s] /usr/bin/ld: ../src/libTasks.so.1.8.1: undefined reference to `fmt::v8::detail::assert_fail(char const*, int, char const*)'
[24.081s] /usr/bin/ld: ../src/libTasks.so.1.8.1: undefined reference to `mc_rtc::log::details::info()'
[24.082s] /usr/bin/ld: ../src/libTasks.so.1.8.1: undefined reference to `fmt::v8::detail::dragonbox::decimal_fp<double> fmt::v8::detail::dragonbox::to_decimal<double>(double)'
[24.083s] /usr/bin/ld: ../src/libTasks.so.1.8.1: undefined reference to `fmt::v8::detail::throw_format_error(char const*)'
[24.083s] /usr/bin/ld: ../src/libTasks.so.1.8.1: undefined reference to `int fmt::v8::detail::format_float<double>(double, int, fmt::v8::detail::float_specs, fmt::v8::detail::buffer<char>&)'
[24.083s] /usr/bin/ld: ../src/libTasks.so.1.8.1: undefined reference to `int fmt::v8::detail::format_float<long double>(long double, int, fmt::v8::detail::float_specs, fmt::v8::detail::buffer<char>&)'
[24.090s] collect2: error: ld returned 1 exit status
[24.092s] gmake[2]: Leaving directory '/home/celian/workspace/build/Tasks/Tasks'
[24.092s] gmake[2]: *** [tests/CMakeFiles/TasksTest.dir/build.make:111: tests/TasksTest] Error 1
[24.092s] gmake[1]: *** [CMakeFiles/Makefile2:1784: tests/CMakeFiles/TasksTest.dir/all] Error 2
[24.161s] [ 88%] [32m[1mLinking CXX executable QPMultiRobotTest[0m
[24.162s] cd /home/celian/workspace/build/Tasks/Tasks/tests && /usr/bin/cmake -E cmake_link_script CMakeFiles/QPMultiRobotTest.dir/link.txt --verbose=1
[24.165s] /usr/bin/c++  -pedantic -Wno-long-long -Wall -Wextra -Wcast-align -Wcast-qual -Wformat -Wwrite-strings -Wconversion  -Wall -Wextra -pedantic CMakeFiles/QPMultiRobotTest.dir/QPMultiRobotTest.cpp.o -o QPMultiRobotTest  -Wl,-rpath,/home/celian/workspace/build/Tasks/Tasks/src:/home/celian/workspace/install/lib ../src/libTasks.so.1.8.1 /usr/lib/x86_64-linux-gnu/libboost_unit_test_framework.so.1.74.0 /home/celian/workspace/install/lib/libRBDyn.so.1.9.1 /home/celian/workspace/install/lib/libsch-core.so.1.4.2 /usr/lib/x86_64-linux-gnu/libboost_serialization.so.1.74.0 /home/celian/workspace/install/lib/libeigen-qld.so.1.2.5 /usr/lib/x86_64-linux-gnu/libboost_timer.so.1.74.0 /usr/lib/x86_64-linux-gnu/libboost_chrono.so.1.74.0
[24.364s] /usr/bin/ld: ../src/libTasks.so.1.8.1: undefined reference to `fmt::v8::detail::error_handler::on_error(char const*)'
[24.364s] /usr/bin/ld: ../src/libTasks.so.1.8.1: undefined reference to `std::locale fmt::v8::detail::locale_ref::get<std::locale>() const'
[24.365s] /usr/bin/ld: ../src/libTasks.so.1.8.1: undefined reference to `int fmt::v8::detail::snprintf_float<double>(double, int, fmt::v8::detail::float_specs, fmt::v8::detail::buffer<char>&)'
[24.365s] /usr/bin/ld: ../src/libTasks.so.1.8.1: undefined reference to `fmt::v8::detail::thousands_sep_result<char> fmt::v8::detail::thousands_sep_impl<char>(fmt::v8::detail::locale_ref)'
[24.365s] /usr/bin/ld: ../src/libTasks.so.1.8.1: undefined reference to `char fmt::v8::detail::decimal_point_impl<char>(fmt::v8::detail::locale_ref)'
[24.366s] /usr/bin/ld: ../src/libTasks.so.1.8.1: undefined reference to `fmt::v8::detail::dragonbox::decimal_fp<float> fmt::v8::detail::dragonbox::to_decimal<float>(float)'
[24.366s] /usr/bin/ld: ../src/libTasks.so.1.8.1: undefined reference to `int fmt::v8::detail::snprintf_float<long double>(long double, int, fmt::v8::detail::float_specs, fmt::v8::detail::buffer<char>&)'
[24.367s] /usr/bin/ld: ../src/libTasks.so.1.8.1: undefined reference to `fmt::v8::detail::assert_fail(char const*, int, char const*)'
[24.367s] /usr/bin/ld: ../src/libTasks.so.1.8.1: undefined reference to `mc_rtc::log::details::info()'
[24.368s] /usr/bin/ld: ../src/libTasks.so.1.8.1: undefined reference to `fmt::v8::detail::dragonbox::decimal_fp<double> fmt::v8::detail::dragonbox::to_decimal<double>(double)'
[24.369s] /usr/bin/ld: ../src/libTasks.so.1.8.1: undefined reference to `fmt::v8::detail::throw_format_error(char const*)'
[24.369s] /usr/bin/ld: ../src/libTasks.so.1.8.1: undefined reference to `int fmt::v8::detail::format_float<double>(double, int, fmt::v8::detail::float_specs, fmt::v8::detail::buffer<char>&)'
[24.369s] /usr/bin/ld: ../src/libTasks.so.1.8.1: undefined reference to `int fmt::v8::detail::format_float<long double>(long double, int, fmt::v8::detail::float_specs, fmt::v8::detail::buffer<char>&)'
[24.376s] collect2: error: ld returned 1 exit status
[24.377s] gmake[2]: Leaving directory '/home/celian/workspace/build/Tasks/Tasks'
[24.377s] gmake[2]: *** [tests/CMakeFiles/QPMultiRobotTest.dir/build.make:111: tests/QPMultiRobotTest] Error 1
[24.377s] gmake[1]: *** [CMakeFiles/Makefile2:1752: tests/CMakeFiles/QPMultiRobotTest.dir/all] Error 2
[25.337s] [ 92%] [32m[1mLinking CXX shared module Python/tasks/tasks/tasks.so[0m
[25.338s] cd /home/celian/workspace/build/Tasks/Tasks/binding/python && /usr/bin/cmake -E cmake_link_script CMakeFiles/tasks_Python.dir/link.txt --verbose=1
[25.342s] /usr/bin/c++ -fPIC  -pedantic -Wno-long-long -Wall -Wextra -Wcast-align -Wcast-qual -Wformat -Wwrite-strings -Wconversion  -Wall -Wextra -pedantic -shared  -o Python/tasks/tasks/tasks.so CMakeFiles/tasks_Python.dir/Python/tasks/tasks.cpp.o  -Wl,-rpath,/home/celian/workspace/build/Tasks/Tasks/src:/home/celian/workspace/install/lib ../../src/libTasks.so.1.8.1 /usr/lib/x86_64-linux-gnu/libpython3.10.so /home/celian/workspace/install/lib/libRBDyn.so.1.9.1 /home/celian/workspace/install/lib/libsch-core.so.1.4.2 /usr/lib/x86_64-linux-gnu/libboost_serialization.so.1.74.0 /home/celian/workspace/install/lib/libeigen-qld.so.1.2.5 /usr/lib/x86_64-linux-gnu/libboost_timer.so.1.74.0 /usr/lib/x86_64-linux-gnu/libboost_chrono.so.1.74.0
[25.473s] gmake[2]: Leaving directory '/home/celian/workspace/build/Tasks/Tasks'
[25.477s] [ 92%] Built target tasks_Python
[25.929s] [ 96%] [32m[1mLinking CXX executable QPSolverTest[0m
[25.930s] cd /home/celian/workspace/build/Tasks/Tasks/tests && /usr/bin/cmake -E cmake_link_script CMakeFiles/QPSolverTest.dir/link.txt --verbose=1
[25.934s] /usr/bin/c++  -pedantic -Wno-long-long -Wall -Wextra -Wcast-align -Wcast-qual -Wformat -Wwrite-strings -Wconversion  -Wall -Wextra -pedantic CMakeFiles/QPSolverTest.dir/QPSolverTest.cpp.o -o QPSolverTest  -Wl,-rpath,/home/celian/workspace/build/Tasks/Tasks/src:/home/celian/workspace/install/lib ../src/libTasks.so.1.8.1 /usr/lib/x86_64-linux-gnu/libboost_unit_test_framework.so.1.74.0 /home/celian/workspace/install/lib/libRBDyn.so.1.9.1 /home/celian/workspace/install/lib/libsch-core.so.1.4.2 /usr/lib/x86_64-linux-gnu/libboost_serialization.so.1.74.0 /home/celian/workspace/install/lib/libeigen-qld.so.1.2.5 /usr/lib/x86_64-linux-gnu/libboost_timer.so.1.74.0 /usr/lib/x86_64-linux-gnu/libboost_chrono.so.1.74.0
[26.177s] /usr/bin/ld: ../src/libTasks.so.1.8.1: undefined reference to `fmt::v8::detail::error_handler::on_error(char const*)'
[26.178s] /usr/bin/ld: ../src/libTasks.so.1.8.1: undefined reference to `std::locale fmt::v8::detail::locale_ref::get<std::locale>() const'
[26.178s] /usr/bin/ld: ../src/libTasks.so.1.8.1: undefined reference to `int fmt::v8::detail::snprintf_float<double>(double, int, fmt::v8::detail::float_specs, fmt::v8::detail::buffer<char>&)'
[26.178s] /usr/bin/ld: ../src/libTasks.so.1.8.1: undefined reference to `fmt::v8::detail::thousands_sep_result<char> fmt::v8::detail::thousands_sep_impl<char>(fmt::v8::detail::locale_ref)'
[26.179s] /usr/bin/ld: ../src/libTasks.so.1.8.1: undefined reference to `char fmt::v8::detail::decimal_point_impl<char>(fmt::v8::detail::locale_ref)'
[26.179s] /usr/bin/ld: ../src/libTasks.so.1.8.1: undefined reference to `fmt::v8::detail::dragonbox::decimal_fp<float> fmt::v8::detail::dragonbox::to_decimal<float>(float)'
[26.179s] /usr/bin/ld: ../src/libTasks.so.1.8.1: undefined reference to `int fmt::v8::detail::snprintf_float<long double>(long double, int, fmt::v8::detail::float_specs, fmt::v8::detail::buffer<char>&)'
[26.180s] /usr/bin/ld: ../src/libTasks.so.1.8.1: undefined reference to `fmt::v8::detail::assert_fail(char const*, int, char const*)'
[26.181s] /usr/bin/ld: ../src/libTasks.so.1.8.1: undefined reference to `mc_rtc::log::details::info()'
[26.182s] /usr/bin/ld: ../src/libTasks.so.1.8.1: undefined reference to `fmt::v8::detail::dragonbox::decimal_fp<double> fmt::v8::detail::dragonbox::to_decimal<double>(double)'
[26.183s] /usr/bin/ld: ../src/libTasks.so.1.8.1: undefined reference to `fmt::v8::detail::throw_format_error(char const*)'
[26.183s] /usr/bin/ld: ../src/libTasks.so.1.8.1: undefined reference to `int fmt::v8::detail::format_float<double>(double, int, fmt::v8::detail::float_specs, fmt::v8::detail::buffer<char>&)'
[26.183s] /usr/bin/ld: ../src/libTasks.so.1.8.1: undefined reference to `int fmt::v8::detail::format_float<long double>(long double, int, fmt::v8::detail::float_specs, fmt::v8::detail::buffer<char>&)'
[26.194s] collect2: error: ld returned 1 exit status
[26.195s] gmake[2]: Leaving directory '/home/celian/workspace/build/Tasks/Tasks'
[26.196s] gmake[2]: *** [tests/CMakeFiles/QPSolverTest.dir/build.make:111: tests/QPSolverTest] Error 1
[26.196s] gmake[1]: *** [CMakeFiles/Makefile2:1720: tests/CMakeFiles/QPSolverTest.dir/all] Error 2
[29.789s] [100%] [32m[1mLinking CXX shared module Python/tasks/tasks/qp/qp.so[0m
[29.789s] cd /home/celian/workspace/build/Tasks/Tasks/binding/python && /usr/bin/cmake -E cmake_link_script CMakeFiles/tasks_qp_Python.dir/link.txt --verbose=1
[29.793s] /usr/bin/c++ -fPIC  -pedantic -Wno-long-long -Wall -Wextra -Wcast-align -Wcast-qual -Wformat -Wwrite-strings -Wconversion  -Wall -Wextra -pedantic -shared  -o Python/tasks/tasks/qp/qp.so CMakeFiles/tasks_qp_Python.dir/Python/tasks/qp/qp.cpp.o  -Wl,-rpath,/home/celian/workspace/build/Tasks/Tasks/src:/home/celian/workspace/install/lib ../../src/libTasks.so.1.8.1 /usr/lib/x86_64-linux-gnu/libpython3.10.so /home/celian/workspace/install/lib/libRBDyn.so.1.9.1 /home/celian/workspace/install/lib/libsch-core.so.1.4.2 /usr/lib/x86_64-linux-gnu/libboost_serialization.so.1.74.0 /home/celian/workspace/install/lib/libeigen-qld.so.1.2.5 /usr/lib/x86_64-linux-gnu/libboost_timer.so.1.74.0 /usr/lib/x86_64-linux-gnu/libboost_chrono.so.1.74.0
[29.961s] gmake[2]: Leaving directory '/home/celian/workspace/build/Tasks/Tasks'
[29.965s] [100%] Built target tasks_qp_Python
[29.966s] gmake[1]: Leaving directory '/home/celian/workspace/build/Tasks/Tasks'
[29.966s] gmake: *** [Makefile:149: all] Error 2
[29.968s] Invoked command in '/home/celian/workspace/src/Tasks/build/Tasks' returned '2': /usr/bin/cmake --build /home/celian/workspace/src/Tasks/build/Tasks -- -j22 -l22
