[0.014s] Invoking command in '/home/celian/workspace/src/Tasks/build/Tasks': /usr/bin/cmake --build /home/celian/workspace/src/Tasks/build/Tasks -- -j22 -l22
[0.018s] /usr/bin/cmake -S/home/celian/workspace/src/Tasks -B/home/celian/workspace/build/Tasks/Tasks --check-build-system CMakeFiles/Makefile.cmake 0
[0.023s] /usr/bin/cmake -E cmake_progress_start /home/celian/workspace/build/Tasks/Tasks/CMakeFiles /home/celian/workspace/build/Tasks/Tasks//CMakeFiles/progress.marks
[0.027s] /usr/bin/gmake  -f CMakeFiles/Makefile2 all
[0.029s] gmake[1]: Entering directory '/home/celian/workspace/build/Tasks/Tasks'
[0.029s] /usr/bin/gmake  -f src/CMakeFiles/Tasks.dir/build.make src/CMakeFiles/Tasks.dir/depend
[0.035s] gmake[2]: Entering directory '/home/celian/workspace/build/Tasks/Tasks'
[0.035s] cd /home/celian/workspace/build/Tasks/Tasks && /usr/bin/cmake -E cmake_depends "Unix Makefiles" /home/celian/workspace/src/Tasks /home/celian/workspace/src/Tasks/src /home/celian/workspace/build/Tasks/Tasks /home/celian/workspace/build/Tasks/Tasks/src /home/celian/workspace/build/Tasks/Tasks/src/CMakeFiles/Tasks.dir/DependInfo.cmake "--color="
[0.048s] gmake[2]: Leaving directory '/home/celian/workspace/build/Tasks/Tasks'
[0.048s] /usr/bin/gmake  -f src/CMakeFiles/Tasks.dir/build.make src/CMakeFiles/Tasks.dir/build
[0.057s] gmake[2]: Entering directory '/home/celian/workspace/build/Tasks/Tasks'
[0.061s] [  3%] [32mBuilding CXX object src/CMakeFiles/Tasks.dir/QPCoincidenceConstr.cpp.o[0m
[0.061s] cd /home/celian/workspace/build/Tasks/Tasks/src && /usr/bin/c++ -DBOOST_ALL_NO_LIB -DBOOST_CHRONO_DYN_LINK -DBOOST_SERIALIZATION_DYN_LINK -DBOOST_TIMER_DYN_LINK -DTasks_EXPORTS -I/home/celian/workspace/build/Tasks/Tasks -I/home/celian/workspace/build/Tasks/Tasks/include -I/home/celian/workspace/src/Tasks/include -I/home/celian/workspace/src/Tasks/src -I/home/celian/workspace/build/Tasks/Tasks/src/../include -isystem /home/celian/workspace/install/include -isystem /usr/include/eigen3 -pedantic -Wno-long-long -Wall -Wextra -Wcast-align -Wcast-qual -Wformat -Wwrite-strings -Wconversion  -Wall -Wextra -pedantic -std=gnu++17 -fPIC   -mfpmath=sse -msse2 -Dtasks_EXPORTS -MD -MT src/CMakeFiles/Tasks.dir/QPCoincidenceConstr.cpp.o -MF CMakeFiles/Tasks.dir/QPCoincidenceConstr.cpp.o.d -o CMakeFiles/Tasks.dir/QPCoincidenceConstr.cpp.o -c /home/celian/workspace/src/Tasks/src/QPCoincidenceConstr.cpp
[1.092s] [01m[K/home/celian/workspace/src/Tasks/src/QPCoincidenceConstr.cpp:[m[K In member function â€˜[01m[Kvirtual std::string tasks::qp::FixedCoincidenceConstr::descEq(const std::vector<rbd::MultiBody>&, int)[m[Kâ€™:
[1.092s] [01m[K/home/celian/workspace/src/Tasks/src/QPCoincidenceConstr.cpp:72:80:[m[K [01;35m[Kwarning: [m[Kunused parameter â€˜[01m[Kmbs[m[Kâ€™ [[01;35m[K]8;;https://gcc.gnu.org/onlinedocs/gcc/Warning-Options.html#index-Wunused-parameter-Wunused-parameter]8;;[m[K]
[1.092s]    72 | std::string FixedCoincidenceConstr::descEq([01;35m[Kconst std::vector<rbd::MultiBody> & mbs[m[K, int i)
[1.092s]       |                                            [01;35m[K~~~~~~~~~~~~~~~~~~~~~~~~~~~~~~~~~~~~^~~[m[K
[1.093s] [01m[K/home/celian/workspace/src/Tasks/src/QPCoincidenceConstr.cpp:72:89:[m[K [01;35m[Kwarning: [m[Kunused parameter â€˜[01m[Ki[m[Kâ€™ [[01;35m[K]8;;https://gcc.gnu.org/onlinedocs/gcc/Warning-Options.html#index-Wunused-parameter-Wunused-parameter]8;;[m[K]
[1.093s]    72 | std::string FixedCoincidenceConstr::descEq(const std::vector<rbd::MultiBody> & mbs, [01;35m[Kint i[m[K)
[1.093s]       |                                                                                     [01;35m[K~~~~^[m[K
[1.157s] [01m[K/home/celian/workspace/src/Tasks/src/QPCoincidenceConstr.cpp:[m[K In member function â€˜[01m[Kvirtual std::string tasks::qp::RotationalCoincidenceConstr::descEq(const std::vector<rbd::MultiBody>&, int)[m[Kâ€™:
[1.157s] [01m[K/home/celian/workspace/src/Tasks/src/QPCoincidenceConstr.cpp:149:85:[m[K [01;35m[Kwarning: [m[Kunused parameter â€˜[01m[Kmbs[m[Kâ€™ [[01;35m[K]8;;https://gcc.gnu.org/onlinedocs/gcc/Warning-Options.html#index-Wunused-parameter-Wunused-parameter]8;;[m[K]
[1.157s]   149 | std::string RotationalCoincidenceConstr::descEq([01;35m[Kconst std::vector<rbd::MultiBody> & mbs[m[K, int i)
[1.157s]       |                                                 [01;35m[K~~~~~~~~~~~~~~~~~~~~~~~~~~~~~~~~~~~~^~~[m[K
[1.158s] [01m[K/home/celian/workspace/src/Tasks/src/QPCoincidenceConstr.cpp:149:94:[m[K [01;35m[Kwarning: [m[Kunused parameter â€˜[01m[Ki[m[Kâ€™ [[01;35m[K]8;;https://gcc.gnu.org/onlinedocs/gcc/Warning-Options.html#index-Wunused-parameter-Wunused-parameter]8;;[m[K]
[1.158s]   149 | std::string RotationalCoincidenceConstr::descEq(const std::vector<rbd::MultiBody> & mbs, [01;35m[Kint i[m[K)
[1.158s]       |                                                                                          [01;35m[K~~~~^[m[K
[1.187s] [01m[K/home/celian/workspace/src/Tasks/src/QPCoincidenceConstr.cpp:[m[K In member function â€˜[01m[Kvirtual void tasks::qp::RotationalCoincidenceConstr::update(const std::vector<rbd::MultiBody>&, const std::vector<rbd::MultiBodyConfig>&, const tasks::qp::SolverData&)[m[Kâ€™:
[1.187s] [01m[K/home/celian/workspace/src/Tasks/src/QPCoincidenceConstr.cpp:210:20:[m[K [01;35m[Kwarning: [m[Kcomparison of integer expressions of different signedness: â€˜[01m[Kint[m[Kâ€™ and â€˜[01m[Kstd::vector<std::vector<double> >::size_type[m[Kâ€™ {aka â€˜[01m[Klong unsigned int[m[Kâ€™} [[01;35m[K]8;;https://gcc.gnu.org/onlinedocs/gcc/Warning-Options.html#index-Wsign-compare-Wsign-compare]8;;[m[K]
[1.187s]   210 |   for (int i =0 ; [01;35m[Ki<std::size(mbc.alphaD)[m[K; i++){
[1.187s]       |                   [01;35m[K~^~~~~~~~~~~~~~~~~~~~~~[m[K
[4.824s] [  7%] [32m[1mLinking CXX shared library libTasks.so[0m
[4.825s] cd /home/celian/workspace/build/Tasks/Tasks/src && /usr/bin/cmake -E cmake_link_script CMakeFiles/Tasks.dir/link.txt --verbose=1
[4.830s] /usr/bin/c++ -fPIC  -pedantic -Wno-long-long -Wall -Wextra -Wcast-align -Wcast-qual -Wformat -Wwrite-strings -Wconversion  -Wall -Wextra -pedantic -shared -Wl,-soname,libTasks.so.1 -o libTasks.so.1.8.1 CMakeFiles/Tasks.dir/Tasks.cpp.o CMakeFiles/Tasks.dir/QPSolver.cpp.o CMakeFiles/Tasks.dir/QPTasks.cpp.o CMakeFiles/Tasks.dir/QPConstr.cpp.o CMakeFiles/Tasks.dir/QPContacts.cpp.o CMakeFiles/Tasks.dir/QPSolverData.cpp.o CMakeFiles/Tasks.dir/QPMotionConstr.cpp.o CMakeFiles/Tasks.dir/GenQPSolver.cpp.o CMakeFiles/Tasks.dir/QPContactConstr.cpp.o CMakeFiles/Tasks.dir/QLDQPSolver.cpp.o CMakeFiles/Tasks.dir/QPCoincidenceConstr.cpp.o  -Wl,-rpath,/home/celian/workspace/install/lib: /home/celian/workspace/install/lib/libRBDyn.so.1.9.1 /home/celian/workspace/install/lib/libsch-core.so.1.4.2 /home/celian/workspace/install/lib/libeigen-qld.so.1.2.5 /usr/lib/x86_64-linux-gnu/libboost_timer.so.1.74.0 /usr/lib/x86_64-linux-gnu/libboost_serialization.so.1.74.0 /usr/lib/x86_64-linux-gnu/libboost_chrono.so.1.74.0
[5.762s] cd /home/celian/workspace/build/Tasks/Tasks/src && /usr/bin/cmake -E cmake_symlink_library libTasks.so.1.8.1 libTasks.so.1 libTasks.so
[5.770s] gmake[2]: Leaving directory '/home/celian/workspace/build/Tasks/Tasks'
[5.773s] [ 46%] Built target Tasks
[5.773s] /usr/bin/gmake  -f tests/CMakeFiles/QPSolverTest.dir/build.make tests/CMakeFiles/QPSolverTest.dir/depend
[5.773s] /usr/bin/gmake  -f tests/CMakeFiles/QPMultiRobotTest.dir/build.make tests/CMakeFiles/QPMultiRobotTest.dir/depend
[5.774s] /usr/bin/gmake  -f tests/CMakeFiles/TasksTest.dir/build.make tests/CMakeFiles/TasksTest.dir/depend
[5.774s] /usr/bin/gmake  -f tests/CMakeFiles/AllocationTest.dir/build.make tests/CMakeFiles/AllocationTest.dir/depend
[5.774s] /usr/bin/gmake  -f binding/python/CMakeFiles/tasks_Python.dir/build.make binding/python/CMakeFiles/tasks_Python.dir/depend
[5.775s] /usr/bin/gmake  -f binding/python/CMakeFiles/tasks_qp_Python.dir/build.make binding/python/CMakeFiles/tasks_qp_Python.dir/depend
[5.777s] gmake[2]: Entering directory '/home/celian/workspace/build/Tasks/Tasks'
[5.777s] cd /home/celian/workspace/build/Tasks/Tasks && /usr/bin/cmake -E cmake_depends "Unix Makefiles" /home/celian/workspace/src/Tasks /home/celian/workspace/src/Tasks/tests /home/celian/workspace/build/Tasks/Tasks /home/celian/workspace/build/Tasks/Tasks/tests /home/celian/workspace/build/Tasks/Tasks/tests/CMakeFiles/QPSolverTest.dir/DependInfo.cmake "--color="
[5.777s] gmake[2]: Entering directory '/home/celian/workspace/build/Tasks/Tasks'
[5.777s] gmake[2]: Entering directory '/home/celian/workspace/build/Tasks/Tasks'
[5.777s] gmake[2]: Entering directory '/home/celian/workspace/build/Tasks/Tasks'
[5.777s] cd /home/celian/workspace/build/Tasks/Tasks && /usr/bin/cmake -E cmake_depends "Unix Makefiles" /home/celian/workspace/src/Tasks /home/celian/workspace/src/Tasks/tests /home/celian/workspace/build/Tasks/Tasks /home/celian/workspace/build/Tasks/Tasks/tests /home/celian/workspace/build/Tasks/Tasks/tests/CMakeFiles/TasksTest.dir/DependInfo.cmake "--color="
[5.779s] gmake[2]: Entering directory '/home/celian/workspace/build/Tasks/Tasks'
[5.779s] cd /home/celian/workspace/build/Tasks/Tasks && /usr/bin/cmake -E cmake_depends "Unix Makefiles" /home/celian/workspace/src/Tasks /home/celian/workspace/src/Tasks/tests /home/celian/workspace/build/Tasks/Tasks /home/celian/workspace/build/Tasks/Tasks/tests /home/celian/workspace/build/Tasks/Tasks/tests/CMakeFiles/QPMultiRobotTest.dir/DependInfo.cmake "--color="
[5.779s] gmake[2]: Entering directory '/home/celian/workspace/build/Tasks/Tasks'
[5.779s] cd /home/celian/workspace/build/Tasks/Tasks && /usr/bin/cmake -E cmake_depends "Unix Makefiles" /home/celian/workspace/src/Tasks /home/celian/workspace/src/Tasks/tests /home/celian/workspace/build/Tasks/Tasks /home/celian/workspace/build/Tasks/Tasks/tests /home/celian/workspace/build/Tasks/Tasks/tests/CMakeFiles/AllocationTest.dir/DependInfo.cmake "--color="
[5.779s] [ 50%] [34m[1mGenerating Python/tasks/tasks.cpp[0m
[5.779s] cd /home/celian/workspace/build/Tasks/Tasks/binding/python && /usr/bin/python -m cython --cplus -o /home/celian/workspace/build/Tasks/Tasks/binding/python/Python/tasks/tasks.cpp -I/home/celian/workspace/build/Tasks/Tasks -I/home/celian/workspace/build/Tasks/Tasks/include -I/home/celian/workspace/src/Tasks/include -I/home/celian/workspace/src/Tasks/binding/python/include /home/celian/workspace/src/Tasks/binding/python/tasks/tasks.pyx
[5.780s] [ 53%] [34m[1mGenerating Python/tasks/qp/qp.cpp[0m
[5.781s] cd /home/celian/workspace/build/Tasks/Tasks/binding/python && /usr/bin/python -m cython --cplus -o /home/celian/workspace/build/Tasks/Tasks/binding/python/Python/tasks/qp/qp.cpp -I/home/celian/workspace/build/Tasks/Tasks -I/home/celian/workspace/build/Tasks/Tasks/include -I/home/celian/workspace/src/Tasks/include -I/home/celian/workspace/src/Tasks/binding/python/include /home/celian/workspace/src/Tasks/binding/python/tasks/qp/qp.pyx
[5.781s] gmake[2]: Leaving directory '/home/celian/workspace/build/Tasks/Tasks'
[5.781s] /usr/bin/gmake  -f tests/CMakeFiles/QPMultiRobotTest.dir/build.make tests/CMakeFiles/QPMultiRobotTest.dir/build
[5.781s] gmake[2]: Leaving directory '/home/celian/workspace/build/Tasks/Tasks'
[5.781s] /usr/bin/gmake  -f tests/CMakeFiles/QPSolverTest.dir/build.make tests/CMakeFiles/QPSolverTest.dir/build
[5.782s] gmake[2]: Leaving directory '/home/celian/workspace/build/Tasks/Tasks'
[5.782s] gmake[2]: Leaving directory '/home/celian/workspace/build/Tasks/Tasks'
[5.782s] /usr/bin/gmake  -f tests/CMakeFiles/AllocationTest.dir/build.make tests/CMakeFiles/AllocationTest.dir/build
[5.782s] /usr/bin/gmake  -f tests/CMakeFiles/TasksTest.dir/build.make tests/CMakeFiles/TasksTest.dir/build
[5.785s] gmake[2]: Entering directory '/home/celian/workspace/build/Tasks/Tasks'
[5.785s] gmake[2]: Entering directory '/home/celian/workspace/build/Tasks/Tasks'
[5.785s] gmake[2]: Entering directory '/home/celian/workspace/build/Tasks/Tasks'
[5.785s] gmake[2]: Entering directory '/home/celian/workspace/build/Tasks/Tasks'
[5.787s] [ 57%] [32m[1mLinking CXX executable TasksTest[0m
[5.787s] cd /home/celian/workspace/build/Tasks/Tasks/tests && /usr/bin/cmake -E cmake_link_script CMakeFiles/TasksTest.dir/link.txt --verbose=1
[5.787s] [ 65%] [32m[1mLinking CXX executable QPSolverTest[0m
[5.787s] [ 65%] [32m[1mLinking CXX executable AllocationTest[0m
[5.787s] cd /home/celian/workspace/build/Tasks/Tasks/tests && /usr/bin/cmake -E cmake_link_script CMakeFiles/AllocationTest.dir/link.txt --verbose=1
[5.788s] cd /home/celian/workspace/build/Tasks/Tasks/tests && /usr/bin/cmake -E cmake_link_script CMakeFiles/QPSolverTest.dir/link.txt --verbose=1
[5.788s] [ 69%] [32m[1mLinking CXX executable QPMultiRobotTest[0m
[5.788s] cd /home/celian/workspace/build/Tasks/Tasks/tests && /usr/bin/cmake -E cmake_link_script CMakeFiles/QPMultiRobotTest.dir/link.txt --verbose=1
[5.789s] /usr/bin/c++  -pedantic -Wno-long-long -Wall -Wextra -Wcast-align -Wcast-qual -Wformat -Wwrite-strings -Wconversion  -Wall -Wextra -pedantic CMakeFiles/AllocationTest.dir/AllocationTest.cpp.o -o AllocationTest  -Wl,-rpath,/home/celian/workspace/build/Tasks/Tasks/src:/home/celian/workspace/install/lib ../src/libTasks.so.1.8.1 /usr/lib/x86_64-linux-gnu/libboost_unit_test_framework.so.1.74.0 /home/celian/workspace/install/lib/libRBDyn.so.1.9.1 /home/celian/workspace/install/lib/libsch-core.so.1.4.2 /usr/lib/x86_64-linux-gnu/libboost_serialization.so.1.74.0 /home/celian/workspace/install/lib/libeigen-qld.so.1.2.5 /usr/lib/x86_64-linux-gnu/libboost_timer.so.1.74.0 /usr/lib/x86_64-linux-gnu/libboost_chrono.so.1.74.0
[5.790s] /usr/bin/c++  -pedantic -Wno-long-long -Wall -Wextra -Wcast-align -Wcast-qual -Wformat -Wwrite-strings -Wconversion  -Wall -Wextra -pedantic CMakeFiles/TasksTest.dir/TasksTest.cpp.o -o TasksTest  -Wl,-rpath,/home/celian/workspace/build/Tasks/Tasks/src:/home/celian/workspace/install/lib ../src/libTasks.so.1.8.1 /usr/lib/x86_64-linux-gnu/libboost_unit_test_framework.so.1.74.0 /home/celian/workspace/install/lib/libRBDyn.so.1.9.1 /home/celian/workspace/install/lib/libsch-core.so.1.4.2 /usr/lib/x86_64-linux-gnu/libboost_serialization.so.1.74.0 /home/celian/workspace/install/lib/libeigen-qld.so.1.2.5 /usr/lib/x86_64-linux-gnu/libboost_timer.so.1.74.0 /usr/lib/x86_64-linux-gnu/libboost_chrono.so.1.74.0
[5.790s] /usr/bin/c++  -pedantic -Wno-long-long -Wall -Wextra -Wcast-align -Wcast-qual -Wformat -Wwrite-strings -Wconversion  -Wall -Wextra -pedantic CMakeFiles/QPSolverTest.dir/QPSolverTest.cpp.o -o QPSolverTest  -Wl,-rpath,/home/celian/workspace/build/Tasks/Tasks/src:/home/celian/workspace/install/lib ../src/libTasks.so.1.8.1 /usr/lib/x86_64-linux-gnu/libboost_unit_test_framework.so.1.74.0 /home/celian/workspace/install/lib/libRBDyn.so.1.9.1 /home/celian/workspace/install/lib/libsch-core.so.1.4.2 /usr/lib/x86_64-linux-gnu/libboost_serialization.so.1.74.0 /home/celian/workspace/install/lib/libeigen-qld.so.1.2.5 /usr/lib/x86_64-linux-gnu/libboost_timer.so.1.74.0 /usr/lib/x86_64-linux-gnu/libboost_chrono.so.1.74.0
[5.791s] /usr/bin/c++  -pedantic -Wno-long-long -Wall -Wextra -Wcast-align -Wcast-qual -Wformat -Wwrite-strings -Wconversion  -Wall -Wextra -pedantic CMakeFiles/QPMultiRobotTest.dir/QPMultiRobotTest.cpp.o -o QPMultiRobotTest  -Wl,-rpath,/home/celian/workspace/build/Tasks/Tasks/src:/home/celian/workspace/install/lib ../src/libTasks.so.1.8.1 /usr/lib/x86_64-linux-gnu/libboost_unit_test_framework.so.1.74.0 /home/celian/workspace/install/lib/libRBDyn.so.1.9.1 /home/celian/workspace/install/lib/libsch-core.so.1.4.2 /usr/lib/x86_64-linux-gnu/libboost_serialization.so.1.74.0 /home/celian/workspace/install/lib/libeigen-qld.so.1.2.5 /usr/lib/x86_64-linux-gnu/libboost_timer.so.1.74.0 /usr/lib/x86_64-linux-gnu/libboost_chrono.so.1.74.0
[6.006s] /usr/bin/ld: ../src/libTasks.so.1.8.1: undefined reference to `fmt::v8::detail::error_handler::on_error(char const*)'
[6.006s] /usr/bin/ld: ../src/libTasks.so.1.8.1: undefined reference to `int fmt::v8::detail::snprintf_float<double>(double, int, fmt::v8::detail::float_specs, fmt::v8::detail::buffer<char>&)'
[6.006s] /usr/bin/ld: ../src/libTasks.so.1.8.1: undefined reference to `fmt::v8::detail::thousands_sep_result<char> fmt::v8::detail::thousands_sep_impl<char>(fmt::v8::detail::locale_ref)'
[6.006s] /usr/bin/ld: ../src/libTasks.so.1.8.1: undefined reference to `char fmt::v8::detail::decimal_point_impl<char>(fmt::v8::detail::locale_ref)'
[6.007s] /usr/bin/ld: ../src/libTasks.so.1.8.1: undefined reference to `fmt::v8::detail::dragonbox::decimal_fp<float> fmt::v8::detail::dragonbox::to_decimal<float>(float)'
[6.007s] /usr/bin/ld: ../src/libTasks.so.1.8.1: undefined reference to `int fmt::v8::detail::snprintf_float<long double>(long double, int, fmt::v8::detail::float_specs, fmt::v8::detail::buffer<char>&)'
[6.007s] /usr/bin/ld: ../src/libTasks.so.1.8.1: undefined reference to `fmt::v8::detail::assert_fail(char const*, int, char const*)'
[6.008s] /usr/bin/ld: ../src/libTasks.so.1.8.1: undefined reference to `fmt::v8::detail::dragonbox::decimal_fp<double> fmt::v8::detail::dragonbox::to_decimal<double>(double)'
[6.009s] /usr/bin/ld: ../src/libTasks.so.1.8.1: undefined reference to `fmt::v8::detail::throw_format_error(char const*)'
[6.009s] /usr/bin/ld: ../src/libTasks.so.1.8.1: undefined reference to `int fmt::v8::detail::format_float<double>(double, int, fmt::v8::detail::float_specs, fmt::v8::detail::buffer<char>&)'
[6.009s] /usr/bin/ld: ../src/libTasks.so.1.8.1: undefined reference to `int fmt::v8::detail::format_float<long double>(long double, int, fmt::v8::detail::float_specs, fmt::v8::detail::buffer<char>&)'
[6.015s] collect2: error: ld returned 1 exit status
[6.016s] gmake[2]: *** [tests/CMakeFiles/AllocationTest.dir/build.make:111: tests/AllocationTest] Error 1
[6.016s] gmake[1]: *** [CMakeFiles/Makefile2:1816: tests/CMakeFiles/AllocationTest.dir/all] Error 2
[6.016s] gmake[1]: *** Waiting for unfinished jobs....
[6.016s] gmake[2]: Leaving directory '/home/celian/workspace/build/Tasks/Tasks'
[6.076s] /usr/bin/ld: ../src/libTasks.so.1.8.1: undefined reference to `fmt::v8::detail::error_handler::on_error(char const*)'
[6.077s] /usr/bin/ld: ../src/libTasks.so.1.8.1: undefined reference to `int fmt::v8::detail::snprintf_float<double>(double, int, fmt::v8::detail::float_specs, fmt::v8::detail::buffer<char>&)'
[6.077s] /usr/bin/ld: ../src/libTasks.so.1.8.1: undefined reference to `fmt::v8::detail::thousands_sep_result<char> fmt::v8::detail::thousands_sep_impl<char>(fmt::v8::detail::locale_ref)'
[6.077s] /usr/bin/ld: ../src/libTasks.so.1.8.1: undefined reference to `char fmt::v8::detail::decimal_point_impl<char>(fmt::v8::detail::locale_ref)'
[6.078s] /usr/bin/ld: ../src/libTasks.so.1.8.1: undefined reference to `fmt::v8::detail::dragonbox::decimal_fp<float> fmt::v8::detail::dragonbox::to_decimal<float>(float)'
[6.078s] /usr/bin/ld: ../src/libTasks.so.1.8.1: undefined reference to `int fmt::v8::detail::snprintf_float<long double>(long double, int, fmt::v8::detail::float_specs, fmt::v8::detail::buffer<char>&)'
[6.078s] /usr/bin/ld: ../src/libTasks.so.1.8.1: undefined reference to `fmt::v8::detail::assert_fail(char const*, int, char const*)'
[6.080s] /usr/bin/ld: ../src/libTasks.so.1.8.1: undefined reference to `fmt::v8::detail::dragonbox::decimal_fp<double> fmt::v8::detail::dragonbox::to_decimal<double>(double)'
[6.080s] /usr/bin/ld: ../src/libTasks.so.1.8.1: undefined reference to `fmt::v8::detail::throw_format_error(char const*)'
[6.081s] /usr/bin/ld: ../src/libTasks.so.1.8.1: undefined reference to `int fmt::v8::detail::format_float<double>(double, int, fmt::v8::detail::float_specs, fmt::v8::detail::buffer<char>&)'
[6.081s] /usr/bin/ld: ../src/libTasks.so.1.8.1: undefined reference to `int fmt::v8::detail::format_float<long double>(long double, int, fmt::v8::detail::float_specs, fmt::v8::detail::buffer<char>&)'
[6.082s] /usr/bin/ld: ../src/libTasks.so.1.8.1: undefined reference to `fmt::v8::detail::error_handler::on_error(char const*)'
[6.083s] /usr/bin/ld: ../src/libTasks.so.1.8.1: undefined reference to `int fmt::v8::detail::snprintf_float<double>(double, int, fmt::v8::detail::float_specs, fmt::v8::detail::buffer<char>&)'
[6.083s] /usr/bin/ld: ../src/libTasks.so.1.8.1: undefined reference to `fmt::v8::detail::thousands_sep_result<char> fmt::v8::detail::thousands_sep_impl<char>(fmt::v8::detail::locale_ref)'
[6.084s] /usr/bin/ld: ../src/libTasks.so.1.8.1: undefined reference to `char fmt::v8::detail::decimal_point_impl<char>(fmt::v8::detail::locale_ref)'
[6.084s] /usr/bin/ld: ../src/libTasks.so.1.8.1: undefined reference to `fmt::v8::detail::dragonbox::decimal_fp<float> fmt::v8::detail::dragonbox::to_decimal<float>(float)'
[6.084s] /usr/bin/ld: ../src/libTasks.so.1.8.1: undefined reference to `int fmt::v8::detail::snprintf_float<long double>(long double, int, fmt::v8::detail::float_specs, fmt::v8::detail::buffer<char>&)'
[6.085s] /usr/bin/ld: ../src/libTasks.so.1.8.1: undefined reference to `fmt::v8::detail::assert_fail(char const*, int, char const*)'
[6.086s] /usr/bin/ld: ../src/libTasks.so.1.8.1: undefined reference to `fmt::v8::detail::dragonbox::decimal_fp<double> fmt::v8::detail::dragonbox::to_decimal<double>(double)'
[6.087s] /usr/bin/ld: ../src/libTasks.so.1.8.1: undefined reference to `fmt::v8::detail::throw_format_error(char const*)'
[6.087s] /usr/bin/ld: ../src/libTasks.so.1.8.1: undefined reference to `int fmt::v8::detail::format_float<double>(double, int, fmt::v8::detail::float_specs, fmt::v8::detail::buffer<char>&)'
[6.088s] /usr/bin/ld: ../src/libTasks.so.1.8.1: undefined reference to `int fmt::v8::detail::format_float<long double>(long double, int, fmt::v8::detail::float_specs, fmt::v8::detail::buffer<char>&)'
[6.088s] collect2: error: ld returned 1 exit status
[6.089s] gmake[2]: *** [tests/CMakeFiles/TasksTest.dir/build.make:111: tests/TasksTest] Error 1
[6.089s] gmake[2]: Leaving directory '/home/celian/workspace/build/Tasks/Tasks'
[6.089s] gmake[1]: *** [CMakeFiles/Makefile2:1784: tests/CMakeFiles/TasksTest.dir/all] Error 2
[6.095s] collect2: error: ld returned 1 exit status
[6.096s] gmake[2]: *** [tests/CMakeFiles/QPMultiRobotTest.dir/build.make:111: tests/QPMultiRobotTest] Error 1
[6.096s] gmake[2]: Leaving directory '/home/celian/workspace/build/Tasks/Tasks'
[6.096s] gmake[1]: *** [CMakeFiles/Makefile2:1752: tests/CMakeFiles/QPMultiRobotTest.dir/all] Error 2
[6.157s] /usr/bin/ld: ../src/libTasks.so.1.8.1: undefined reference to `fmt::v8::detail::error_handler::on_error(char const*)'
[6.157s] /usr/bin/ld: ../src/libTasks.so.1.8.1: undefined reference to `int fmt::v8::detail::snprintf_float<double>(double, int, fmt::v8::detail::float_specs, fmt::v8::detail::buffer<char>&)'
[6.158s] /usr/bin/ld: ../src/libTasks.so.1.8.1: undefined reference to `fmt::v8::detail::thousands_sep_result<char> fmt::v8::detail::thousands_sep_impl<char>(fmt::v8::detail::locale_ref)'
[6.158s] /usr/bin/ld: ../src/libTasks.so.1.8.1: undefined reference to `char fmt::v8::detail::decimal_point_impl<char>(fmt::v8::detail::locale_ref)'
[6.159s] /usr/bin/ld: ../src/libTasks.so.1.8.1: undefined reference to `fmt::v8::detail::dragonbox::decimal_fp<float> fmt::v8::detail::dragonbox::to_decimal<float>(float)'
[6.159s] /usr/bin/ld: ../src/libTasks.so.1.8.1: undefined reference to `int fmt::v8::detail::snprintf_float<long double>(long double, int, fmt::v8::detail::float_specs, fmt::v8::detail::buffer<char>&)'
[6.160s] /usr/bin/ld: ../src/libTasks.so.1.8.1: undefined reference to `fmt::v8::detail::assert_fail(char const*, int, char const*)'
[6.162s] /usr/bin/ld: ../src/libTasks.so.1.8.1: undefined reference to `fmt::v8::detail::dragonbox::decimal_fp<double> fmt::v8::detail::dragonbox::to_decimal<double>(double)'
[6.163s] /usr/bin/ld: ../src/libTasks.so.1.8.1: undefined reference to `fmt::v8::detail::throw_format_error(char const*)'
[6.164s] /usr/bin/ld: ../src/libTasks.so.1.8.1: undefined reference to `int fmt::v8::detail::format_float<double>(double, int, fmt::v8::detail::float_specs, fmt::v8::detail::buffer<char>&)'
[6.164s] /usr/bin/ld: ../src/libTasks.so.1.8.1: undefined reference to `int fmt::v8::detail::format_float<long double>(long double, int, fmt::v8::detail::float_specs, fmt::v8::detail::buffer<char>&)'
[6.175s] collect2: error: ld returned 1 exit status
[6.176s] gmake[2]: *** [tests/CMakeFiles/QPSolverTest.dir/build.make:111: tests/QPSolverTest] Error 1
[6.176s] gmake[2]: Leaving directory '/home/celian/workspace/build/Tasks/Tasks'
[6.177s] gmake[1]: *** [CMakeFiles/Makefile2:1720: tests/CMakeFiles/QPSolverTest.dir/all] Error 2
[6.200s] /usr/lib/python3/dist-packages/Cython/Compiler/Main.py:369: FutureWarning: Cython directive 'language_level' not set, using 2 for now (Py2). This will change in a later release! File: /home/celian/workspace/src/Tasks/binding/python/tasks/qp/qp.pxd
[6.200s]   tree = Parsing.p_module(s, pxd, full_module_name)
[6.237s] /usr/lib/python3/dist-packages/Cython/Compiler/Main.py:369: FutureWarning: Cython directive 'language_level' not set, using 2 for now (Py2). This will change in a later release! File: /home/celian/workspace/src/Tasks/binding/python/tasks/tasks.pxd
[6.237s]   tree = Parsing.p_module(s, pxd, full_module_name)
[7.900s] cd /home/celian/workspace/build/Tasks/Tasks && /usr/bin/cmake -E cmake_depends "Unix Makefiles" /home/celian/workspace/src/Tasks /home/celian/workspace/src/Tasks/binding/python /home/celian/workspace/build/Tasks/Tasks /home/celian/workspace/build/Tasks/Tasks/binding/python /home/celian/workspace/build/Tasks/Tasks/binding/python/CMakeFiles/tasks_Python.dir/DependInfo.cmake "--color="
[7.911s] gmake[2]: Leaving directory '/home/celian/workspace/build/Tasks/Tasks'
[7.911s] /usr/bin/gmake  -f binding/python/CMakeFiles/tasks_Python.dir/build.make binding/python/CMakeFiles/tasks_Python.dir/build
[7.917s] gmake[2]: Entering directory '/home/celian/workspace/build/Tasks/Tasks'
[7.920s] [ 73%] [32mBuilding CXX object binding/python/CMakeFiles/tasks_Python.dir/Python/tasks/tasks.cpp.o[0m
[7.921s] cd /home/celian/workspace/build/Tasks/Tasks/binding/python && /usr/bin/c++ -DBOOST_ALL_NO_LIB -DBOOST_CHRONO_DYN_LINK -DBOOST_SERIALIZATION_DYN_LINK -DBOOST_TIMER_DYN_LINK -Dtasks_Python_EXPORTS -I/home/celian/workspace/build/Tasks/Tasks -I/home/celian/workspace/build/Tasks/Tasks/include -I/home/celian/workspace/src/Tasks/include -I/home/celian/workspace/src/Tasks/binding/python/include -I/home/celian/workspace/src/Tasks/src -I/home/celian/workspace/build/Tasks/Tasks/src/../include -isystem /usr/include/python3.10 -isystem /home/celian/workspace/install/include -isystem /usr/include/eigen3 -isystem /home/celian/.local/lib/python3.10/site-packages/numpy/core/include -pedantic -Wno-long-long -Wall -Wextra -Wcast-align -Wcast-qual -Wformat -Wwrite-strings -Wconversion  -Wall -Wextra -pedantic -std=gnu++17 -fPIC -fvisibility=default   -mfpmath=sse -msse2 -Wno-cast-qual -Wno-cpp -Wno-conversion -Wno-overflow -Wno-unused-variable -Wno-unused-function -MD -MT binding/python/CMakeFiles/tasks_Python.dir/Python/tasks/tasks.cpp.o -MF CMakeFiles/tasks_Python.dir/Python/tasks/tasks.cpp.o.d -o CMakeFiles/tasks_Python.dir/Python/tasks/tasks.cpp.o -c /home/celian/workspace/build/Tasks/Tasks/binding/python/Python/tasks/tasks.cpp
[9.154s] cd /home/celian/workspace/build/Tasks/Tasks && /usr/bin/cmake -E cmake_depends "Unix Makefiles" /home/celian/workspace/src/Tasks /home/celian/workspace/src/Tasks/binding/python /home/celian/workspace/build/Tasks/Tasks /home/celian/workspace/build/Tasks/Tasks/binding/python /home/celian/workspace/build/Tasks/Tasks/binding/python/CMakeFiles/tasks_qp_Python.dir/DependInfo.cmake "--color="
[9.162s] gmake[2]: Leaving directory '/home/celian/workspace/build/Tasks/Tasks'
[9.162s] /usr/bin/gmake  -f binding/python/CMakeFiles/tasks_qp_Python.dir/build.make binding/python/CMakeFiles/tasks_qp_Python.dir/build
[9.166s] gmake[2]: Entering directory '/home/celian/workspace/build/Tasks/Tasks'
[9.169s] [ 76%] [32mBuilding CXX object binding/python/CMakeFiles/tasks_qp_Python.dir/Python/tasks/qp/qp.cpp.o[0m
[9.170s] cd /home/celian/workspace/build/Tasks/Tasks/binding/python && /usr/bin/c++ -DBOOST_ALL_NO_LIB -DBOOST_CHRONO_DYN_LINK -DBOOST_SERIALIZATION_DYN_LINK -DBOOST_TIMER_DYN_LINK -Dtasks_qp_Python_EXPORTS -I/home/celian/workspace/build/Tasks/Tasks -I/home/celian/workspace/build/Tasks/Tasks/include -I/home/celian/workspace/src/Tasks/include -I/home/celian/workspace/src/Tasks/binding/python/include -I/home/celian/workspace/src/Tasks/src -I/home/celian/workspace/build/Tasks/Tasks/src/../include -isystem /usr/include/python3.10 -isystem /home/celian/workspace/install/include -isystem /usr/include/eigen3 -isystem /home/celian/.local/lib/python3.10/site-packages/numpy/core/include -pedantic -Wno-long-long -Wall -Wextra -Wcast-align -Wcast-qual -Wformat -Wwrite-strings -Wconversion  -Wall -Wextra -pedantic -std=gnu++17 -fPIC -fvisibility=default   -mfpmath=sse -msse2 -Wno-cast-qual -Wno-cpp -Wno-conversion -Wno-overflow -Wno-unused-variable -Wno-unused-function -MD -MT binding/python/CMakeFiles/tasks_qp_Python.dir/Python/tasks/qp/qp.cpp.o -MF CMakeFiles/tasks_qp_Python.dir/Python/tasks/qp/qp.cpp.o.d -o CMakeFiles/tasks_qp_Python.dir/Python/tasks/qp/qp.cpp.o -c /home/celian/workspace/build/Tasks/Tasks/binding/python/Python/tasks/qp/qp.cpp
[9.233s] [01m[K/home/celian/workspace/build/Tasks/Tasks/binding/python/Python/tasks/tasks.cpp:[m[K In function â€˜[01m[Kvoid __pyx_pf_5tasks_5tasks_23OrientationTrackingTask___dealloc__(__pyx_obj_5tasks_5tasks_OrientationTrackingTask*)[m[Kâ€™:
[9.233s] [01m[K/home/celian/workspace/build/Tasks/Tasks/binding/python/Python/tasks/tasks.cpp:17438:3:[m[K [01;35m[Kwarning: [m[Kdeleting object of polymorphic class type â€˜[01m[Ktasks::OrientationTrackingTask[m[Kâ€™ which has non-virtual destructor might cause undefined behavior [[01;35m[K]8;;https://gcc.gnu.org/onlinedocs/gcc/Warning-Options.html#index-Wdelete-non-virtual-dtor-Wdelete-non-virtual-dtor]8;;[m[K]
[9.233s] 17438 |   [01;35m[Kdelete __pyx_v_self->impl[m[K;
[9.233s]       |   [01;35m[K^~~~~~~~~~~~~~~~~~~~~~~~~[m[K
[11.285s] [ 80%] [32m[1mLinking CXX shared module Python/tasks/tasks/tasks.so[0m
[11.285s] cd /home/celian/workspace/build/Tasks/Tasks/binding/python && /usr/bin/cmake -E cmake_link_script CMakeFiles/tasks_Python.dir/link.txt --verbose=1
[11.287s] /usr/bin/c++ -fPIC  -pedantic -Wno-long-long -Wall -Wextra -Wcast-align -Wcast-qual -Wformat -Wwrite-strings -Wconversion  -Wall -Wextra -pedantic -shared  -o Python/tasks/tasks/tasks.so CMakeFiles/tasks_Python.dir/Python/tasks/tasks.cpp.o  -Wl,-rpath,/home/celian/workspace/build/Tasks/Tasks/src:/home/celian/workspace/install/lib ../../src/libTasks.so.1.8.1 /usr/lib/x86_64-linux-gnu/libpython3.10.so /home/celian/workspace/install/lib/libRBDyn.so.1.9.1 /home/celian/workspace/install/lib/libsch-core.so.1.4.2 /usr/lib/x86_64-linux-gnu/libboost_serialization.so.1.74.0 /home/celian/workspace/install/lib/libeigen-qld.so.1.2.5 /usr/lib/x86_64-linux-gnu/libboost_timer.so.1.74.0 /usr/lib/x86_64-linux-gnu/libboost_chrono.so.1.74.0
[11.421s] gmake[2]: Leaving directory '/home/celian/workspace/build/Tasks/Tasks'
[11.428s] [ 80%] Built target tasks_Python
[15.861s] [ 84%] [32m[1mLinking CXX shared module Python/tasks/tasks/qp/qp.so[0m
[15.861s] cd /home/celian/workspace/build/Tasks/Tasks/binding/python && /usr/bin/cmake -E cmake_link_script CMakeFiles/tasks_qp_Python.dir/link.txt --verbose=1
[15.866s] /usr/bin/c++ -fPIC  -pedantic -Wno-long-long -Wall -Wextra -Wcast-align -Wcast-qual -Wformat -Wwrite-strings -Wconversion  -Wall -Wextra -pedantic -shared  -o Python/tasks/tasks/qp/qp.so CMakeFiles/tasks_qp_Python.dir/Python/tasks/qp/qp.cpp.o  -Wl,-rpath,/home/celian/workspace/build/Tasks/Tasks/src:/home/celian/workspace/install/lib ../../src/libTasks.so.1.8.1 /usr/lib/x86_64-linux-gnu/libpython3.10.so /home/celian/workspace/install/lib/libRBDyn.so.1.9.1 /home/celian/workspace/install/lib/libsch-core.so.1.4.2 /usr/lib/x86_64-linux-gnu/libboost_serialization.so.1.74.0 /home/celian/workspace/install/lib/libeigen-qld.so.1.2.5 /usr/lib/x86_64-linux-gnu/libboost_timer.so.1.74.0 /usr/lib/x86_64-linux-gnu/libboost_chrono.so.1.74.0
[16.030s] gmake[2]: Leaving directory '/home/celian/workspace/build/Tasks/Tasks'
[16.036s] [ 84%] Built target tasks_qp_Python
[16.036s] gmake[1]: Leaving directory '/home/celian/workspace/build/Tasks/Tasks'
[16.037s] gmake: *** [Makefile:149: all] Error 2
[16.039s] Invoked command in '/home/celian/workspace/src/Tasks/build/Tasks' returned '2': /usr/bin/cmake --build /home/celian/workspace/src/Tasks/build/Tasks -- -j22 -l22
