/usr/bin/cmake -S/home/celian/workspace/src/Tasks -B/home/celian/workspace/build/Tasks/Tasks --check-build-system CMakeFiles/Makefile.cmake 0
/usr/bin/cmake -E cmake_progress_start /home/celian/workspace/build/Tasks/Tasks/CMakeFiles /home/celian/workspace/build/Tasks/Tasks//CMakeFiles/progress.marks
/usr/bin/gmake  -f CMakeFiles/Makefile2 all
gmake[1]: Entering directory '/home/celian/workspace/build/Tasks/Tasks'
/usr/bin/gmake  -f src/CMakeFiles/Tasks.dir/build.make src/CMakeFiles/Tasks.dir/depend
gmake[2]: Entering directory '/home/celian/workspace/build/Tasks/Tasks'
cd /home/celian/workspace/build/Tasks/Tasks && /usr/bin/cmake -E cmake_depends "Unix Makefiles" /home/celian/workspace/src/Tasks /home/celian/workspace/src/Tasks/src /home/celian/workspace/build/Tasks/Tasks /home/celian/workspace/build/Tasks/Tasks/src /home/celian/workspace/build/Tasks/Tasks/src/CMakeFiles/Tasks.dir/DependInfo.cmake "--color="
gmake[2]: Leaving directory '/home/celian/workspace/build/Tasks/Tasks'
/usr/bin/gmake  -f src/CMakeFiles/Tasks.dir/build.make src/CMakeFiles/Tasks.dir/build
gmake[2]: Entering directory '/home/celian/workspace/build/Tasks/Tasks'
[  3%] [32mBuilding CXX object src/CMakeFiles/Tasks.dir/QPCoincidenceConstr.cpp.o[0m
cd /home/celian/workspace/build/Tasks/Tasks/src && /usr/bin/c++ -DBOOST_ALL_NO_LIB -DBOOST_CHRONO_DYN_LINK -DBOOST_SERIALIZATION_DYN_LINK -DBOOST_TIMER_DYN_LINK -DTasks_EXPORTS -I/home/celian/workspace/build/Tasks/Tasks -I/home/celian/workspace/build/Tasks/Tasks/include -I/home/celian/workspace/src/Tasks/include -I/home/celian/workspace/src/Tasks/src -I/home/celian/workspace/build/Tasks/Tasks/src/../include -isystem /home/celian/workspace/install/include -isystem /usr/include/eigen3 -pedantic -Wno-long-long -Wall -Wextra -Wcast-align -Wcast-qual -Wformat -Wwrite-strings -Wconversion  -Wall -Wextra -pedantic -std=gnu++17 -fPIC   -mfpmath=sse -msse2 -Dtasks_EXPORTS -MD -MT src/CMakeFiles/Tasks.dir/QPCoincidenceConstr.cpp.o -MF CMakeFiles/Tasks.dir/QPCoincidenceConstr.cpp.o.d -o CMakeFiles/Tasks.dir/QPCoincidenceConstr.cpp.o -c /home/celian/workspace/src/Tasks/src/QPCoincidenceConstr.cpp
[01m[K/home/celian/workspace/src/Tasks/src/QPCoincidenceConstr.cpp:[m[K In member function â€˜[01m[Kvirtual std::string tasks::qp::FixedCoincidenceConstr::descEq(const std::vector<rbd::MultiBody>&, int)[m[Kâ€™:
[01m[K/home/celian/workspace/src/Tasks/src/QPCoincidenceConstr.cpp:70:80:[m[K [01;35m[Kwarning: [m[Kunused parameter â€˜[01m[Kmbs[m[Kâ€™ [[01;35m[K]8;;https://gcc.gnu.org/onlinedocs/gcc/Warning-Options.html#index-Wunused-parameter-Wunused-parameter]8;;[m[K]
   70 | std::string FixedCoincidenceConstr::descEq([01;35m[Kconst std::vector<rbd::MultiBody> & mbs[m[K, int i)
      |                                            [01;35m[K~~~~~~~~~~~~~~~~~~~~~~~~~~~~~~~~~~~~^~~[m[K
[01m[K/home/celian/workspace/src/Tasks/src/QPCoincidenceConstr.cpp:70:89:[m[K [01;35m[Kwarning: [m[Kunused parameter â€˜[01m[Ki[m[Kâ€™ [[01;35m[K]8;;https://gcc.gnu.org/onlinedocs/gcc/Warning-Options.html#index-Wunused-parameter-Wunused-parameter]8;;[m[K]
   70 | std::string FixedCoincidenceConstr::descEq(const std::vector<rbd::MultiBody> & mbs, [01;35m[Kint i[m[K)
      |                                                                                     [01;35m[K~~~~^[m[K
[01m[K/home/celian/workspace/src/Tasks/src/QPCoincidenceConstr.cpp:[m[K In member function â€˜[01m[Kvirtual std::string tasks::qp::RotationalCoincidenceConstr::descEq(const std::vector<rbd::MultiBody>&, int)[m[Kâ€™:
[01m[K/home/celian/workspace/src/Tasks/src/QPCoincidenceConstr.cpp:152:85:[m[K [01;35m[Kwarning: [m[Kunused parameter â€˜[01m[Kmbs[m[Kâ€™ [[01;35m[K]8;;https://gcc.gnu.org/onlinedocs/gcc/Warning-Options.html#index-Wunused-parameter-Wunused-parameter]8;;[m[K]
  152 | std::string RotationalCoincidenceConstr::descEq([01;35m[Kconst std::vector<rbd::MultiBody> & mbs[m[K, int i)
      |                                                 [01;35m[K~~~~~~~~~~~~~~~~~~~~~~~~~~~~~~~~~~~~^~~[m[K
[01m[K/home/celian/workspace/src/Tasks/src/QPCoincidenceConstr.cpp:152:94:[m[K [01;35m[Kwarning: [m[Kunused parameter â€˜[01m[Ki[m[Kâ€™ [[01;35m[K]8;;https://gcc.gnu.org/onlinedocs/gcc/Warning-Options.html#index-Wunused-parameter-Wunused-parameter]8;;[m[K]
  152 | std::string RotationalCoincidenceConstr::descEq(const std::vector<rbd::MultiBody> & mbs, [01;35m[Kint i[m[K)
      |                                                                                          [01;35m[K~~~~^[m[K
[01m[K/home/celian/workspace/src/Tasks/src/QPCoincidenceConstr.cpp:[m[K In member function â€˜[01m[Kvirtual void tasks::qp::RotationalCoincidenceConstr::update(const std::vector<rbd::MultiBody>&, const std::vector<rbd::MultiBodyConfig>&, const tasks::qp::SolverData&)[m[Kâ€™:
[01m[K/home/celian/workspace/src/Tasks/src/QPCoincidenceConstr.cpp:200:44:[m[K [01;31m[Kerror: [m[Kexpected â€˜[01m[K;[m[Kâ€™ before â€˜[01m[K:[m[Kâ€™ token
  200 |   std::cout << "A_ = \n" << A_ << std::endl[01;31m[K:[m[K
      |                                            [01;31m[K^[m[K
      |                                            [32m[K;[m[K
[01m[K/home/celian/workspace/src/Tasks/src/QPCoincidenceConstr.cpp:203:58:[m[K [01;31m[Kerror: [m[Kâ€˜[01m[KnormalAccB[m[Kâ€™ was not declared in this scope; did you mean â€˜[01m[KnormalAcc1[m[Kâ€™?
  203 |   Vector6d normalAcc1 = jac1.normalAcceleration(mb, mbc, [01;31m[KnormalAccB[m[K).vector();
      |                                                          [01;31m[K^~~~~~~~~~[m[K
      |                                                          [32m[KnormalAcc1[m[K
gmake[2]: Leaving directory '/home/celian/workspace/build/Tasks/Tasks'
gmake[2]: *** [src/CMakeFiles/Tasks.dir/build.make:222: src/CMakeFiles/Tasks.dir/QPCoincidenceConstr.cpp.o] Error 1
gmake[1]: *** [CMakeFiles/Makefile2:1688: src/CMakeFiles/Tasks.dir/all] Error 2
gmake[1]: Leaving directory '/home/celian/workspace/build/Tasks/Tasks'
gmake: *** [Makefile:149: all] Error 2
