[01m[K/home/celian/workspace/src/Tasks/src/QPCoincidenceConstr.cpp:[m[K In member function â€˜[01m[Kvirtual std::string tasks::qp::FixedCoincidenceConstr::descEq(const std::vector<rbd::MultiBody>&, int)[m[Kâ€™:
[01m[K/home/celian/workspace/src/Tasks/src/QPCoincidenceConstr.cpp:72:80:[m[K [01;35m[Kwarning: [m[Kunused parameter â€˜[01m[Kmbs[m[Kâ€™ [[01;35m[K]8;;https://gcc.gnu.org/onlinedocs/gcc/Warning-Options.html#index-Wunused-parameter-Wunused-parameter]8;;[m[K]
   72 | std::string FixedCoincidenceConstr::descEq([01;35m[Kconst std::vector<rbd::MultiBody> & mbs[m[K, int i)
      |                                            [01;35m[K~~~~~~~~~~~~~~~~~~~~~~~~~~~~~~~~~~~~^~~[m[K
[01m[K/home/celian/workspace/src/Tasks/src/QPCoincidenceConstr.cpp:72:89:[m[K [01;35m[Kwarning: [m[Kunused parameter â€˜[01m[Ki[m[Kâ€™ [[01;35m[K]8;;https://gcc.gnu.org/onlinedocs/gcc/Warning-Options.html#index-Wunused-parameter-Wunused-parameter]8;;[m[K]
   72 | std::string FixedCoincidenceConstr::descEq(const std::vector<rbd::MultiBody> & mbs, [01;35m[Kint i[m[K)
      |                                                                                     [01;35m[K~~~~^[m[K
[01m[K/home/celian/workspace/src/Tasks/src/QPCoincidenceConstr.cpp:[m[K In member function â€˜[01m[Kvirtual std::string tasks::qp::RotationalCoincidenceConstr::descEq(const std::vector<rbd::MultiBody>&, int)[m[Kâ€™:
[01m[K/home/celian/workspace/src/Tasks/src/QPCoincidenceConstr.cpp:149:85:[m[K [01;35m[Kwarning: [m[Kunused parameter â€˜[01m[Kmbs[m[Kâ€™ [[01;35m[K]8;;https://gcc.gnu.org/onlinedocs/gcc/Warning-Options.html#index-Wunused-parameter-Wunused-parameter]8;;[m[K]
  149 | std::string RotationalCoincidenceConstr::descEq([01;35m[Kconst std::vector<rbd::MultiBody> & mbs[m[K, int i)
      |                                                 [01;35m[K~~~~~~~~~~~~~~~~~~~~~~~~~~~~~~~~~~~~^~~[m[K
[01m[K/home/celian/workspace/src/Tasks/src/QPCoincidenceConstr.cpp:149:94:[m[K [01;35m[Kwarning: [m[Kunused parameter â€˜[01m[Ki[m[Kâ€™ [[01;35m[K]8;;https://gcc.gnu.org/onlinedocs/gcc/Warning-Options.html#index-Wunused-parameter-Wunused-parameter]8;;[m[K]
  149 | std::string RotationalCoincidenceConstr::descEq(const std::vector<rbd::MultiBody> & mbs, [01;35m[Kint i[m[K)
      |                                                                                          [01;35m[K~~~~^[m[K
[01m[K/home/celian/workspace/src/Tasks/src/QPCoincidenceConstr.cpp:[m[K In member function â€˜[01m[Kvirtual void tasks::qp::RotationalCoincidenceConstr::update(const std::vector<rbd::MultiBody>&, const std::vector<rbd::MultiBodyConfig>&, const tasks::qp::SolverData&)[m[Kâ€™:
[01m[K/home/celian/workspace/src/Tasks/src/QPCoincidenceConstr.cpp:210:20:[m[K [01;35m[Kwarning: [m[Kcomparison of integer expressions of different signedness: â€˜[01m[Kint[m[Kâ€™ and â€˜[01m[Kstd::vector<std::vector<double> >::size_type[m[Kâ€™ {aka â€˜[01m[Klong unsigned int[m[Kâ€™} [[01;35m[K]8;;https://gcc.gnu.org/onlinedocs/gcc/Warning-Options.html#index-Wsign-compare-Wsign-compare]8;;[m[K]
  210 |   for (int i =0 ; [01;35m[Ki<std::size(mbc.alphaD)[m[K; i++){
      |                   [01;35m[K~^~~~~~~~~~~~~~~~~~~~~~[m[K
/usr/bin/ld: ../src/libTasks.so.1.8.1: undefined reference to `fmt::v8::detail::error_handler::on_error(char const*)'
/usr/bin/ld: ../src/libTasks.so.1.8.1: undefined reference to `int fmt::v8::detail::snprintf_float<double>(double, int, fmt::v8::detail::float_specs, fmt::v8::detail::buffer<char>&)'
/usr/bin/ld: ../src/libTasks.so.1.8.1: undefined reference to `fmt::v8::detail::thousands_sep_result<char> fmt::v8::detail::thousands_sep_impl<char>(fmt::v8::detail::locale_ref)'
/usr/bin/ld: ../src/libTasks.so.1.8.1: undefined reference to `char fmt::v8::detail::decimal_point_impl<char>(fmt::v8::detail::locale_ref)'
/usr/bin/ld: ../src/libTasks.so.1.8.1: undefined reference to `fmt::v8::detail::dragonbox::decimal_fp<float> fmt::v8::detail::dragonbox::to_decimal<float>(float)'
/usr/bin/ld: ../src/libTasks.so.1.8.1: undefined reference to `int fmt::v8::detail::snprintf_float<long double>(long double, int, fmt::v8::detail::float_specs, fmt::v8::detail::buffer<char>&)'
/usr/bin/ld: ../src/libTasks.so.1.8.1: undefined reference to `fmt::v8::detail::assert_fail(char const*, int, char const*)'
/usr/bin/ld: ../src/libTasks.so.1.8.1: undefined reference to `fmt::v8::detail::dragonbox::decimal_fp<double> fmt::v8::detail::dragonbox::to_decimal<double>(double)'
/usr/bin/ld: ../src/libTasks.so.1.8.1: undefined reference to `fmt::v8::detail::throw_format_error(char const*)'
/usr/bin/ld: ../src/libTasks.so.1.8.1: undefined reference to `int fmt::v8::detail::format_float<double>(double, int, fmt::v8::detail::float_specs, fmt::v8::detail::buffer<char>&)'
/usr/bin/ld: ../src/libTasks.so.1.8.1: undefined reference to `int fmt::v8::detail::format_float<long double>(long double, int, fmt::v8::detail::float_specs, fmt::v8::detail::buffer<char>&)'
collect2: error: ld returned 1 exit status
gmake[2]: *** [tests/CMakeFiles/AllocationTest.dir/build.make:111: tests/AllocationTest] Error 1
gmake[1]: *** [CMakeFiles/Makefile2:1816: tests/CMakeFiles/AllocationTest.dir/all] Error 2
gmake[1]: *** Waiting for unfinished jobs....
/usr/bin/ld: ../src/libTasks.so.1.8.1: undefined reference to `fmt::v8::detail::error_handler::on_error(char const*)'
/usr/bin/ld: ../src/libTasks.so.1.8.1: undefined reference to `int fmt::v8::detail::snprintf_float<double>(double, int, fmt::v8::detail::float_specs, fmt::v8::detail::buffer<char>&)'
/usr/bin/ld: ../src/libTasks.so.1.8.1: undefined reference to `fmt::v8::detail::thousands_sep_result<char> fmt::v8::detail::thousands_sep_impl<char>(fmt::v8::detail::locale_ref)'
/usr/bin/ld: ../src/libTasks.so.1.8.1: undefined reference to `char fmt::v8::detail::decimal_point_impl<char>(fmt::v8::detail::locale_ref)'
/usr/bin/ld: ../src/libTasks.so.1.8.1: undefined reference to `fmt::v8::detail::dragonbox::decimal_fp<float> fmt::v8::detail::dragonbox::to_decimal<float>(float)'
/usr/bin/ld: ../src/libTasks.so.1.8.1: undefined reference to `int fmt::v8::detail::snprintf_float<long double>(long double, int, fmt::v8::detail::float_specs, fmt::v8::detail::buffer<char>&)'
/usr/bin/ld: ../src/libTasks.so.1.8.1: undefined reference to `fmt::v8::detail::assert_fail(char const*, int, char const*)'
/usr/bin/ld: ../src/libTasks.so.1.8.1: undefined reference to `fmt::v8::detail::dragonbox::decimal_fp<double> fmt::v8::detail::dragonbox::to_decimal<double>(double)'
/usr/bin/ld: ../src/libTasks.so.1.8.1: undefined reference to `fmt::v8::detail::throw_format_error(char const*)'
/usr/bin/ld: ../src/libTasks.so.1.8.1: undefined reference to `int fmt::v8::detail::format_float<double>(double, int, fmt::v8::detail::float_specs, fmt::v8::detail::buffer<char>&)'
/usr/bin/ld: ../src/libTasks.so.1.8.1: undefined reference to `int fmt::v8::detail::format_float<long double>(long double, int, fmt::v8::detail::float_specs, fmt::v8::detail::buffer<char>&)'
collect2: error: ld returned 1 exit status
gmake[2]: *** [tests/CMakeFiles/QPMultiRobotTest.dir/build.make:111: tests/QPMultiRobotTest] Error 1
gmake[1]: *** [CMakeFiles/Makefile2:1752: tests/CMakeFiles/QPMultiRobotTest.dir/all] Error 2
/usr/bin/ld: ../src/libTasks.so.1.8.1: undefined reference to `fmt::v8::detail::error_handler::on_error(char const*)'
/usr/bin/ld: ../src/libTasks.so.1.8.1: undefined reference to `int fmt::v8::detail::snprintf_float<double>(double, int, fmt::v8::detail::float_specs, fmt::v8::detail::buffer<char>&)'
/usr/bin/ld: ../src/libTasks.so.1.8.1: undefined reference to `fmt::v8::detail::thousands_sep_result<char> fmt::v8::detail::thousands_sep_impl<char>(fmt::v8::detail::locale_ref)'
/usr/bin/ld: ../src/libTasks.so.1.8.1: undefined reference to `char fmt::v8::detail::decimal_point_impl<char>(fmt::v8::detail::locale_ref)'
/usr/bin/ld: ../src/libTasks.so.1.8.1: undefined reference to `fmt::v8::detail::dragonbox::decimal_fp<float> fmt::v8::detail::dragonbox::to_decimal<float>(float)'
/usr/bin/ld: ../src/libTasks.so.1.8.1: undefined reference to `int fmt::v8::detail::snprintf_float<long double>(long double, int, fmt::v8::detail::float_specs, fmt::v8::detail::buffer<char>&)'
/usr/bin/ld: ../src/libTasks.so.1.8.1: undefined reference to `fmt::v8::detail::assert_fail(char const*, int, char const*)'
/usr/bin/ld: ../src/libTasks.so.1.8.1: undefined reference to `fmt::v8::detail::dragonbox::decimal_fp<double> fmt::v8::detail::dragonbox::to_decimal<double>(double)'
/usr/bin/ld: ../src/libTasks.so.1.8.1: undefined reference to `fmt::v8::detail::throw_format_error(char const*)'
/usr/bin/ld: ../src/libTasks.so.1.8.1: undefined reference to `int fmt::v8::detail::format_float<double>(double, int, fmt::v8::detail::float_specs, fmt::v8::detail::buffer<char>&)'
/usr/bin/ld: ../src/libTasks.so.1.8.1: undefined reference to `int fmt::v8::detail::format_float<long double>(long double, int, fmt::v8::detail::float_specs, fmt::v8::detail::buffer<char>&)'
/usr/bin/ld: ../src/libTasks.so.1.8.1: undefined reference to `fmt::v8::detail::error_handler::on_error(char const*)'
/usr/bin/ld: ../src/libTasks.so.1.8.1: undefined reference to `int fmt::v8::detail::snprintf_float<double>(double, int, fmt::v8::detail::float_specs, fmt::v8::detail::buffer<char>&)'
/usr/bin/ld: ../src/libTasks.so.1.8.1: undefined reference to `fmt::v8::detail::thousands_sep_result<char> fmt::v8::detail::thousands_sep_impl<char>(fmt::v8::detail::locale_ref)'
/usr/bin/ld: ../src/libTasks.so.1.8.1: undefined reference to `char fmt::v8::detail::decimal_point_impl<char>(fmt::v8::detail::locale_ref)'
/usr/bin/ld: ../src/libTasks.so.1.8.1: undefined reference to `fmt::v8::detail::dragonbox::decimal_fp<float> fmt::v8::detail::dragonbox::to_decimal<float>(float)'
/usr/bin/ld: ../src/libTasks.so.1.8.1: undefined reference to `int fmt::v8::detail::snprintf_float<long double>(long double, int, fmt::v8::detail::float_specs, fmt::v8::detail::buffer<char>&)'
/usr/bin/ld: ../src/libTasks.so.1.8.1: undefined reference to `fmt::v8::detail::assert_fail(char const*, int, char const*)'
/usr/bin/ld: ../src/libTasks.so.1.8.1: undefined reference to `fmt::v8::detail::dragonbox::decimal_fp<double> fmt::v8::detail::dragonbox::to_decimal<double>(double)'
/usr/bin/ld: ../src/libTasks.so.1.8.1: undefined reference to `fmt::v8::detail::throw_format_error(char const*)'
collect2: error: ld returned 1 exit status
/usr/bin/ld: ../src/libTasks.so.1.8.1: undefined reference to `int fmt::v8::detail::format_float<double>(double, int, fmt::v8::detail::float_specs, fmt::v8::detail::buffer<char>&)'
/usr/bin/ld: ../src/libTasks.so.1.8.1: undefined reference to `int fmt::v8::detail::format_float<long double>(long double, int, fmt::v8::detail::float_specs, fmt::v8::detail::buffer<char>&)'
gmake[2]: *** [tests/CMakeFiles/TasksTest.dir/build.make:111: tests/TasksTest] Error 1
gmake[1]: *** [CMakeFiles/Makefile2:1784: tests/CMakeFiles/TasksTest.dir/all] Error 2
collect2: error: ld returned 1 exit status
gmake[2]: *** [tests/CMakeFiles/QPSolverTest.dir/build.make:111: tests/QPSolverTest] Error 1
gmake[1]: *** [CMakeFiles/Makefile2:1720: tests/CMakeFiles/QPSolverTest.dir/all] Error 2
/usr/lib/python3/dist-packages/Cython/Compiler/Main.py:369: FutureWarning: Cython directive 'language_level' not set, using 2 for now (Py2). This will change in a later release! File: /home/celian/workspace/src/Tasks/binding/python/tasks/qp/qp.pxd
  tree = Parsing.p_module(s, pxd, full_module_name)
/usr/lib/python3/dist-packages/Cython/Compiler/Main.py:369: FutureWarning: Cython directive 'language_level' not set, using 2 for now (Py2). This will change in a later release! File: /home/celian/workspace/src/Tasks/binding/python/tasks/tasks.pxd
  tree = Parsing.p_module(s, pxd, full_module_name)
Traceback (most recent call last):
  File "/usr/lib/python3.10/runpy.py", line 196, in _run_module_as_main
gmake[2]: *** Deleting file 'binding/python/Python/tasks/tasks.cpp'
    return _run_code(code, main_globals, None,
  File "/usr/lib/python3.10/runpy.py", line 86, in _run_code
    exec(code, run_globals)
  File "/usr/lib/python3/dist-packages/cython.py", line 17, in <module>
    main(command_line = 1)
  File "/usr/lib/python3/dist-packages/Cython/Compiler/Main.py", line 858, in main
    result = compile(sources, options)
  File "/usr/lib/python3/dist-packages/Cython/Compiler/Main.py", line 780, in compile
    return compile_multiple(source, options)
  File "/usr/lib/python3/dist-packages/Cython/Compiler/Main.py", line 757, in compile_multiple
    result = run_pipeline(source, options, context=context)
  File "/usr/lib/python3/dist-packages/Cython/Compiler/Main.py", line 515, in run_pipeline
    err, enddata = Pipeline.run_pipeline(pipeline, source)
  File "/usr/lib/python3/dist-packages/Cython/Compiler/Pipeline.py", line 355, in run_pipeline
    data = run(phase, data)
  File "/usr/lib/python3/dist-packages/Cython/Compiler/Pipeline.py", line 335, in run
    return phase(data)
  File "Cython/Compiler/Visitor.py", line 302, in Cython.Compiler.Visitor.CythonTransform.__call__
gmake[2]: *** [binding/python/CMakeFiles/tasks_Python.dir/build.make:90: binding/python/Python/tasks/tasks.cpp] Interrupt
  File "Cython/Compiler/Visitor.py", line 284, in Cython.Compiler.Visitor.VisitorTransform.__call__
  File "Cython/Compiler/Visitor.py", line 180, in Cython.Compiler.Visitor.TreeVisitor._visit
  File "/usr/lib/python3/dist-packages/Cython/Compiler/ParseTreeTransforms.py", line 2213, in visit_ModuleNode
gmake[1]: *** [CMakeFiles/Makefile2:1911: binding/python/CMakeFiles/tasks_Python.dir/all] Interrupt
    self.visitchildren(node)
  File "Cython/Compiler/Visitor.py", line 247, in Cython.Compiler.Visitor.VisitorTransform.visitchildren
  File "Cython/Compiler/Visitor.py", line 251, in Cython.Compiler.Visitor.VisitorTransform.visitchildren
  File "Cython/Compiler/Visitor.py", line 260, in Cython.Compiler.Visitor.VisitorTransform._process_children
  File "Cython/Compiler/Visitor.py", line 221, in Cython.Compiler.Visitor.TreeVisitor._visitchildren
  File "Cython/Compiler/Visitor.py", line 193, in Cython.Compiler.Visitor.TreeVisitor._visitchild
  File "Cython/Compiler/Visitor.py", line 180, in Cython.Compiler.Visitor.TreeVisitor._visit
  File "Cython/Compiler/Visitor.py", line 312, in Cython.Compiler.Visitor.CythonTransform.visit_Node
  File "Cython/Compiler/Visitor.py", line 260, in Cython.Compiler.Visitor.VisitorTransform._process_children
  File "Cython/Compiler/Visitor.py", line 219, in Cython.Compiler.Visitor.TreeVisitor._visitchildren
  File "Cython/Compiler/Visitor.py", line 193, in Cython.Compiler.Visitor.TreeVisitor._visitchild
  File "Cython/Compiler/Visitor.py", line 180, in Cython.Compiler.Visitor.TreeVisitor._visit
  File "Cython/Compiler/Visitor.py", line 312, in Cython.Compiler.Visitor.CythonTransform.visit_Node
  File "Cython/Compiler/Visitor.py", line 260, in Cython.Compiler.Visitor.VisitorTransform._process_children
  File "Cython/Compiler/Visitor.py", line 219, in Cython.Compiler.Visitor.TreeVisitor._visitchildren
  File "Cython/Compiler/Visitor.py", line 193, in Cython.Compiler.Visitor.TreeVisitor._visitchild
  File "Cython/Compiler/Visitor.py", line 180, in Cython.Compiler.Visitor.TreeVisitor._visit
  File "Cython/Compiler/Visitor.py", line 312, in Cython.Compiler.Visitor.CythonTransform.visit_Node
  File "Cython/Compiler/Visitor.py", line 260, in Cython.Compiler.Visitor.VisitorTransform._process_children
  File "Cython/Compiler/Visitor.py", line 221, in Cython.Compiler.Visitor.TreeVisitor._visitchildren
  File "Cython/Compiler/Visitor.py", line 193, in Cython.Compiler.Visitor.TreeVisitor._visitchild
  File "Cython/Compiler/Visitor.py", line 180, in Cython.Compiler.Visitor.TreeVisitor._visit
  File "Cython/Compiler/Visitor.py", line 312, in Cython.Compiler.Visitor.CythonTransform.visit_Node
  File "Cython/Compiler/Visitor.py", line 260, in Cython.Compiler.Visitor.VisitorTransform._process_children
  File "Cython/Compiler/Visitor.py", line 219, in Cython.Compiler.Visitor.TreeVisitor._visitchildren
  File "Cython/Compiler/Visitor.py", line 193, in Cython.Compiler.Visitor.TreeVisitor._visitchild
  File "Cython/Compiler/Visitor.py", line 180, in Cython.Compiler.Visitor.TreeVisitor._visit
  File "Cython/Compiler/Visitor.py", line 312, in Cython.Compiler.Visitor.CythonTransform.visit_Node
  File "Cython/Compiler/Visitor.py", line 260, in Cython.Compiler.Visitor.VisitorTransform._process_children
  File "Cython/Compiler/Visitor.py", line 221, in Cython.Compiler.Visitor.TreeVisitor._visitchildren
  File "Cython/Compiler/Visitor.py", line 193, in Cython.Compiler.Visitor.TreeVisitor._visitchild
  File "Cython/Compiler/Visitor.py", line 180, in Cython.Compiler.Visitor.TreeVisitor._visit
  File "Cython/Compiler/Visitor.py", line 312, in Cython.Compiler.Visitor.CythonTransform.visit_Node
  File "Cython/Compiler/Visitor.py", line 260, in Cython.Compiler.Visitor.VisitorTransform._process_children
  File "Cython/Compiler/Visitor.py", line 219, in Cython.Compiler.Visitor.TreeVisitor._visitchildren
  File "Cython/Compiler/Visitor.py", line 193, in Cython.Compiler.Visitor.TreeVisitor._visitchild
  File "Cython/Compiler/Visitor.py", line 180, in Cython.Compiler.Visitor.TreeVisitor._visit
  File "/usr/lib/python3/dist-packages/Cython/Compiler/ParseTreeTransforms.py", line 2219, in visit_FuncDefNode
    self.visitchildren(node)
KeyboardInterrupt
gmake[2]: *** [binding/python/CMakeFiles/tasks_qp_Python.dir/build.make:90: binding/python/Python/tasks/qp/qp.cpp] Interrupt
gmake[1]: *** [CMakeFiles/Makefile2:1975: binding/python/CMakeFiles/tasks_qp_Python.dir/all] Interrupt
gmake: *** [Makefile:149: all] Interrupt
