[0.010s] Invoking command in '/home/celian/workspace/src/Tasks/build/Tasks': /usr/bin/cmake --build /home/celian/workspace/src/Tasks/build/Tasks -- -j22 -l22
[0.017s] /usr/bin/cmake -S/home/celian/workspace/src/Tasks -B/home/celian/workspace/build/Tasks/Tasks --check-build-system CMakeFiles/Makefile.cmake 0
[0.021s] /usr/bin/cmake -E cmake_progress_start /home/celian/workspace/build/Tasks/Tasks/CMakeFiles /home/celian/workspace/build/Tasks/Tasks//CMakeFiles/progress.marks
[0.025s] /usr/bin/gmake  -f CMakeFiles/Makefile2 all
[0.027s] gmake[1]: Entering directory '/home/celian/workspace/build/Tasks/Tasks'
[0.027s] /usr/bin/gmake  -f src/CMakeFiles/Tasks.dir/build.make src/CMakeFiles/Tasks.dir/depend
[0.034s] gmake[2]: Entering directory '/home/celian/workspace/build/Tasks/Tasks'
[0.034s] cd /home/celian/workspace/build/Tasks/Tasks && /usr/bin/cmake -E cmake_depends "Unix Makefiles" /home/celian/workspace/src/Tasks /home/celian/workspace/src/Tasks/src /home/celian/workspace/build/Tasks/Tasks /home/celian/workspace/build/Tasks/Tasks/src /home/celian/workspace/build/Tasks/Tasks/src/CMakeFiles/Tasks.dir/DependInfo.cmake "--color="
[0.039s] gmake[2]: Leaving directory '/home/celian/workspace/build/Tasks/Tasks'
[0.039s] /usr/bin/gmake  -f src/CMakeFiles/Tasks.dir/build.make src/CMakeFiles/Tasks.dir/build
[0.048s] gmake[2]: Entering directory '/home/celian/workspace/build/Tasks/Tasks'
[0.051s] [  3%] [32mBuilding CXX object src/CMakeFiles/Tasks.dir/QPCoincidenceConstr.cpp.o[0m
[0.051s] cd /home/celian/workspace/build/Tasks/Tasks/src && /usr/bin/c++ -DBOOST_ALL_NO_LIB -DBOOST_CHRONO_DYN_LINK -DBOOST_SERIALIZATION_DYN_LINK -DBOOST_TIMER_DYN_LINK -DTasks_EXPORTS -I/home/celian/workspace/build/Tasks/Tasks -I/home/celian/workspace/build/Tasks/Tasks/include -I/home/celian/workspace/src/Tasks/include -I/home/celian/workspace/src/Tasks/src -I/home/celian/workspace/build/Tasks/Tasks/src/../include -isystem /home/celian/workspace/install/include -isystem /usr/include/eigen3 -pedantic -Wno-long-long -Wall -Wextra -Wcast-align -Wcast-qual -Wformat -Wwrite-strings -Wconversion  -Wall -Wextra -pedantic -std=gnu++17 -fPIC   -mfpmath=sse -msse2 -Dtasks_EXPORTS -MD -MT src/CMakeFiles/Tasks.dir/QPCoincidenceConstr.cpp.o -MF CMakeFiles/Tasks.dir/QPCoincidenceConstr.cpp.o.d -o CMakeFiles/Tasks.dir/QPCoincidenceConstr.cpp.o -c /home/celian/workspace/src/Tasks/src/QPCoincidenceConstr.cpp
[1.005s] [01m[K/home/celian/workspace/src/Tasks/src/QPCoincidenceConstr.cpp:[m[K In member function â€˜[01m[Kvirtual std::string tasks::qp::FixedCoincidenceConstr::descEq(const std::vector<rbd::MultiBody>&, int)[m[Kâ€™:
[1.005s] [01m[K/home/celian/workspace/src/Tasks/src/QPCoincidenceConstr.cpp:72:80:[m[K [01;35m[Kwarning: [m[Kunused parameter â€˜[01m[Kmbs[m[Kâ€™ [[01;35m[K]8;;https://gcc.gnu.org/onlinedocs/gcc/Warning-Options.html#index-Wunused-parameter-Wunused-parameter]8;;[m[K]
[1.005s]    72 | std::string FixedCoincidenceConstr::descEq([01;35m[Kconst std::vector<rbd::MultiBody> & mbs[m[K, int i)
[1.006s]       |                                            [01;35m[K~~~~~~~~~~~~~~~~~~~~~~~~~~~~~~~~~~~~^~~[m[K
[1.006s] [01m[K/home/celian/workspace/src/Tasks/src/QPCoincidenceConstr.cpp:72:89:[m[K [01;35m[Kwarning: [m[Kunused parameter â€˜[01m[Ki[m[Kâ€™ [[01;35m[K]8;;https://gcc.gnu.org/onlinedocs/gcc/Warning-Options.html#index-Wunused-parameter-Wunused-parameter]8;;[m[K]
[1.006s]    72 | std::string FixedCoincidenceConstr::descEq(const std::vector<rbd::MultiBody> & mbs, [01;35m[Kint i[m[K)
[1.006s]       |                                                                                     [01;35m[K~~~~^[m[K
[1.063s] [01m[K/home/celian/workspace/src/Tasks/src/QPCoincidenceConstr.cpp:[m[K In member function â€˜[01m[Kvirtual std::string tasks::qp::RotationalCoincidenceConstr::descEq(const std::vector<rbd::MultiBody>&, int)[m[Kâ€™:
[1.063s] [01m[K/home/celian/workspace/src/Tasks/src/QPCoincidenceConstr.cpp:149:85:[m[K [01;35m[Kwarning: [m[Kunused parameter â€˜[01m[Kmbs[m[Kâ€™ [[01;35m[K]8;;https://gcc.gnu.org/onlinedocs/gcc/Warning-Options.html#index-Wunused-parameter-Wunused-parameter]8;;[m[K]
[1.064s]   149 | std::string RotationalCoincidenceConstr::descEq([01;35m[Kconst std::vector<rbd::MultiBody> & mbs[m[K, int i)
[1.064s]       |                                                 [01;35m[K~~~~~~~~~~~~~~~~~~~~~~~~~~~~~~~~~~~~^~~[m[K
[1.064s] [01m[K/home/celian/workspace/src/Tasks/src/QPCoincidenceConstr.cpp:149:94:[m[K [01;35m[Kwarning: [m[Kunused parameter â€˜[01m[Ki[m[Kâ€™ [[01;35m[K]8;;https://gcc.gnu.org/onlinedocs/gcc/Warning-Options.html#index-Wunused-parameter-Wunused-parameter]8;;[m[K]
[1.064s]   149 | std::string RotationalCoincidenceConstr::descEq(const std::vector<rbd::MultiBody> & mbs, [01;35m[Kint i[m[K)
[1.064s]       |                                                                                          [01;35m[K~~~~^[m[K
[1.089s] [01m[K/home/celian/workspace/src/Tasks/src/QPCoincidenceConstr.cpp:[m[K In member function â€˜[01m[Kvirtual void tasks::qp::RotationalCoincidenceConstr::update(const std::vector<rbd::MultiBody>&, const std::vector<rbd::MultiBodyConfig>&, const tasks::qp::SolverData&)[m[Kâ€™:
[1.089s] [01m[K/home/celian/workspace/src/Tasks/src/QPCoincidenceConstr.cpp:210:20:[m[K [01;35m[Kwarning: [m[Kcomparison of integer expressions of different signedness: â€˜[01m[Kint[m[Kâ€™ and â€˜[01m[Kstd::vector<std::vector<double> >::size_type[m[Kâ€™ {aka â€˜[01m[Klong unsigned int[m[Kâ€™} [[01;35m[K]8;;https://gcc.gnu.org/onlinedocs/gcc/Warning-Options.html#index-Wsign-compare-Wsign-compare]8;;[m[K]
[1.090s]   210 |   for (int i =0 ; [01;35m[Ki<std::size(mbc.alphaD)[m[K; i++){
[1.090s]       |                   [01;35m[K~^~~~~~~~~~~~~~~~~~~~~~[m[K
[4.586s] [  7%] [32m[1mLinking CXX shared library libTasks.so[0m
[4.586s] cd /home/celian/workspace/build/Tasks/Tasks/src && /usr/bin/cmake -E cmake_link_script CMakeFiles/Tasks.dir/link.txt --verbose=1
[4.591s] /usr/bin/c++ -fPIC  -pedantic -Wno-long-long -Wall -Wextra -Wcast-align -Wcast-qual -Wformat -Wwrite-strings -Wconversion  -Wall -Wextra -pedantic -shared -Wl,-soname,libTasks.so.1 -o libTasks.so.1.8.1 CMakeFiles/Tasks.dir/Tasks.cpp.o CMakeFiles/Tasks.dir/QPSolver.cpp.o CMakeFiles/Tasks.dir/QPTasks.cpp.o CMakeFiles/Tasks.dir/QPConstr.cpp.o CMakeFiles/Tasks.dir/QPContacts.cpp.o CMakeFiles/Tasks.dir/QPSolverData.cpp.o CMakeFiles/Tasks.dir/QPMotionConstr.cpp.o CMakeFiles/Tasks.dir/GenQPSolver.cpp.o CMakeFiles/Tasks.dir/QPContactConstr.cpp.o CMakeFiles/Tasks.dir/QLDQPSolver.cpp.o CMakeFiles/Tasks.dir/QPCoincidenceConstr.cpp.o  -Wl,-rpath,/home/celian/workspace/install/lib: /home/celian/workspace/install/lib/libRBDyn.so.1.9.1 /home/celian/workspace/install/lib/libsch-core.so.1.4.2 /home/celian/workspace/install/lib/libeigen-qld.so.1.2.5 /usr/lib/x86_64-linux-gnu/libboost_timer.so.1.74.0 /usr/lib/x86_64-linux-gnu/libboost_serialization.so.1.74.0 /usr/lib/x86_64-linux-gnu/libboost_chrono.so.1.74.0
[5.452s] cd /home/celian/workspace/build/Tasks/Tasks/src && /usr/bin/cmake -E cmake_symlink_library libTasks.so.1.8.1 libTasks.so.1 libTasks.so
[5.459s] gmake[2]: Leaving directory '/home/celian/workspace/build/Tasks/Tasks'
[5.464s] [ 46%] Built target Tasks
[5.464s] /usr/bin/gmake  -f tests/CMakeFiles/QPSolverTest.dir/build.make tests/CMakeFiles/QPSolverTest.dir/depend
[5.464s] /usr/bin/gmake  -f tests/CMakeFiles/QPMultiRobotTest.dir/build.make tests/CMakeFiles/QPMultiRobotTest.dir/depend
[5.465s] /usr/bin/gmake  -f tests/CMakeFiles/TasksTest.dir/build.make tests/CMakeFiles/TasksTest.dir/depend
[5.465s] /usr/bin/gmake  -f tests/CMakeFiles/AllocationTest.dir/build.make tests/CMakeFiles/AllocationTest.dir/depend
[5.465s] /usr/bin/gmake  -f binding/python/CMakeFiles/tasks_Python.dir/build.make binding/python/CMakeFiles/tasks_Python.dir/depend
[5.465s] /usr/bin/gmake  -f binding/python/CMakeFiles/tasks_qp_Python.dir/build.make binding/python/CMakeFiles/tasks_qp_Python.dir/depend
[5.467s] gmake[2]: Entering directory '/home/celian/workspace/build/Tasks/Tasks'
[5.468s] gmake[2]: Entering directory '/home/celian/workspace/build/Tasks/Tasks'
[5.468s] cd /home/celian/workspace/build/Tasks/Tasks && /usr/bin/cmake -E cmake_depends "Unix Makefiles" /home/celian/workspace/src/Tasks /home/celian/workspace/src/Tasks/tests /home/celian/workspace/build/Tasks/Tasks /home/celian/workspace/build/Tasks/Tasks/tests /home/celian/workspace/build/Tasks/Tasks/tests/CMakeFiles/QPSolverTest.dir/DependInfo.cmake "--color="
[5.468s] gmake[2]: Entering directory '/home/celian/workspace/build/Tasks/Tasks'
[5.468s] cd /home/celian/workspace/build/Tasks/Tasks && /usr/bin/cmake -E cmake_depends "Unix Makefiles" /home/celian/workspace/src/Tasks /home/celian/workspace/src/Tasks/tests /home/celian/workspace/build/Tasks/Tasks /home/celian/workspace/build/Tasks/Tasks/tests /home/celian/workspace/build/Tasks/Tasks/tests/CMakeFiles/QPMultiRobotTest.dir/DependInfo.cmake "--color="
[5.468s] gmake[2]: Entering directory '/home/celian/workspace/build/Tasks/Tasks'
[5.468s] cd /home/celian/workspace/build/Tasks/Tasks && /usr/bin/cmake -E cmake_depends "Unix Makefiles" /home/celian/workspace/src/Tasks /home/celian/workspace/src/Tasks/tests /home/celian/workspace/build/Tasks/Tasks /home/celian/workspace/build/Tasks/Tasks/tests /home/celian/workspace/build/Tasks/Tasks/tests/CMakeFiles/TasksTest.dir/DependInfo.cmake "--color="
[5.469s] gmake[2]: Entering directory '/home/celian/workspace/build/Tasks/Tasks'
[5.469s] cd /home/celian/workspace/build/Tasks/Tasks && /usr/bin/cmake -E cmake_depends "Unix Makefiles" /home/celian/workspace/src/Tasks /home/celian/workspace/src/Tasks/tests /home/celian/workspace/build/Tasks/Tasks /home/celian/workspace/build/Tasks/Tasks/tests /home/celian/workspace/build/Tasks/Tasks/tests/CMakeFiles/AllocationTest.dir/DependInfo.cmake "--color="
[5.469s] gmake[2]: Entering directory '/home/celian/workspace/build/Tasks/Tasks'
[5.470s] [ 50%] [34m[1mGenerating Python/tasks/tasks.cpp[0m
[5.471s] cd /home/celian/workspace/build/Tasks/Tasks/binding/python && /usr/bin/python -m cython --cplus -o /home/celian/workspace/build/Tasks/Tasks/binding/python/Python/tasks/tasks.cpp -I/home/celian/workspace/build/Tasks/Tasks -I/home/celian/workspace/build/Tasks/Tasks/include -I/home/celian/workspace/src/Tasks/include -I/home/celian/workspace/src/Tasks/binding/python/include /home/celian/workspace/src/Tasks/binding/python/tasks/tasks.pyx
[5.472s] [ 53%] [34m[1mGenerating Python/tasks/qp/qp.cpp[0m
[5.472s] gmake[2]: Leaving directory '/home/celian/workspace/build/Tasks/Tasks'
[5.472s] /usr/bin/gmake  -f tests/CMakeFiles/QPMultiRobotTest.dir/build.make tests/CMakeFiles/QPMultiRobotTest.dir/build
[5.472s] cd /home/celian/workspace/build/Tasks/Tasks/binding/python && /usr/bin/python -m cython --cplus -o /home/celian/workspace/build/Tasks/Tasks/binding/python/Python/tasks/qp/qp.cpp -I/home/celian/workspace/build/Tasks/Tasks -I/home/celian/workspace/build/Tasks/Tasks/include -I/home/celian/workspace/src/Tasks/include -I/home/celian/workspace/src/Tasks/binding/python/include /home/celian/workspace/src/Tasks/binding/python/tasks/qp/qp.pyx
[5.472s] gmake[2]: Leaving directory '/home/celian/workspace/build/Tasks/Tasks'
[5.472s] /usr/bin/gmake  -f tests/CMakeFiles/QPSolverTest.dir/build.make tests/CMakeFiles/QPSolverTest.dir/build
[5.473s] gmake[2]: Leaving directory '/home/celian/workspace/build/Tasks/Tasks'
[5.473s] /usr/bin/gmake  -f tests/CMakeFiles/TasksTest.dir/build.make tests/CMakeFiles/TasksTest.dir/build
[5.473s] gmake[2]: Leaving directory '/home/celian/workspace/build/Tasks/Tasks'
[5.473s] /usr/bin/gmake  -f tests/CMakeFiles/AllocationTest.dir/build.make tests/CMakeFiles/AllocationTest.dir/build
[5.476s] gmake[2]: Entering directory '/home/celian/workspace/build/Tasks/Tasks'
[5.476s] gmake[2]: Entering directory '/home/celian/workspace/build/Tasks/Tasks'
[5.477s] gmake[2]: Entering directory '/home/celian/workspace/build/Tasks/Tasks'
[5.478s] gmake[2]: Entering directory '/home/celian/workspace/build/Tasks/Tasks'
[5.478s] [ 57%] [32m[1mLinking CXX executable TasksTest[0m
[5.478s] cd /home/celian/workspace/build/Tasks/Tasks/tests && /usr/bin/cmake -E cmake_link_script CMakeFiles/TasksTest.dir/link.txt --verbose=1
[5.479s] [ 61%] [32m[1mLinking CXX executable QPMultiRobotTest[0m
[5.480s] cd /home/celian/workspace/build/Tasks/Tasks/tests && /usr/bin/cmake -E cmake_link_script CMakeFiles/QPMultiRobotTest.dir/link.txt --verbose=1
[5.480s] /usr/bin/c++  -pedantic -Wno-long-long -Wall -Wextra -Wcast-align -Wcast-qual -Wformat -Wwrite-strings -Wconversion  -Wall -Wextra -pedantic CMakeFiles/TasksTest.dir/TasksTest.cpp.o -o TasksTest  -Wl,-rpath,/home/celian/workspace/build/Tasks/Tasks/src:/home/celian/workspace/install/lib ../src/libTasks.so.1.8.1 /usr/lib/x86_64-linux-gnu/libboost_unit_test_framework.so.1.74.0 /home/celian/workspace/install/lib/libRBDyn.so.1.9.1 /home/celian/workspace/install/lib/libsch-core.so.1.4.2 /usr/lib/x86_64-linux-gnu/libboost_serialization.so.1.74.0 /home/celian/workspace/install/lib/libeigen-qld.so.1.2.5 /usr/lib/x86_64-linux-gnu/libboost_timer.so.1.74.0 /usr/lib/x86_64-linux-gnu/libboost_chrono.so.1.74.0
[5.480s] [ 65%] [32m[1mLinking CXX executable AllocationTest[0m
[5.481s] cd /home/celian/workspace/build/Tasks/Tasks/tests && /usr/bin/cmake -E cmake_link_script CMakeFiles/AllocationTest.dir/link.txt --verbose=1
[5.481s] [ 69%] [32m[1mLinking CXX executable QPSolverTest[0m
[5.481s] cd /home/celian/workspace/build/Tasks/Tasks/tests && /usr/bin/cmake -E cmake_link_script CMakeFiles/QPSolverTest.dir/link.txt --verbose=1
[5.482s] /usr/bin/c++  -pedantic -Wno-long-long -Wall -Wextra -Wcast-align -Wcast-qual -Wformat -Wwrite-strings -Wconversion  -Wall -Wextra -pedantic CMakeFiles/QPMultiRobotTest.dir/QPMultiRobotTest.cpp.o -o QPMultiRobotTest  -Wl,-rpath,/home/celian/workspace/build/Tasks/Tasks/src:/home/celian/workspace/install/lib ../src/libTasks.so.1.8.1 /usr/lib/x86_64-linux-gnu/libboost_unit_test_framework.so.1.74.0 /home/celian/workspace/install/lib/libRBDyn.so.1.9.1 /home/celian/workspace/install/lib/libsch-core.so.1.4.2 /usr/lib/x86_64-linux-gnu/libboost_serialization.so.1.74.0 /home/celian/workspace/install/lib/libeigen-qld.so.1.2.5 /usr/lib/x86_64-linux-gnu/libboost_timer.so.1.74.0 /usr/lib/x86_64-linux-gnu/libboost_chrono.so.1.74.0
[5.483s] /usr/bin/c++  -pedantic -Wno-long-long -Wall -Wextra -Wcast-align -Wcast-qual -Wformat -Wwrite-strings -Wconversion  -Wall -Wextra -pedantic CMakeFiles/QPSolverTest.dir/QPSolverTest.cpp.o -o QPSolverTest  -Wl,-rpath,/home/celian/workspace/build/Tasks/Tasks/src:/home/celian/workspace/install/lib ../src/libTasks.so.1.8.1 /usr/lib/x86_64-linux-gnu/libboost_unit_test_framework.so.1.74.0 /home/celian/workspace/install/lib/libRBDyn.so.1.9.1 /home/celian/workspace/install/lib/libsch-core.so.1.4.2 /usr/lib/x86_64-linux-gnu/libboost_serialization.so.1.74.0 /home/celian/workspace/install/lib/libeigen-qld.so.1.2.5 /usr/lib/x86_64-linux-gnu/libboost_timer.so.1.74.0 /usr/lib/x86_64-linux-gnu/libboost_chrono.so.1.74.0
[5.484s] /usr/bin/c++  -pedantic -Wno-long-long -Wall -Wextra -Wcast-align -Wcast-qual -Wformat -Wwrite-strings -Wconversion  -Wall -Wextra -pedantic CMakeFiles/AllocationTest.dir/AllocationTest.cpp.o -o AllocationTest  -Wl,-rpath,/home/celian/workspace/build/Tasks/Tasks/src:/home/celian/workspace/install/lib ../src/libTasks.so.1.8.1 /usr/lib/x86_64-linux-gnu/libboost_unit_test_framework.so.1.74.0 /home/celian/workspace/install/lib/libRBDyn.so.1.9.1 /home/celian/workspace/install/lib/libsch-core.so.1.4.2 /usr/lib/x86_64-linux-gnu/libboost_serialization.so.1.74.0 /home/celian/workspace/install/lib/libeigen-qld.so.1.2.5 /usr/lib/x86_64-linux-gnu/libboost_timer.so.1.74.0 /usr/lib/x86_64-linux-gnu/libboost_chrono.so.1.74.0
[5.727s] /usr/bin/ld: ../src/libTasks.so.1.8.1: undefined reference to `fmt::v8::detail::error_handler::on_error(char const*)'
[5.727s] /usr/bin/ld: ../src/libTasks.so.1.8.1: undefined reference to `int fmt::v8::detail::snprintf_float<double>(double, int, fmt::v8::detail::float_specs, fmt::v8::detail::buffer<char>&)'
[5.728s] /usr/bin/ld: ../src/libTasks.so.1.8.1: undefined reference to `fmt::v8::detail::thousands_sep_result<char> fmt::v8::detail::thousands_sep_impl<char>(fmt::v8::detail::locale_ref)'
[5.728s] /usr/bin/ld: ../src/libTasks.so.1.8.1: undefined reference to `char fmt::v8::detail::decimal_point_impl<char>(fmt::v8::detail::locale_ref)'
[5.728s] /usr/bin/ld: ../src/libTasks.so.1.8.1: undefined reference to `fmt::v8::detail::dragonbox::decimal_fp<float> fmt::v8::detail::dragonbox::to_decimal<float>(float)'
[5.728s] /usr/bin/ld: ../src/libTasks.so.1.8.1: undefined reference to `int fmt::v8::detail::snprintf_float<long double>(long double, int, fmt::v8::detail::float_specs, fmt::v8::detail::buffer<char>&)'
[5.729s] /usr/bin/ld: ../src/libTasks.so.1.8.1: undefined reference to `fmt::v8::detail::assert_fail(char const*, int, char const*)'
[5.730s] /usr/bin/ld: ../src/libTasks.so.1.8.1: undefined reference to `fmt::v8::detail::dragonbox::decimal_fp<double> fmt::v8::detail::dragonbox::to_decimal<double>(double)'
[5.731s] /usr/bin/ld: ../src/libTasks.so.1.8.1: undefined reference to `fmt::v8::detail::throw_format_error(char const*)'
[5.731s] /usr/bin/ld: ../src/libTasks.so.1.8.1: undefined reference to `int fmt::v8::detail::format_float<double>(double, int, fmt::v8::detail::float_specs, fmt::v8::detail::buffer<char>&)'
[5.731s] /usr/bin/ld: ../src/libTasks.so.1.8.1: undefined reference to `int fmt::v8::detail::format_float<long double>(long double, int, fmt::v8::detail::float_specs, fmt::v8::detail::buffer<char>&)'
[5.737s] collect2: error: ld returned 1 exit status
[5.739s] gmake[2]: *** [tests/CMakeFiles/AllocationTest.dir/build.make:111: tests/AllocationTest] Error 1
[5.739s] gmake[2]: Leaving directory '/home/celian/workspace/build/Tasks/Tasks'
[5.739s] gmake[1]: *** [CMakeFiles/Makefile2:1816: tests/CMakeFiles/AllocationTest.dir/all] Error 2
[5.739s] gmake[1]: *** Waiting for unfinished jobs....
[5.775s] /usr/bin/ld: ../src/libTasks.so.1.8.1: undefined reference to `fmt::v8::detail::error_handler::on_error(char const*)'
[5.775s] /usr/bin/ld: ../src/libTasks.so.1.8.1: undefined reference to `int fmt::v8::detail::snprintf_float<double>(double, int, fmt::v8::detail::float_specs, fmt::v8::detail::buffer<char>&)'
[5.776s] /usr/bin/ld: ../src/libTasks.so.1.8.1: undefined reference to `fmt::v8::detail::thousands_sep_result<char> fmt::v8::detail::thousands_sep_impl<char>(fmt::v8::detail::locale_ref)'
[5.776s] /usr/bin/ld: ../src/libTasks.so.1.8.1: undefined reference to `char fmt::v8::detail::decimal_point_impl<char>(fmt::v8::detail::locale_ref)'
[5.777s] /usr/bin/ld: ../src/libTasks.so.1.8.1: undefined reference to `fmt::v8::detail::dragonbox::decimal_fp<float> fmt::v8::detail::dragonbox::to_decimal<float>(float)'
[5.777s] /usr/bin/ld: ../src/libTasks.so.1.8.1: undefined reference to `int fmt::v8::detail::snprintf_float<long double>(long double, int, fmt::v8::detail::float_specs, fmt::v8::detail::buffer<char>&)'
[5.778s] /usr/bin/ld: ../src/libTasks.so.1.8.1: undefined reference to `fmt::v8::detail::assert_fail(char const*, int, char const*)'
[5.779s] /usr/bin/ld: ../src/libTasks.so.1.8.1: undefined reference to `fmt::v8::detail::dragonbox::decimal_fp<double> fmt::v8::detail::dragonbox::to_decimal<double>(double)'
[5.780s] /usr/bin/ld: ../src/libTasks.so.1.8.1: undefined reference to `fmt::v8::detail::throw_format_error(char const*)'
[5.780s] /usr/bin/ld: ../src/libTasks.so.1.8.1: undefined reference to `int fmt::v8::detail::format_float<double>(double, int, fmt::v8::detail::float_specs, fmt::v8::detail::buffer<char>&)'
[5.780s] /usr/bin/ld: ../src/libTasks.so.1.8.1: undefined reference to `int fmt::v8::detail::format_float<long double>(long double, int, fmt::v8::detail::float_specs, fmt::v8::detail::buffer<char>&)'
[5.787s] collect2: error: ld returned 1 exit status
[5.788s] gmake[2]: *** [tests/CMakeFiles/QPMultiRobotTest.dir/build.make:111: tests/QPMultiRobotTest] Error 1
[5.789s] gmake[2]: Leaving directory '/home/celian/workspace/build/Tasks/Tasks'
[5.789s] gmake[1]: *** [CMakeFiles/Makefile2:1752: tests/CMakeFiles/QPMultiRobotTest.dir/all] Error 2
[5.794s] /usr/bin/ld: ../src/libTasks.so.1.8.1: undefined reference to `fmt::v8::detail::error_handler::on_error(char const*)'
[5.794s] /usr/bin/ld: ../src/libTasks.so.1.8.1: undefined reference to `int fmt::v8::detail::snprintf_float<double>(double, int, fmt::v8::detail::float_specs, fmt::v8::detail::buffer<char>&)'
[5.795s] /usr/bin/ld: ../src/libTasks.so.1.8.1: undefined reference to `fmt::v8::detail::thousands_sep_result<char> fmt::v8::detail::thousands_sep_impl<char>(fmt::v8::detail::locale_ref)'
[5.795s] /usr/bin/ld: ../src/libTasks.so.1.8.1: undefined reference to `char fmt::v8::detail::decimal_point_impl<char>(fmt::v8::detail::locale_ref)'
[5.796s] /usr/bin/ld: ../src/libTasks.so.1.8.1: undefined reference to `fmt::v8::detail::dragonbox::decimal_fp<float> fmt::v8::detail::dragonbox::to_decimal<float>(float)'
[5.796s] /usr/bin/ld: ../src/libTasks.so.1.8.1: undefined reference to `int fmt::v8::detail::snprintf_float<long double>(long double, int, fmt::v8::detail::float_specs, fmt::v8::detail::buffer<char>&)'
[5.796s] /usr/bin/ld: ../src/libTasks.so.1.8.1: undefined reference to `fmt::v8::detail::assert_fail(char const*, int, char const*)'
[5.798s] /usr/bin/ld: ../src/libTasks.so.1.8.1: undefined reference to `fmt::v8::detail::dragonbox::decimal_fp<double> fmt::v8::detail::dragonbox::to_decimal<double>(double)'
[5.799s] /usr/bin/ld: ../src/libTasks.so.1.8.1: undefined reference to `fmt::v8::detail::throw_format_error(char const*)'
[5.799s] /usr/bin/ld: ../src/libTasks.so.1.8.1: undefined reference to `int fmt::v8::detail::format_float<double>(double, int, fmt::v8::detail::float_specs, fmt::v8::detail::buffer<char>&)'
[5.799s] /usr/bin/ld: ../src/libTasks.so.1.8.1: undefined reference to `int fmt::v8::detail::format_float<long double>(long double, int, fmt::v8::detail::float_specs, fmt::v8::detail::buffer<char>&)'
[5.800s] /usr/bin/ld: ../src/libTasks.so.1.8.1: undefined reference to `fmt::v8::detail::error_handler::on_error(char const*)'
[5.801s] /usr/bin/ld: ../src/libTasks.so.1.8.1: undefined reference to `int fmt::v8::detail::snprintf_float<double>(double, int, fmt::v8::detail::float_specs, fmt::v8::detail::buffer<char>&)'
[5.802s] /usr/bin/ld: ../src/libTasks.so.1.8.1: undefined reference to `fmt::v8::detail::thousands_sep_result<char> fmt::v8::detail::thousands_sep_impl<char>(fmt::v8::detail::locale_ref)'
[5.802s] /usr/bin/ld: ../src/libTasks.so.1.8.1: undefined reference to `char fmt::v8::detail::decimal_point_impl<char>(fmt::v8::detail::locale_ref)'
[5.803s] /usr/bin/ld: ../src/libTasks.so.1.8.1: undefined reference to `fmt::v8::detail::dragonbox::decimal_fp<float> fmt::v8::detail::dragonbox::to_decimal<float>(float)'
[5.803s] /usr/bin/ld: ../src/libTasks.so.1.8.1: undefined reference to `int fmt::v8::detail::snprintf_float<long double>(long double, int, fmt::v8::detail::float_specs, fmt::v8::detail::buffer<char>&)'
[5.803s] /usr/bin/ld: ../src/libTasks.so.1.8.1: undefined reference to `fmt::v8::detail::assert_fail(char const*, int, char const*)'
[5.805s] /usr/bin/ld: ../src/libTasks.so.1.8.1: undefined reference to `fmt::v8::detail::dragonbox::decimal_fp<double> fmt::v8::detail::dragonbox::to_decimal<double>(double)'
[5.806s] /usr/bin/ld: ../src/libTasks.so.1.8.1: undefined reference to `fmt::v8::detail::throw_format_error(char const*)'
[5.806s] collect2: error: ld returned 1 exit status
[5.806s] /usr/bin/ld: ../src/libTasks.so.1.8.1: undefined reference to `int fmt::v8::detail::format_float<double>(double, int, fmt::v8::detail::float_specs, fmt::v8::detail::buffer<char>&)'
[5.807s] /usr/bin/ld: ../src/libTasks.so.1.8.1: undefined reference to `int fmt::v8::detail::format_float<long double>(long double, int, fmt::v8::detail::float_specs, fmt::v8::detail::buffer<char>&)'
[5.807s] gmake[2]: *** [tests/CMakeFiles/TasksTest.dir/build.make:111: tests/TasksTest] Error 1
[5.807s] gmake[2]: Leaving directory '/home/celian/workspace/build/Tasks/Tasks'
[5.807s] gmake[1]: *** [CMakeFiles/Makefile2:1784: tests/CMakeFiles/TasksTest.dir/all] Error 2
[5.816s] collect2: error: ld returned 1 exit status
[5.817s] gmake[2]: *** [tests/CMakeFiles/QPSolverTest.dir/build.make:111: tests/QPSolverTest] Error 1
[5.817s] gmake[2]: Leaving directory '/home/celian/workspace/build/Tasks/Tasks'
[5.817s] gmake[1]: *** [CMakeFiles/Makefile2:1720: tests/CMakeFiles/QPSolverTest.dir/all] Error 2
[5.936s] /usr/lib/python3/dist-packages/Cython/Compiler/Main.py:369: FutureWarning: Cython directive 'language_level' not set, using 2 for now (Py2). This will change in a later release! File: /home/celian/workspace/src/Tasks/binding/python/tasks/qp/qp.pxd
[5.936s]   tree = Parsing.p_module(s, pxd, full_module_name)
[5.952s] /usr/lib/python3/dist-packages/Cython/Compiler/Main.py:369: FutureWarning: Cython directive 'language_level' not set, using 2 for now (Py2). This will change in a later release! File: /home/celian/workspace/src/Tasks/binding/python/tasks/tasks.pxd
[5.952s]   tree = Parsing.p_module(s, pxd, full_module_name)
[7.094s] Traceback (most recent call last):
[7.094s]   File "/usr/lib/python3.10/runpy.py", line 196, in _run_module_as_main
[7.094s] gmake[2]: *** Deleting file 'binding/python/Python/tasks/tasks.cpp'
[7.097s]     return _run_code(code, main_globals, None,
[7.097s]   File "/usr/lib/python3.10/runpy.py", line 86, in _run_code
[7.097s]     exec(code, run_globals)
[7.097s]   File "/usr/lib/python3/dist-packages/cython.py", line 17, in <module>
[7.097s]     main(command_line = 1)
[7.097s]   File "/usr/lib/python3/dist-packages/Cython/Compiler/Main.py", line 858, in main
[7.097s]     result = compile(sources, options)
[7.097s]   File "/usr/lib/python3/dist-packages/Cython/Compiler/Main.py", line 780, in compile
[7.097s]     return compile_multiple(source, options)
[7.098s]   File "/usr/lib/python3/dist-packages/Cython/Compiler/Main.py", line 757, in compile_multiple
[7.098s]     result = run_pipeline(source, options, context=context)
[7.098s]   File "/usr/lib/python3/dist-packages/Cython/Compiler/Main.py", line 515, in run_pipeline
[7.098s]     err, enddata = Pipeline.run_pipeline(pipeline, source)
[7.098s]   File "/usr/lib/python3/dist-packages/Cython/Compiler/Pipeline.py", line 355, in run_pipeline
[7.098s]     data = run(phase, data)
[7.098s]   File "/usr/lib/python3/dist-packages/Cython/Compiler/Pipeline.py", line 335, in run
[7.098s]     return phase(data)
[7.098s]   File "Cython/Compiler/Visitor.py", line 302, in Cython.Compiler.Visitor.CythonTransform.__call__
[7.098s] gmake[2]: *** [binding/python/CMakeFiles/tasks_Python.dir/build.make:90: binding/python/Python/tasks/tasks.cpp] Interrupt
[7.098s]   File "Cython/Compiler/Visitor.py", line 284, in Cython.Compiler.Visitor.VisitorTransform.__call__
[7.098s]   File "Cython/Compiler/Visitor.py", line 180, in Cython.Compiler.Visitor.TreeVisitor._visit
[7.099s]   File "/usr/lib/python3/dist-packages/Cython/Compiler/ParseTreeTransforms.py", line 2213, in visit_ModuleNode
[7.099s] gmake[1]: *** [CMakeFiles/Makefile2:1911: binding/python/CMakeFiles/tasks_Python.dir/all] Interrupt
[7.099s]     self.visitchildren(node)
[7.099s]   File "Cython/Compiler/Visitor.py", line 247, in Cython.Compiler.Visitor.VisitorTransform.visitchildren
[7.100s]   File "Cython/Compiler/Visitor.py", line 251, in Cython.Compiler.Visitor.VisitorTransform.visitchildren
[7.100s]   File "Cython/Compiler/Visitor.py", line 260, in Cython.Compiler.Visitor.VisitorTransform._process_children
[7.100s]   File "Cython/Compiler/Visitor.py", line 221, in Cython.Compiler.Visitor.TreeVisitor._visitchildren
[7.100s]   File "Cython/Compiler/Visitor.py", line 193, in Cython.Compiler.Visitor.TreeVisitor._visitchild
[7.100s]   File "Cython/Compiler/Visitor.py", line 180, in Cython.Compiler.Visitor.TreeVisitor._visit
[7.100s]   File "Cython/Compiler/Visitor.py", line 312, in Cython.Compiler.Visitor.CythonTransform.visit_Node
[7.100s]   File "Cython/Compiler/Visitor.py", line 260, in Cython.Compiler.Visitor.VisitorTransform._process_children
[7.100s]   File "Cython/Compiler/Visitor.py", line 219, in Cython.Compiler.Visitor.TreeVisitor._visitchildren
[7.100s]   File "Cython/Compiler/Visitor.py", line 193, in Cython.Compiler.Visitor.TreeVisitor._visitchild
[7.100s]   File "Cython/Compiler/Visitor.py", line 180, in Cython.Compiler.Visitor.TreeVisitor._visit
[7.100s]   File "Cython/Compiler/Visitor.py", line 312, in Cython.Compiler.Visitor.CythonTransform.visit_Node
[7.100s]   File "Cython/Compiler/Visitor.py", line 260, in Cython.Compiler.Visitor.VisitorTransform._process_children
[7.100s]   File "Cython/Compiler/Visitor.py", line 219, in Cython.Compiler.Visitor.TreeVisitor._visitchildren
[7.100s]   File "Cython/Compiler/Visitor.py", line 193, in Cython.Compiler.Visitor.TreeVisitor._visitchild
[7.101s]   File "Cython/Compiler/Visitor.py", line 180, in Cython.Compiler.Visitor.TreeVisitor._visit
[7.101s]   File "Cython/Compiler/Visitor.py", line 312, in Cython.Compiler.Visitor.CythonTransform.visit_Node
[7.101s]   File "Cython/Compiler/Visitor.py", line 260, in Cython.Compiler.Visitor.VisitorTransform._process_children
[7.101s]   File "Cython/Compiler/Visitor.py", line 221, in Cython.Compiler.Visitor.TreeVisitor._visitchildren
[7.101s]   File "Cython/Compiler/Visitor.py", line 193, in Cython.Compiler.Visitor.TreeVisitor._visitchild
[7.101s]   File "Cython/Compiler/Visitor.py", line 180, in Cython.Compiler.Visitor.TreeVisitor._visit
[7.101s]   File "Cython/Compiler/Visitor.py", line 312, in Cython.Compiler.Visitor.CythonTransform.visit_Node
[7.101s]   File "Cython/Compiler/Visitor.py", line 260, in Cython.Compiler.Visitor.VisitorTransform._process_children
[7.101s]   File "Cython/Compiler/Visitor.py", line 219, in Cython.Compiler.Visitor.TreeVisitor._visitchildren
[7.101s]   File "Cython/Compiler/Visitor.py", line 193, in Cython.Compiler.Visitor.TreeVisitor._visitchild
[7.101s]   File "Cython/Compiler/Visitor.py", line 180, in Cython.Compiler.Visitor.TreeVisitor._visit
[7.101s]   File "Cython/Compiler/Visitor.py", line 312, in Cython.Compiler.Visitor.CythonTransform.visit_Node
[7.101s]   File "Cython/Compiler/Visitor.py", line 260, in Cython.Compiler.Visitor.VisitorTransform._process_children
[7.101s]   File "Cython/Compiler/Visitor.py", line 221, in Cython.Compiler.Visitor.TreeVisitor._visitchildren
[7.101s]   File "Cython/Compiler/Visitor.py", line 193, in Cython.Compiler.Visitor.TreeVisitor._visitchild
[7.102s]   File "Cython/Compiler/Visitor.py", line 180, in Cython.Compiler.Visitor.TreeVisitor._visit
[7.102s]   File "Cython/Compiler/Visitor.py", line 312, in Cython.Compiler.Visitor.CythonTransform.visit_Node
[7.102s]   File "Cython/Compiler/Visitor.py", line 260, in Cython.Compiler.Visitor.VisitorTransform._process_children
[7.102s]   File "Cython/Compiler/Visitor.py", line 219, in Cython.Compiler.Visitor.TreeVisitor._visitchildren
[7.102s]   File "Cython/Compiler/Visitor.py", line 193, in Cython.Compiler.Visitor.TreeVisitor._visitchild
[7.102s]   File "Cython/Compiler/Visitor.py", line 180, in Cython.Compiler.Visitor.TreeVisitor._visit
[7.102s]   File "/usr/lib/python3/dist-packages/Cython/Compiler/ParseTreeTransforms.py", line 2219, in visit_FuncDefNode
[7.102s]     self.visitchildren(node)
[7.102s] KeyboardInterrupt
[7.625s] gmake[2]: *** [binding/python/CMakeFiles/tasks_qp_Python.dir/build.make:90: binding/python/Python/tasks/qp/qp.cpp] Interrupt
[7.626s] gmake[1]: *** [CMakeFiles/Makefile2:1975: binding/python/CMakeFiles/tasks_qp_Python.dir/all] Interrupt
[7.626s] gmake: *** [Makefile:149: all] Interrupt
[7.627s] Invoked command in '/home/celian/workspace/src/Tasks/build/Tasks' returned '-2': /usr/bin/cmake --build /home/celian/workspace/src/Tasks/build/Tasks -- -j22 -l22
